{"uid":"3c872b77f1deba94","name":"Checking Order synchronization  ","fullName":"TestOrder.TestOrder#test_check_order_synchronization_for_Store_1___frugal_latido_com_np____Test_123____Ek__male_____Black_Sheep____38____Silver____Black____No____40____Fit___8__7___33___11__5__9__12__46___6___5_6___Test_002___20000__1000___101011__","historyId":"1faca981c0d85d71d58cc2ef7f6e2c2e","time":{"start":1687501213062,"stop":1687501300728,"duration":87666},"description":"Checking Order synchronization after creating a New Order for store","descriptionHtml":"<p>Checking Order synchronization after creating a New Order for store</p>\n","status":"broken","statusMessage":"AttributeError: 'TestOrder' object has no attribute 'log'","statusTrace":"self = <TestsCases.TestOrder.TestOrder testMethod=test_check_order_synchronization_for_Store_1___frugal_latido_com_np____Test..._38____Silver____Black____No____40____Fit___8__7___33___11__5__9__12__46___6___5_6___Test_002___20000__1000___101011__>\nusername = 'frugal@latido.com.np', password = 'Test@123'\nproductname = 'Ek (male)', leatherProfile = 'Black Sheep', leatherSize = '38'\nhardware = 'Silver', lining = 'Black', polyfill = 'No', size = '40'\nbodytype = 'Fit', length = 8, chest = 7, waist = '33', hips = 11, shoulder = 5\nsleeves = 9, arms = 12, weight = 46, front = '6', armhole = 5.6\nremarks = 'Test 002', price = 20000, discount = 1000, OTP = '101011'\n\n    @allure.title(\"Checking Order synchronization  \")\n    @allure.description(\"Checking Order synchronization after creating a New Order for store\")\n    @allure.severity(allure.severity_level.NORMAL)\n    @data(*Utils.read_xlsx(\"../TestData/OrderTestData/orderTestCase.xlsx\", \"forStore\"))\n    @unpack\n    def test_check_order_synchronization_for_Store(self, username, password, productname, leatherProfile, leatherSize, hardware, lining,\n                                polyfill, size, bodytype, length, chest, waist, hips, shoulder, sleeves, arms, weight, front,\n                                armhole, remarks, price, discount, OTP):\n        # Login with Admin\n        self.LoginMethod.nativelogin(username, password)\n        try:\n            self.assertEqual(\n>               self.Order.navigate_to_store_order_list(productname, leatherProfile, leatherSize, hardware, lining, polyfill,\n                                             size, bodytype, length, chest, waist, hips, shoulder, sleeves, arms,\n                                             weight, front, armhole, remarks, price, discount, OTP), True,\n                msg=\"Verification Failed to Create a new user.\")\n\nTestOrder.py:142: \n_ _ _ _ _ _ _ _ _ _ _ _ _ _ _ _ _ _ _ _ _ _ _ _ _ _ _ _ _ _ _ _ _ _ _ _ _ _ _ _\n\nself = <executions.OrdersExecutions.OrderMethods.OrderMethod object at 0x00000155ADE11ED0>\nproductname = 'Ek (male)', leatherProfile = 'Black Sheep', leatherSize = '38'\nhardware = 'Silver', lining = 'Black', polyfill = 'No', size = '40'\nbodytype = 'Fit', length = 8, chest = 7, waist = '33', hips = 11, shoulder = 5\nsleeves = 9, arms = 12, weight = 46, front = '6', armhole = 5.6\nremarks = 'Test 002', price = 20000, discount = 1000, OTP = '101011'\n\n    def navigate_to_store_order_list(self, productname, leatherProfile, leatherSize, hardware, lining, polyfill,\n                                     size, bodytype, length, chest, waist, hips, shoulder, sleeves, arms, weight, front,\n                                     armhole, remarks, price, discount, OTP):\n    \n        self.createOrder_Store(productname, leatherProfile, leatherSize, hardware, lining, polyfill,\n                               size, bodytype, length, chest, waist, hips, shoulder, sleeves, arms, weight, front,\n                               armhole, remarks, price, discount, OTP)\n        self.order_ls.click_on_goto_order()\n        self.order_ls.click_on_store()\n>       self.order_ls.get_latest_store_orderID().click()\nE       AttributeError: 'NoneType' object has no attribute 'click'\n\n..\\executions\\OrdersExecutions\\OrderMethods.py:355: AttributeError\n\nDuring handling of the above exception, another exception occurred:\n\nself = <TestsCases.TestOrder.TestOrder testMethod=test_check_order_synchronization_for_Store_1___frugal_latido_com_np____Test..._38____Silver____Black____No____40____Fit___8__7___33___11__5__9__12__46___6___5_6___Test_002___20000__1000___101011__>\nusername = 'frugal@latido.com.np', password = 'Test@123'\nproductname = 'Ek (male)', leatherProfile = 'Black Sheep', leatherSize = '38'\nhardware = 'Silver', lining = 'Black', polyfill = 'No', size = '40'\nbodytype = 'Fit', length = 8, chest = 7, waist = '33', hips = 11, shoulder = 5\nsleeves = 9, arms = 12, weight = 46, front = '6', armhole = 5.6\nremarks = 'Test 002', price = 20000, discount = 1000, OTP = '101011'\n\n    @allure.title(\"Checking Order synchronization  \")\n    @allure.description(\"Checking Order synchronization after creating a New Order for store\")\n    @allure.severity(allure.severity_level.NORMAL)\n    @data(*Utils.read_xlsx(\"../TestData/OrderTestData/orderTestCase.xlsx\", \"forStore\"))\n    @unpack\n    def test_check_order_synchronization_for_Store(self, username, password, productname, leatherProfile, leatherSize, hardware, lining,\n                                polyfill, size, bodytype, length, chest, waist, hips, shoulder, sleeves, arms, weight, front,\n                                armhole, remarks, price, discount, OTP):\n        # Login with Admin\n        self.LoginMethod.nativelogin(username, password)\n        try:\n            self.assertEqual(\n                self.Order.navigate_to_store_order_list(productname, leatherProfile, leatherSize, hardware, lining, polyfill,\n                                             size, bodytype, length, chest, waist, hips, shoulder, sleeves, arms,\n                                             weight, front, armhole, remarks, price, discount, OTP), True,\n                msg=\"Verification Failed to Create a new user.\")\n    \n        # Checking if assertion failed\n        except (NoSuchElementException, AssertionError, TimeoutException, AttributeError) as e:\n            allure.attach(self.driver.get_screenshot_as_png(), name=\"Creating order for Store.\",\n                          attachment_type=AttachmentType.PNG)\n>           self.log.error(f\"Assertion failed here while finding element. {str(e)}\")\nE           AttributeError: 'TestOrder' object has no attribute 'log'\n\nTestOrder.py:151: AttributeError","flaky":false,"newFailed":false,"newBroken":true,"newPassed":false,"retriesCount":0,"retriesStatusChange":false,"beforeStages":[{"name":"_unittest_setUpClass_fixture_TestOrder","time":{"start":1687500628072,"stop":1687500628072,"duration":0},"status":"passed","steps":[],"attachments":[],"parameters":[],"attachmentsCount":0,"shouldDisplayMessage":false,"stepsCount":0,"hasContent":false}],"testStage":{"description":"Checking Order synchronization after creating a New Order for store","status":"broken","statusMessage":"AttributeError: 'TestOrder' object has no attribute 'log'","statusTrace":"self = <TestsCases.TestOrder.TestOrder testMethod=test_check_order_synchronization_for_Store_1___frugal_latido_com_np____Test..._38____Silver____Black____No____40____Fit___8__7___33___11__5__9__12__46___6___5_6___Test_002___20000__1000___101011__>\nusername = 'frugal@latido.com.np', password = 'Test@123'\nproductname = 'Ek (male)', leatherProfile = 'Black Sheep', leatherSize = '38'\nhardware = 'Silver', lining = 'Black', polyfill = 'No', size = '40'\nbodytype = 'Fit', length = 8, chest = 7, waist = '33', hips = 11, shoulder = 5\nsleeves = 9, arms = 12, weight = 46, front = '6', armhole = 5.6\nremarks = 'Test 002', price = 20000, discount = 1000, OTP = '101011'\n\n    @allure.title(\"Checking Order synchronization  \")\n    @allure.description(\"Checking Order synchronization after creating a New Order for store\")\n    @allure.severity(allure.severity_level.NORMAL)\n    @data(*Utils.read_xlsx(\"../TestData/OrderTestData/orderTestCase.xlsx\", \"forStore\"))\n    @unpack\n    def test_check_order_synchronization_for_Store(self, username, password, productname, leatherProfile, leatherSize, hardware, lining,\n                                polyfill, size, bodytype, length, chest, waist, hips, shoulder, sleeves, arms, weight, front,\n                                armhole, remarks, price, discount, OTP):\n        # Login with Admin\n        self.LoginMethod.nativelogin(username, password)\n        try:\n            self.assertEqual(\n>               self.Order.navigate_to_store_order_list(productname, leatherProfile, leatherSize, hardware, lining, polyfill,\n                                             size, bodytype, length, chest, waist, hips, shoulder, sleeves, arms,\n                                             weight, front, armhole, remarks, price, discount, OTP), True,\n                msg=\"Verification Failed to Create a new user.\")\n\nTestOrder.py:142: \n_ _ _ _ _ _ _ _ _ _ _ _ _ _ _ _ _ _ _ _ _ _ _ _ _ _ _ _ _ _ _ _ _ _ _ _ _ _ _ _\n\nself = <executions.OrdersExecutions.OrderMethods.OrderMethod object at 0x00000155ADE11ED0>\nproductname = 'Ek (male)', leatherProfile = 'Black Sheep', leatherSize = '38'\nhardware = 'Silver', lining = 'Black', polyfill = 'No', size = '40'\nbodytype = 'Fit', length = 8, chest = 7, waist = '33', hips = 11, shoulder = 5\nsleeves = 9, arms = 12, weight = 46, front = '6', armhole = 5.6\nremarks = 'Test 002', price = 20000, discount = 1000, OTP = '101011'\n\n    def navigate_to_store_order_list(self, productname, leatherProfile, leatherSize, hardware, lining, polyfill,\n                                     size, bodytype, length, chest, waist, hips, shoulder, sleeves, arms, weight, front,\n                                     armhole, remarks, price, discount, OTP):\n    \n        self.createOrder_Store(productname, leatherProfile, leatherSize, hardware, lining, polyfill,\n                               size, bodytype, length, chest, waist, hips, shoulder, sleeves, arms, weight, front,\n                               armhole, remarks, price, discount, OTP)\n        self.order_ls.click_on_goto_order()\n        self.order_ls.click_on_store()\n>       self.order_ls.get_latest_store_orderID().click()\nE       AttributeError: 'NoneType' object has no attribute 'click'\n\n..\\executions\\OrdersExecutions\\OrderMethods.py:355: AttributeError\n\nDuring handling of the above exception, another exception occurred:\n\nself = <TestsCases.TestOrder.TestOrder testMethod=test_check_order_synchronization_for_Store_1___frugal_latido_com_np____Test..._38____Silver____Black____No____40____Fit___8__7___33___11__5__9__12__46___6___5_6___Test_002___20000__1000___101011__>\nusername = 'frugal@latido.com.np', password = 'Test@123'\nproductname = 'Ek (male)', leatherProfile = 'Black Sheep', leatherSize = '38'\nhardware = 'Silver', lining = 'Black', polyfill = 'No', size = '40'\nbodytype = 'Fit', length = 8, chest = 7, waist = '33', hips = 11, shoulder = 5\nsleeves = 9, arms = 12, weight = 46, front = '6', armhole = 5.6\nremarks = 'Test 002', price = 20000, discount = 1000, OTP = '101011'\n\n    @allure.title(\"Checking Order synchronization  \")\n    @allure.description(\"Checking Order synchronization after creating a New Order for store\")\n    @allure.severity(allure.severity_level.NORMAL)\n    @data(*Utils.read_xlsx(\"../TestData/OrderTestData/orderTestCase.xlsx\", \"forStore\"))\n    @unpack\n    def test_check_order_synchronization_for_Store(self, username, password, productname, leatherProfile, leatherSize, hardware, lining,\n                                polyfill, size, bodytype, length, chest, waist, hips, shoulder, sleeves, arms, weight, front,\n                                armhole, remarks, price, discount, OTP):\n        # Login with Admin\n        self.LoginMethod.nativelogin(username, password)\n        try:\n            self.assertEqual(\n                self.Order.navigate_to_store_order_list(productname, leatherProfile, leatherSize, hardware, lining, polyfill,\n                                             size, bodytype, length, chest, waist, hips, shoulder, sleeves, arms,\n                                             weight, front, armhole, remarks, price, discount, OTP), True,\n                msg=\"Verification Failed to Create a new user.\")\n    \n        # Checking if assertion failed\n        except (NoSuchElementException, AssertionError, TimeoutException, AttributeError) as e:\n            allure.attach(self.driver.get_screenshot_as_png(), name=\"Creating order for Store.\",\n                          attachment_type=AttachmentType.PNG)\n>           self.log.error(f\"Assertion failed here while finding element. {str(e)}\")\nE           AttributeError: 'TestOrder' object has no attribute 'log'\n\nTestOrder.py:151: AttributeError","steps":[],"attachments":[{"uid":"20b9a8cad5a38275","name":"Creating order for Store.","source":"20b9a8cad5a38275.png","type":"image/png","size":105776},{"uid":"8c332f31fb77e73a","name":"log","source":"8c332f31fb77e73a.txt","type":"text/plain","size":4943}],"parameters":[],"attachmentsCount":2,"shouldDisplayMessage":true,"stepsCount":0,"hasContent":true},"afterStages":[{"name":"_unittest_setUpClass_fixture_TestOrder::0","time":{"start":1687502716177,"stop":1687502716177,"duration":0},"status":"passed","steps":[],"attachments":[],"parameters":[],"attachmentsCount":0,"shouldDisplayMessage":false,"stepsCount":0,"hasContent":false}],"labels":[{"name":"feature","value":"Order List"},{"name":"severity","value":"normal"},{"name":"suite","value":"TestOrder"},{"name":"subSuite","value":"TestOrder"},{"name":"host","value":"0day"},{"name":"thread","value":"2692-MainThread"},{"name":"framework","value":"pytest"},{"name":"language","value":"cpython3"},{"name":"package","value":"TestOrder"},{"name":"resultFormat","value":"allure2"}],"parameters":[],"links":[],"hidden":false,"retry":false,"extra":{"severity":"normal","retries":[],"categories":[{"name":"Test defects","matchedStatuses":[],"flaky":false}],"history":{"statistic":{"failed":0,"broken":2,"skipped":0,"passed":7,"unknown":0,"total":9},"items":[{"uid":"70a5eb3689863ae0","status":"passed","time":{"start":1686890856513,"stop":1686890915227,"duration":58714}},{"uid":"6ef3969f47ee080d","status":"passed","time":{"start":1686287533828,"stop":1686287595780,"duration":61952}},{"uid":"c7e3aabf7bcefaf8","status":"passed","time":{"start":1685710067546,"stop":1685710123674,"duration":56128}},{"uid":"73f647fd197ab5ad","status":"passed","time":{"start":1685344286046,"stop":1685344341214,"duration":55168}},{"uid":"60ea04789dc776ac","status":"passed","time":{"start":1685107342564,"stop":1685107398040,"duration":55476}},{"uid":"9b20142eab3a4525","status":"broken","statusDetails":"selenium.common.exceptions.NoSuchElementException: Message: no such element: Unable to locate element: {\"method\":\"xpath\",\"selector\":\"/html/body/div[11]/div/div[2]/div/div[2]/div[2]/form/input\"}\n  (Session info: chrome=113.0.5672.127)\nStacktrace:\nBacktrace:\n\tGetHandleVerifier [0x00FC8893+48451]\n\t(No symbol) [0x00F5B8A1]\n\t(No symbol) [0x00E65058]\n\t(No symbol) [0x00E90467]\n\t(No symbol) [0x00E9069B]\n\t(No symbol) [0x00EBDD92]\n\t(No symbol) [0x00EAA304]\n\t(No symbol) [0x00EBC482]\n\t(No symbol) [0x00EAA0B6]\n\t(No symbol) [0x00E87E08]\n\t(No symbol) [0x00E88F2D]\n\tGetHandleVerifier [0x01228E3A+2540266]\n\tGetHandleVerifier [0x01268959+2801161]\n\tGetHandleVerifier [0x0126295C+2776588]\n\tGetHandleVerifier [0x01052280+612144]\n\t(No symbol) [0x00F64F6C]\n\t(No symbol) [0x00F611D8]\n\t(No symbol) [0x00F612BB]\n\t(No symbol) [0x00F54857]\n\tBaseThreadInitThunk [0x75467D59+25]\n\tRtlInitializeExceptionChain [0x777AB74B+107]\n\tRtlClearBits [0x777AB6CF+191]","time":{"start":1685022340240,"stop":1685022368118,"duration":27878}},{"uid":"6489ce2f13b095ff","status":"passed","time":{"start":1684415897131,"stop":1684415963154,"duration":66023}},{"uid":"fadcbfc3ee1de050","status":"passed","time":{"start":1683886660012,"stop":1683886715591,"duration":55579}}]},"tags":[]},"source":"3c872b77f1deba94.json","parameterValues":[]}