{"uid":"6b171359179375cc","name":"Create a New Order for store","fullName":"TestOrder.TestOrder#test_create_order_store_5___frugal_latido_com_np____Test_123____Luigi__male_____Mahogany_Antique____41____Golden_Antique____Black____Yes____40____Comfort___8__7___34___11__5__9__12__46___7___5_6___Test_003___20000__1000___101012__","historyId":"c69b2dffe4658ab59a41f868be389d26","time":{"start":1687502660682,"stop":1687502716074,"duration":55392},"description":"Create a New Order for store","descriptionHtml":"<p>Create a New Order for store</p>\n","status":"broken","statusMessage":"AttributeError: 'TestOrder' object has no attribute 'log'","statusTrace":"self = <TestsCases.TestOrder.TestOrder testMethod=test_create_order_store_5___frugal_latido_com_np____Test_123____Luigi__male..._Antique____Black____Yes____40____Comfort___8__7___34___11__5__9__12__46___7___5_6___Test_003___20000__1000___101012__>\nusername = 'frugal@latido.com.np', password = 'Test@123'\nproductname = 'Luigi (male)', leatherProfile = 'Mahogany Antique'\nleatherSize = '41', hardware = 'Golden Antique', lining = 'Black'\npolyfill = 'Yes', size = '40', bodytype = 'Comfort', length = 8, chest = 7\nwaist = '34', hips = 11, shoulder = 5, sleeves = 9, arms = 12, weight = 46\nfront = '7', armhole = 5.6, remarks = 'Test 003', price = 20000, discount = 1000\nOTP = '101012'\n\n    @allure.title(\"Create a New Order for store\")\n    @allure.description(\"Create a New Order for store\")\n    @allure.severity(allure.severity_level.NORMAL)\n    @data(*Utils.read_xlsx(\"../TestData/OrderTestData/orderTestCase.xlsx\", \"forStore\"))\n    @unpack\n    def test_create_order_store(self, username, password, productname, leatherProfile, leatherSize, hardware, lining,\n                                polyfill, size, bodytype, length, chest, waist, hips, shoulder, sleeves, arms, weight, front,\n                                armhole, remarks, price, discount, OTP):\n        # Login with Admin\n        self.LoginMethod.nativelogin(username, password)\n        try:\n>           self.assertEqual(\n                self.Order.createOrder_Store(productname, leatherProfile, leatherSize, hardware, lining, polyfill,\n                                             size, bodytype, length, chest, waist, hips, shoulder, sleeves, arms,\n                                             weight, front, armhole, remarks, price, discount, OTP),\n                \"Order Succesfully Created\",\n                msg=\"Verification Failed to Create a new user.\")\n\nTestOrder.py:93: \n_ _ _ _ _ _ _ _ _ _ _ _ _ _ _ _ _ _ _ _ _ _ _ _ _ _ _ _ _ _ _ _ _ _ _ _ _ _ _ _\n\nself = <TestsCases.TestOrder.TestOrder testMethod=test_create_order_store_5___frugal_latido_com_np____Test_123____Luigi__male..._Antique____Black____Yes____40____Comfort___8__7___34___11__5__9__12__46___7___5_6___Test_003___20000__1000___101012__>\nfirst = None, second = 'Order Succesfully Created'\nmsg = 'Verification Failed to Create a new user.'\n\n    def _patched_equals(self, first, second, msg=None):\n        try:\n>           old(self, first, second, msg)\n\nC:\\Program Files\\JetBrains\\PyCharm Community Edition 2022.3.3\\plugins\\python-ce\\helpers\\pycharm\\teamcity\\diff_tools.py:33: \n_ _ _ _ _ _ _ _ _ _ _ _ _ _ _ _ _ _ _ _ _ _ _ _ _ _ _ _ _ _ _ _ _ _ _ _ _ _ _ _\n\nself = <TestsCases.TestOrder.TestOrder testMethod=test_create_order_store_5___frugal_latido_com_np____Test_123____Luigi__male..._Antique____Black____Yes____40____Comfort___8__7___34___11__5__9__12__46___7___5_6___Test_003___20000__1000___101012__>\nfirst = None, second = 'Order Succesfully Created'\nmsg = 'Verification Failed to Create a new user.'\n\n    def assertEqual(self, first, second, msg=None):\n        \"\"\"Fail if the two objects are unequal as determined by the '=='\n           operator.\n        \"\"\"\n        assertion_func = self._getAssertEqualityFunc(first, second)\n>       assertion_func(first, second, msg=msg)\n\nC:\\Users\\HP\\AppData\\Local\\Programs\\Python\\Python310\\lib\\unittest\\case.py:845: \n_ _ _ _ _ _ _ _ _ _ _ _ _ _ _ _ _ _ _ _ _ _ _ _ _ _ _ _ _ _ _ _ _ _ _ _ _ _ _ _\n\nself = <TestsCases.TestOrder.TestOrder testMethod=test_create_order_store_5___frugal_latido_com_np____Test_123____Luigi__male..._Antique____Black____Yes____40____Comfort___8__7___34___11__5__9__12__46___7___5_6___Test_003___20000__1000___101012__>\nfirst = None, second = 'Order Succesfully Created'\nmsg = \"None != 'Order Succesfully Created' : Verification Failed to Create a new user.\"\n\n    def _baseAssertEqual(self, first, second, msg=None):\n        \"\"\"The default assertEqual implementation, not type specific.\"\"\"\n        if not first == second:\n            standardMsg = '%s != %s' % _common_shorten_repr(first, second)\n            msg = self._formatMessage(msg, standardMsg)\n>           raise self.failureException(msg)\nE           AssertionError: None != 'Order Succesfully Created' : Verification Failed to Create a new user.\n\nC:\\Users\\HP\\AppData\\Local\\Programs\\Python\\Python310\\lib\\unittest\\case.py:838: AssertionError\n\nDuring handling of the above exception, another exception occurred:\n\nself = <TestsCases.TestOrder.TestOrder testMethod=test_create_order_store_5___frugal_latido_com_np____Test_123____Luigi__male..._Antique____Black____Yes____40____Comfort___8__7___34___11__5__9__12__46___7___5_6___Test_003___20000__1000___101012__>\nusername = 'frugal@latido.com.np', password = 'Test@123'\nproductname = 'Luigi (male)', leatherProfile = 'Mahogany Antique'\nleatherSize = '41', hardware = 'Golden Antique', lining = 'Black'\npolyfill = 'Yes', size = '40', bodytype = 'Comfort', length = 8, chest = 7\nwaist = '34', hips = 11, shoulder = 5, sleeves = 9, arms = 12, weight = 46\nfront = '7', armhole = 5.6, remarks = 'Test 003', price = 20000, discount = 1000\nOTP = '101012'\n\n    @allure.title(\"Create a New Order for store\")\n    @allure.description(\"Create a New Order for store\")\n    @allure.severity(allure.severity_level.NORMAL)\n    @data(*Utils.read_xlsx(\"../TestData/OrderTestData/orderTestCase.xlsx\", \"forStore\"))\n    @unpack\n    def test_create_order_store(self, username, password, productname, leatherProfile, leatherSize, hardware, lining,\n                                polyfill, size, bodytype, length, chest, waist, hips, shoulder, sleeves, arms, weight, front,\n                                armhole, remarks, price, discount, OTP):\n        # Login with Admin\n        self.LoginMethod.nativelogin(username, password)\n        try:\n            self.assertEqual(\n                self.Order.createOrder_Store(productname, leatherProfile, leatherSize, hardware, lining, polyfill,\n                                             size, bodytype, length, chest, waist, hips, shoulder, sleeves, arms,\n                                             weight, front, armhole, remarks, price, discount, OTP),\n                \"Order Succesfully Created\",\n                msg=\"Verification Failed to Create a new user.\")\n    \n        # Checking if assertion failed\n        except (NoSuchElementException, AssertionError, TimeoutException, AttributeError) as e:\n            allure.attach(self.driver.get_screenshot_as_png(), name=\"Creating order for Store.\",\n                          attachment_type=AttachmentType.PNG)\n>           self.log.error(f\"Assertion failed here while finding element. {str(e)}\")\nE           AttributeError: 'TestOrder' object has no attribute 'log'\n\nTestOrder.py:104: AttributeError","flaky":false,"newFailed":false,"newBroken":true,"newPassed":false,"retriesCount":0,"retriesStatusChange":false,"beforeStages":[{"name":"_unittest_setUpClass_fixture_TestOrder","time":{"start":1687500628072,"stop":1687500628072,"duration":0},"status":"passed","steps":[],"attachments":[],"parameters":[],"attachmentsCount":0,"shouldDisplayMessage":false,"stepsCount":0,"hasContent":false}],"testStage":{"description":"Create a New Order for store","status":"broken","statusMessage":"AttributeError: 'TestOrder' object has no attribute 'log'","statusTrace":"self = <TestsCases.TestOrder.TestOrder testMethod=test_create_order_store_5___frugal_latido_com_np____Test_123____Luigi__male..._Antique____Black____Yes____40____Comfort___8__7___34___11__5__9__12__46___7___5_6___Test_003___20000__1000___101012__>\nusername = 'frugal@latido.com.np', password = 'Test@123'\nproductname = 'Luigi (male)', leatherProfile = 'Mahogany Antique'\nleatherSize = '41', hardware = 'Golden Antique', lining = 'Black'\npolyfill = 'Yes', size = '40', bodytype = 'Comfort', length = 8, chest = 7\nwaist = '34', hips = 11, shoulder = 5, sleeves = 9, arms = 12, weight = 46\nfront = '7', armhole = 5.6, remarks = 'Test 003', price = 20000, discount = 1000\nOTP = '101012'\n\n    @allure.title(\"Create a New Order for store\")\n    @allure.description(\"Create a New Order for store\")\n    @allure.severity(allure.severity_level.NORMAL)\n    @data(*Utils.read_xlsx(\"../TestData/OrderTestData/orderTestCase.xlsx\", \"forStore\"))\n    @unpack\n    def test_create_order_store(self, username, password, productname, leatherProfile, leatherSize, hardware, lining,\n                                polyfill, size, bodytype, length, chest, waist, hips, shoulder, sleeves, arms, weight, front,\n                                armhole, remarks, price, discount, OTP):\n        # Login with Admin\n        self.LoginMethod.nativelogin(username, password)\n        try:\n>           self.assertEqual(\n                self.Order.createOrder_Store(productname, leatherProfile, leatherSize, hardware, lining, polyfill,\n                                             size, bodytype, length, chest, waist, hips, shoulder, sleeves, arms,\n                                             weight, front, armhole, remarks, price, discount, OTP),\n                \"Order Succesfully Created\",\n                msg=\"Verification Failed to Create a new user.\")\n\nTestOrder.py:93: \n_ _ _ _ _ _ _ _ _ _ _ _ _ _ _ _ _ _ _ _ _ _ _ _ _ _ _ _ _ _ _ _ _ _ _ _ _ _ _ _\n\nself = <TestsCases.TestOrder.TestOrder testMethod=test_create_order_store_5___frugal_latido_com_np____Test_123____Luigi__male..._Antique____Black____Yes____40____Comfort___8__7___34___11__5__9__12__46___7___5_6___Test_003___20000__1000___101012__>\nfirst = None, second = 'Order Succesfully Created'\nmsg = 'Verification Failed to Create a new user.'\n\n    def _patched_equals(self, first, second, msg=None):\n        try:\n>           old(self, first, second, msg)\n\nC:\\Program Files\\JetBrains\\PyCharm Community Edition 2022.3.3\\plugins\\python-ce\\helpers\\pycharm\\teamcity\\diff_tools.py:33: \n_ _ _ _ _ _ _ _ _ _ _ _ _ _ _ _ _ _ _ _ _ _ _ _ _ _ _ _ _ _ _ _ _ _ _ _ _ _ _ _\n\nself = <TestsCases.TestOrder.TestOrder testMethod=test_create_order_store_5___frugal_latido_com_np____Test_123____Luigi__male..._Antique____Black____Yes____40____Comfort___8__7___34___11__5__9__12__46___7___5_6___Test_003___20000__1000___101012__>\nfirst = None, second = 'Order Succesfully Created'\nmsg = 'Verification Failed to Create a new user.'\n\n    def assertEqual(self, first, second, msg=None):\n        \"\"\"Fail if the two objects are unequal as determined by the '=='\n           operator.\n        \"\"\"\n        assertion_func = self._getAssertEqualityFunc(first, second)\n>       assertion_func(first, second, msg=msg)\n\nC:\\Users\\HP\\AppData\\Local\\Programs\\Python\\Python310\\lib\\unittest\\case.py:845: \n_ _ _ _ _ _ _ _ _ _ _ _ _ _ _ _ _ _ _ _ _ _ _ _ _ _ _ _ _ _ _ _ _ _ _ _ _ _ _ _\n\nself = <TestsCases.TestOrder.TestOrder testMethod=test_create_order_store_5___frugal_latido_com_np____Test_123____Luigi__male..._Antique____Black____Yes____40____Comfort___8__7___34___11__5__9__12__46___7___5_6___Test_003___20000__1000___101012__>\nfirst = None, second = 'Order Succesfully Created'\nmsg = \"None != 'Order Succesfully Created' : Verification Failed to Create a new user.\"\n\n    def _baseAssertEqual(self, first, second, msg=None):\n        \"\"\"The default assertEqual implementation, not type specific.\"\"\"\n        if not first == second:\n            standardMsg = '%s != %s' % _common_shorten_repr(first, second)\n            msg = self._formatMessage(msg, standardMsg)\n>           raise self.failureException(msg)\nE           AssertionError: None != 'Order Succesfully Created' : Verification Failed to Create a new user.\n\nC:\\Users\\HP\\AppData\\Local\\Programs\\Python\\Python310\\lib\\unittest\\case.py:838: AssertionError\n\nDuring handling of the above exception, another exception occurred:\n\nself = <TestsCases.TestOrder.TestOrder testMethod=test_create_order_store_5___frugal_latido_com_np____Test_123____Luigi__male..._Antique____Black____Yes____40____Comfort___8__7___34___11__5__9__12__46___7___5_6___Test_003___20000__1000___101012__>\nusername = 'frugal@latido.com.np', password = 'Test@123'\nproductname = 'Luigi (male)', leatherProfile = 'Mahogany Antique'\nleatherSize = '41', hardware = 'Golden Antique', lining = 'Black'\npolyfill = 'Yes', size = '40', bodytype = 'Comfort', length = 8, chest = 7\nwaist = '34', hips = 11, shoulder = 5, sleeves = 9, arms = 12, weight = 46\nfront = '7', armhole = 5.6, remarks = 'Test 003', price = 20000, discount = 1000\nOTP = '101012'\n\n    @allure.title(\"Create a New Order for store\")\n    @allure.description(\"Create a New Order for store\")\n    @allure.severity(allure.severity_level.NORMAL)\n    @data(*Utils.read_xlsx(\"../TestData/OrderTestData/orderTestCase.xlsx\", \"forStore\"))\n    @unpack\n    def test_create_order_store(self, username, password, productname, leatherProfile, leatherSize, hardware, lining,\n                                polyfill, size, bodytype, length, chest, waist, hips, shoulder, sleeves, arms, weight, front,\n                                armhole, remarks, price, discount, OTP):\n        # Login with Admin\n        self.LoginMethod.nativelogin(username, password)\n        try:\n            self.assertEqual(\n                self.Order.createOrder_Store(productname, leatherProfile, leatherSize, hardware, lining, polyfill,\n                                             size, bodytype, length, chest, waist, hips, shoulder, sleeves, arms,\n                                             weight, front, armhole, remarks, price, discount, OTP),\n                \"Order Succesfully Created\",\n                msg=\"Verification Failed to Create a new user.\")\n    \n        # Checking if assertion failed\n        except (NoSuchElementException, AssertionError, TimeoutException, AttributeError) as e:\n            allure.attach(self.driver.get_screenshot_as_png(), name=\"Creating order for Store.\",\n                          attachment_type=AttachmentType.PNG)\n>           self.log.error(f\"Assertion failed here while finding element. {str(e)}\")\nE           AttributeError: 'TestOrder' object has no attribute 'log'\n\nTestOrder.py:104: AttributeError","steps":[],"attachments":[{"uid":"7363d6ff5c6eb064","name":"Creating order for Store.","source":"7363d6ff5c6eb064.png","type":"image/png","size":106356},{"uid":"3ac9155b14986822","name":"log","source":"3ac9155b14986822.txt","type":"text/plain","size":2560}],"parameters":[],"attachmentsCount":2,"shouldDisplayMessage":true,"stepsCount":0,"hasContent":true},"afterStages":[{"name":"_unittest_setUpClass_fixture_TestOrder::0","time":{"start":1687502716177,"stop":1687502716177,"duration":0},"status":"passed","steps":[],"attachments":[],"parameters":[],"attachmentsCount":0,"shouldDisplayMessage":false,"stepsCount":0,"hasContent":false}],"labels":[{"name":"feature","value":"Order List"},{"name":"severity","value":"normal"},{"name":"suite","value":"TestOrder"},{"name":"subSuite","value":"TestOrder"},{"name":"host","value":"0day"},{"name":"thread","value":"2692-MainThread"},{"name":"framework","value":"pytest"},{"name":"language","value":"cpython3"},{"name":"package","value":"TestOrder"},{"name":"resultFormat","value":"allure2"}],"parameters":[],"links":[],"hidden":false,"retry":false,"extra":{"severity":"normal","retries":[],"categories":[{"name":"Test defects","matchedStatuses":[],"flaky":false}],"history":{"statistic":{"failed":0,"broken":2,"skipped":0,"passed":8,"unknown":0,"total":10},"items":[{"uid":"130c5008e3ae4043","status":"passed","time":{"start":1686892039459,"stop":1686892086176,"duration":46717}},{"uid":"6798ae9ae72d1993","status":"passed","time":{"start":1686289108205,"stop":1686289157627,"duration":49422}},{"uid":"1abc700cbb604fad","status":"passed","time":{"start":1685711025928,"stop":1685711067968,"duration":42040}},{"uid":"fa04fbc9586d5e63","status":"passed","time":{"start":1685345198686,"stop":1685345239013,"duration":40327}},{"uid":"8f11aa5f8c0b47d4","status":"passed","time":{"start":1685108259483,"stop":1685108300792,"duration":41309}},{"uid":"afbe3f0ab062950e","status":"broken","statusDetails":"selenium.common.exceptions.NoSuchElementException: Message: no such element: Unable to locate element: {\"method\":\"xpath\",\"selector\":\"/html/body/div[11]/div/div[2]/div/div[2]/div[2]/form/input\"}\n  (Session info: chrome=113.0.5672.127)\nStacktrace:\nBacktrace:\n\tGetHandleVerifier [0x00FC8893+48451]\n\t(No symbol) [0x00F5B8A1]\n\t(No symbol) [0x00E65058]\n\t(No symbol) [0x00E90467]\n\t(No symbol) [0x00E9069B]\n\t(No symbol) [0x00EBDD92]\n\t(No symbol) [0x00EAA304]\n\t(No symbol) [0x00EBC482]\n\t(No symbol) [0x00EAA0B6]\n\t(No symbol) [0x00E87E08]\n\t(No symbol) [0x00E88F2D]\n\tGetHandleVerifier [0x01228E3A+2540266]\n\tGetHandleVerifier [0x01268959+2801161]\n\tGetHandleVerifier [0x0126295C+2776588]\n\tGetHandleVerifier [0x01052280+612144]\n\t(No symbol) [0x00F64F6C]\n\t(No symbol) [0x00F611D8]\n\t(No symbol) [0x00F612BB]\n\t(No symbol) [0x00F54857]\n\tBaseThreadInitThunk [0x75467D59+25]\n\tRtlInitializeExceptionChain [0x777AB74B+107]\n\tRtlClearBits [0x777AB6CF+191]","time":{"start":1685024363922,"stop":1685024388739,"duration":24817}},{"uid":"578634e458ecc2f3","status":"passed","time":{"start":1684416966483,"stop":1684417011027,"duration":44544}},{"uid":"1a7a1b39792c6ca3","status":"passed","time":{"start":1683887686868,"stop":1683887731407,"duration":44539}},{"uid":"ab12796ebb0252d1","status":"passed","time":{"start":1683187820173,"stop":1683187866534,"duration":46361}}]},"tags":[]},"source":"6b171359179375cc.json","parameterValues":[]}