{"uid":"7afeb7254f6170ee","name":"Create a New Order for store","fullName":"TestOrder.TestOrder#test_create_order_store_2___frugal_latido_com_np____Test_123____Exemplar__male_____Bronze_Mist_Antique____42____Golden_Antique____Black____Yes____40____Skin_Tight___8__7___34___11__5__9__12__46___7___5_6___Test_003___20000__1000___101012__","historyId":"7e4bbd6c6be20c5cab966233bbc6acb4","time":{"start":1687502499250,"stop":1687502552841,"duration":53591},"description":"Create a New Order for store","descriptionHtml":"<p>Create a New Order for store</p>\n","status":"broken","statusMessage":"AttributeError: 'TestOrder' object has no attribute 'log'","statusTrace":"self = <TestsCases.TestOrder.TestOrder testMethod=test_create_order_store_2___frugal_latido_com_np____Test_123____Exemplar__m...tique____Black____Yes____40____Skin_Tight___8__7___34___11__5__9__12__46___7___5_6___Test_003___20000__1000___101012__>\nusername = 'frugal@latido.com.np', password = 'Test@123'\nproductname = 'Exemplar (male)', leatherProfile = 'Bronze Mist Antique'\nleatherSize = '42', hardware = 'Golden Antique', lining = 'Black'\npolyfill = 'Yes', size = '40', bodytype = 'Skin Tight', length = 8, chest = 7\nwaist = '34', hips = 11, shoulder = 5, sleeves = 9, arms = 12, weight = 46\nfront = '7', armhole = 5.6, remarks = 'Test 003', price = 20000, discount = 1000\nOTP = '101012'\n\n    @allure.title(\"Create a New Order for store\")\n    @allure.description(\"Create a New Order for store\")\n    @allure.severity(allure.severity_level.NORMAL)\n    @data(*Utils.read_xlsx(\"../TestData/OrderTestData/orderTestCase.xlsx\", \"forStore\"))\n    @unpack\n    def test_create_order_store(self, username, password, productname, leatherProfile, leatherSize, hardware, lining,\n                                polyfill, size, bodytype, length, chest, waist, hips, shoulder, sleeves, arms, weight, front,\n                                armhole, remarks, price, discount, OTP):\n        # Login with Admin\n        self.LoginMethod.nativelogin(username, password)\n        try:\n>           self.assertEqual(\n                self.Order.createOrder_Store(productname, leatherProfile, leatherSize, hardware, lining, polyfill,\n                                             size, bodytype, length, chest, waist, hips, shoulder, sleeves, arms,\n                                             weight, front, armhole, remarks, price, discount, OTP),\n                \"Order Succesfully Created\",\n                msg=\"Verification Failed to Create a new user.\")\n\nTestOrder.py:93: \n_ _ _ _ _ _ _ _ _ _ _ _ _ _ _ _ _ _ _ _ _ _ _ _ _ _ _ _ _ _ _ _ _ _ _ _ _ _ _ _\n\nself = <TestsCases.TestOrder.TestOrder testMethod=test_create_order_store_2___frugal_latido_com_np____Test_123____Exemplar__m...tique____Black____Yes____40____Skin_Tight___8__7___34___11__5__9__12__46___7___5_6___Test_003___20000__1000___101012__>\nfirst = None, second = 'Order Succesfully Created'\nmsg = 'Verification Failed to Create a new user.'\n\n    def _patched_equals(self, first, second, msg=None):\n        try:\n>           old(self, first, second, msg)\n\nC:\\Program Files\\JetBrains\\PyCharm Community Edition 2022.3.3\\plugins\\python-ce\\helpers\\pycharm\\teamcity\\diff_tools.py:33: \n_ _ _ _ _ _ _ _ _ _ _ _ _ _ _ _ _ _ _ _ _ _ _ _ _ _ _ _ _ _ _ _ _ _ _ _ _ _ _ _\n\nself = <TestsCases.TestOrder.TestOrder testMethod=test_create_order_store_2___frugal_latido_com_np____Test_123____Exemplar__m...tique____Black____Yes____40____Skin_Tight___8__7___34___11__5__9__12__46___7___5_6___Test_003___20000__1000___101012__>\nfirst = None, second = 'Order Succesfully Created'\nmsg = 'Verification Failed to Create a new user.'\n\n    def assertEqual(self, first, second, msg=None):\n        \"\"\"Fail if the two objects are unequal as determined by the '=='\n           operator.\n        \"\"\"\n        assertion_func = self._getAssertEqualityFunc(first, second)\n>       assertion_func(first, second, msg=msg)\n\nC:\\Users\\HP\\AppData\\Local\\Programs\\Python\\Python310\\lib\\unittest\\case.py:845: \n_ _ _ _ _ _ _ _ _ _ _ _ _ _ _ _ _ _ _ _ _ _ _ _ _ _ _ _ _ _ _ _ _ _ _ _ _ _ _ _\n\nself = <TestsCases.TestOrder.TestOrder testMethod=test_create_order_store_2___frugal_latido_com_np____Test_123____Exemplar__m...tique____Black____Yes____40____Skin_Tight___8__7___34___11__5__9__12__46___7___5_6___Test_003___20000__1000___101012__>\nfirst = None, second = 'Order Succesfully Created'\nmsg = \"None != 'Order Succesfully Created' : Verification Failed to Create a new user.\"\n\n    def _baseAssertEqual(self, first, second, msg=None):\n        \"\"\"The default assertEqual implementation, not type specific.\"\"\"\n        if not first == second:\n            standardMsg = '%s != %s' % _common_shorten_repr(first, second)\n            msg = self._formatMessage(msg, standardMsg)\n>           raise self.failureException(msg)\nE           AssertionError: None != 'Order Succesfully Created' : Verification Failed to Create a new user.\n\nC:\\Users\\HP\\AppData\\Local\\Programs\\Python\\Python310\\lib\\unittest\\case.py:838: AssertionError\n\nDuring handling of the above exception, another exception occurred:\n\nself = <TestsCases.TestOrder.TestOrder testMethod=test_create_order_store_2___frugal_latido_com_np____Test_123____Exemplar__m...tique____Black____Yes____40____Skin_Tight___8__7___34___11__5__9__12__46___7___5_6___Test_003___20000__1000___101012__>\nusername = 'frugal@latido.com.np', password = 'Test@123'\nproductname = 'Exemplar (male)', leatherProfile = 'Bronze Mist Antique'\nleatherSize = '42', hardware = 'Golden Antique', lining = 'Black'\npolyfill = 'Yes', size = '40', bodytype = 'Skin Tight', length = 8, chest = 7\nwaist = '34', hips = 11, shoulder = 5, sleeves = 9, arms = 12, weight = 46\nfront = '7', armhole = 5.6, remarks = 'Test 003', price = 20000, discount = 1000\nOTP = '101012'\n\n    @allure.title(\"Create a New Order for store\")\n    @allure.description(\"Create a New Order for store\")\n    @allure.severity(allure.severity_level.NORMAL)\n    @data(*Utils.read_xlsx(\"../TestData/OrderTestData/orderTestCase.xlsx\", \"forStore\"))\n    @unpack\n    def test_create_order_store(self, username, password, productname, leatherProfile, leatherSize, hardware, lining,\n                                polyfill, size, bodytype, length, chest, waist, hips, shoulder, sleeves, arms, weight, front,\n                                armhole, remarks, price, discount, OTP):\n        # Login with Admin\n        self.LoginMethod.nativelogin(username, password)\n        try:\n            self.assertEqual(\n                self.Order.createOrder_Store(productname, leatherProfile, leatherSize, hardware, lining, polyfill,\n                                             size, bodytype, length, chest, waist, hips, shoulder, sleeves, arms,\n                                             weight, front, armhole, remarks, price, discount, OTP),\n                \"Order Succesfully Created\",\n                msg=\"Verification Failed to Create a new user.\")\n    \n        # Checking if assertion failed\n        except (NoSuchElementException, AssertionError, TimeoutException, AttributeError) as e:\n            allure.attach(self.driver.get_screenshot_as_png(), name=\"Creating order for Store.\",\n                          attachment_type=AttachmentType.PNG)\n>           self.log.error(f\"Assertion failed here while finding element. {str(e)}\")\nE           AttributeError: 'TestOrder' object has no attribute 'log'\n\nTestOrder.py:104: AttributeError","flaky":false,"newFailed":false,"newBroken":true,"newPassed":false,"retriesCount":0,"retriesStatusChange":false,"beforeStages":[{"name":"_unittest_setUpClass_fixture_TestOrder","time":{"start":1687500628072,"stop":1687500628072,"duration":0},"status":"passed","steps":[],"attachments":[],"parameters":[],"attachmentsCount":0,"shouldDisplayMessage":false,"stepsCount":0,"hasContent":false}],"testStage":{"description":"Create a New Order for store","status":"broken","statusMessage":"AttributeError: 'TestOrder' object has no attribute 'log'","statusTrace":"self = <TestsCases.TestOrder.TestOrder testMethod=test_create_order_store_2___frugal_latido_com_np____Test_123____Exemplar__m...tique____Black____Yes____40____Skin_Tight___8__7___34___11__5__9__12__46___7___5_6___Test_003___20000__1000___101012__>\nusername = 'frugal@latido.com.np', password = 'Test@123'\nproductname = 'Exemplar (male)', leatherProfile = 'Bronze Mist Antique'\nleatherSize = '42', hardware = 'Golden Antique', lining = 'Black'\npolyfill = 'Yes', size = '40', bodytype = 'Skin Tight', length = 8, chest = 7\nwaist = '34', hips = 11, shoulder = 5, sleeves = 9, arms = 12, weight = 46\nfront = '7', armhole = 5.6, remarks = 'Test 003', price = 20000, discount = 1000\nOTP = '101012'\n\n    @allure.title(\"Create a New Order for store\")\n    @allure.description(\"Create a New Order for store\")\n    @allure.severity(allure.severity_level.NORMAL)\n    @data(*Utils.read_xlsx(\"../TestData/OrderTestData/orderTestCase.xlsx\", \"forStore\"))\n    @unpack\n    def test_create_order_store(self, username, password, productname, leatherProfile, leatherSize, hardware, lining,\n                                polyfill, size, bodytype, length, chest, waist, hips, shoulder, sleeves, arms, weight, front,\n                                armhole, remarks, price, discount, OTP):\n        # Login with Admin\n        self.LoginMethod.nativelogin(username, password)\n        try:\n>           self.assertEqual(\n                self.Order.createOrder_Store(productname, leatherProfile, leatherSize, hardware, lining, polyfill,\n                                             size, bodytype, length, chest, waist, hips, shoulder, sleeves, arms,\n                                             weight, front, armhole, remarks, price, discount, OTP),\n                \"Order Succesfully Created\",\n                msg=\"Verification Failed to Create a new user.\")\n\nTestOrder.py:93: \n_ _ _ _ _ _ _ _ _ _ _ _ _ _ _ _ _ _ _ _ _ _ _ _ _ _ _ _ _ _ _ _ _ _ _ _ _ _ _ _\n\nself = <TestsCases.TestOrder.TestOrder testMethod=test_create_order_store_2___frugal_latido_com_np____Test_123____Exemplar__m...tique____Black____Yes____40____Skin_Tight___8__7___34___11__5__9__12__46___7___5_6___Test_003___20000__1000___101012__>\nfirst = None, second = 'Order Succesfully Created'\nmsg = 'Verification Failed to Create a new user.'\n\n    def _patched_equals(self, first, second, msg=None):\n        try:\n>           old(self, first, second, msg)\n\nC:\\Program Files\\JetBrains\\PyCharm Community Edition 2022.3.3\\plugins\\python-ce\\helpers\\pycharm\\teamcity\\diff_tools.py:33: \n_ _ _ _ _ _ _ _ _ _ _ _ _ _ _ _ _ _ _ _ _ _ _ _ _ _ _ _ _ _ _ _ _ _ _ _ _ _ _ _\n\nself = <TestsCases.TestOrder.TestOrder testMethod=test_create_order_store_2___frugal_latido_com_np____Test_123____Exemplar__m...tique____Black____Yes____40____Skin_Tight___8__7___34___11__5__9__12__46___7___5_6___Test_003___20000__1000___101012__>\nfirst = None, second = 'Order Succesfully Created'\nmsg = 'Verification Failed to Create a new user.'\n\n    def assertEqual(self, first, second, msg=None):\n        \"\"\"Fail if the two objects are unequal as determined by the '=='\n           operator.\n        \"\"\"\n        assertion_func = self._getAssertEqualityFunc(first, second)\n>       assertion_func(first, second, msg=msg)\n\nC:\\Users\\HP\\AppData\\Local\\Programs\\Python\\Python310\\lib\\unittest\\case.py:845: \n_ _ _ _ _ _ _ _ _ _ _ _ _ _ _ _ _ _ _ _ _ _ _ _ _ _ _ _ _ _ _ _ _ _ _ _ _ _ _ _\n\nself = <TestsCases.TestOrder.TestOrder testMethod=test_create_order_store_2___frugal_latido_com_np____Test_123____Exemplar__m...tique____Black____Yes____40____Skin_Tight___8__7___34___11__5__9__12__46___7___5_6___Test_003___20000__1000___101012__>\nfirst = None, second = 'Order Succesfully Created'\nmsg = \"None != 'Order Succesfully Created' : Verification Failed to Create a new user.\"\n\n    def _baseAssertEqual(self, first, second, msg=None):\n        \"\"\"The default assertEqual implementation, not type specific.\"\"\"\n        if not first == second:\n            standardMsg = '%s != %s' % _common_shorten_repr(first, second)\n            msg = self._formatMessage(msg, standardMsg)\n>           raise self.failureException(msg)\nE           AssertionError: None != 'Order Succesfully Created' : Verification Failed to Create a new user.\n\nC:\\Users\\HP\\AppData\\Local\\Programs\\Python\\Python310\\lib\\unittest\\case.py:838: AssertionError\n\nDuring handling of the above exception, another exception occurred:\n\nself = <TestsCases.TestOrder.TestOrder testMethod=test_create_order_store_2___frugal_latido_com_np____Test_123____Exemplar__m...tique____Black____Yes____40____Skin_Tight___8__7___34___11__5__9__12__46___7___5_6___Test_003___20000__1000___101012__>\nusername = 'frugal@latido.com.np', password = 'Test@123'\nproductname = 'Exemplar (male)', leatherProfile = 'Bronze Mist Antique'\nleatherSize = '42', hardware = 'Golden Antique', lining = 'Black'\npolyfill = 'Yes', size = '40', bodytype = 'Skin Tight', length = 8, chest = 7\nwaist = '34', hips = 11, shoulder = 5, sleeves = 9, arms = 12, weight = 46\nfront = '7', armhole = 5.6, remarks = 'Test 003', price = 20000, discount = 1000\nOTP = '101012'\n\n    @allure.title(\"Create a New Order for store\")\n    @allure.description(\"Create a New Order for store\")\n    @allure.severity(allure.severity_level.NORMAL)\n    @data(*Utils.read_xlsx(\"../TestData/OrderTestData/orderTestCase.xlsx\", \"forStore\"))\n    @unpack\n    def test_create_order_store(self, username, password, productname, leatherProfile, leatherSize, hardware, lining,\n                                polyfill, size, bodytype, length, chest, waist, hips, shoulder, sleeves, arms, weight, front,\n                                armhole, remarks, price, discount, OTP):\n        # Login with Admin\n        self.LoginMethod.nativelogin(username, password)\n        try:\n            self.assertEqual(\n                self.Order.createOrder_Store(productname, leatherProfile, leatherSize, hardware, lining, polyfill,\n                                             size, bodytype, length, chest, waist, hips, shoulder, sleeves, arms,\n                                             weight, front, armhole, remarks, price, discount, OTP),\n                \"Order Succesfully Created\",\n                msg=\"Verification Failed to Create a new user.\")\n    \n        # Checking if assertion failed\n        except (NoSuchElementException, AssertionError, TimeoutException, AttributeError) as e:\n            allure.attach(self.driver.get_screenshot_as_png(), name=\"Creating order for Store.\",\n                          attachment_type=AttachmentType.PNG)\n>           self.log.error(f\"Assertion failed here while finding element. {str(e)}\")\nE           AttributeError: 'TestOrder' object has no attribute 'log'\n\nTestOrder.py:104: AttributeError","steps":[],"attachments":[{"uid":"33e1b1ce47796ef6","name":"Creating order for Store.","source":"33e1b1ce47796ef6.png","type":"image/png","size":106356},{"uid":"685b9399c83ccebd","name":"log","source":"685b9399c83ccebd.txt","type":"text/plain","size":2569}],"parameters":[],"attachmentsCount":2,"shouldDisplayMessage":true,"stepsCount":0,"hasContent":true},"afterStages":[{"name":"_unittest_setUpClass_fixture_TestOrder::0","time":{"start":1687502716177,"stop":1687502716177,"duration":0},"status":"passed","steps":[],"attachments":[],"parameters":[],"attachmentsCount":0,"shouldDisplayMessage":false,"stepsCount":0,"hasContent":false}],"labels":[{"name":"feature","value":"Order List"},{"name":"severity","value":"normal"},{"name":"suite","value":"TestOrder"},{"name":"subSuite","value":"TestOrder"},{"name":"host","value":"0day"},{"name":"thread","value":"2692-MainThread"},{"name":"framework","value":"pytest"},{"name":"language","value":"cpython3"},{"name":"package","value":"TestOrder"},{"name":"resultFormat","value":"allure2"}],"parameters":[],"links":[],"hidden":false,"retry":false,"extra":{"severity":"normal","retries":[],"categories":[{"name":"Test defects","matchedStatuses":[],"flaky":false}],"history":{"statistic":{"failed":0,"broken":2,"skipped":0,"passed":8,"unknown":0,"total":10},"items":[{"uid":"17b21536db9974ee","status":"passed","time":{"start":1686891891066,"stop":1686891938597,"duration":47531}},{"uid":"e82e447f6fcf24a0","status":"passed","time":{"start":1686288956537,"stop":1686289004559,"duration":48022}},{"uid":"2fdb26f5ff12e25b","status":"passed","time":{"start":1685710889963,"stop":1685710932062,"duration":42099}},{"uid":"ada114b3bce02c34","status":"passed","time":{"start":1685345067160,"stop":1685345110115,"duration":42955}},{"uid":"747e12a6ea6c24e4","status":"passed","time":{"start":1685108129834,"stop":1685108170552,"duration":40718}},{"uid":"f6c5a4141d851b81","status":"broken","statusDetails":"selenium.common.exceptions.NoSuchElementException: Message: no such element: Unable to locate element: {\"method\":\"xpath\",\"selector\":\"/html/body/div[11]/div/div[2]/div/div[2]/div[2]/form/input\"}\n  (Session info: chrome=113.0.5672.127)\nStacktrace:\nBacktrace:\n\tGetHandleVerifier [0x00FC8893+48451]\n\t(No symbol) [0x00F5B8A1]\n\t(No symbol) [0x00E65058]\n\t(No symbol) [0x00E90467]\n\t(No symbol) [0x00E9069B]\n\t(No symbol) [0x00EBDD92]\n\t(No symbol) [0x00EAA304]\n\t(No symbol) [0x00EBC482]\n\t(No symbol) [0x00EAA0B6]\n\t(No symbol) [0x00E87E08]\n\t(No symbol) [0x00E88F2D]\n\tGetHandleVerifier [0x01228E3A+2540266]\n\tGetHandleVerifier [0x01268959+2801161]\n\tGetHandleVerifier [0x0126295C+2776588]\n\tGetHandleVerifier [0x01052280+612144]\n\t(No symbol) [0x00F64F6C]\n\t(No symbol) [0x00F611D8]\n\t(No symbol) [0x00F612BB]\n\t(No symbol) [0x00F54857]\n\tBaseThreadInitThunk [0x75467D59+25]\n\tRtlInitializeExceptionChain [0x777AB74B+107]\n\tRtlClearBits [0x777AB6CF+191]","time":{"start":1685024287254,"stop":1685024312251,"duration":24997}},{"uid":"33caa81d983b844c","status":"passed","time":{"start":1684416823509,"stop":1684416867986,"duration":44477}},{"uid":"ec2c0e17a1003b96","status":"passed","time":{"start":1683887549483,"stop":1683887591708,"duration":42225}},{"uid":"ea39c5d6ad02d6b2","status":"passed","time":{"start":1683187677044,"stop":1683187722455,"duration":45411}}]},"tags":[]},"source":"7afeb7254f6170ee.json","parameterValues":[]}