{"uid":"8d8ebe3a8c62bbcd","name":"Checking Order synchronization  ","fullName":"TestOrder.TestOrder#test_check_order_synchronization_for_Store_5___frugal_latido_com_np____Test_123____Luigi__male_____Mahogany_Antique____41____Golden_Antique____Black____Yes____40____Comfort___8__7___34___11__5__9__12__46___7___5_6___Test_003___20000__1000___101012__","historyId":"e89a934ddd68e92c4ea13b48cdd88bb1","time":{"start":1687501559597,"stop":1687501666620,"duration":107023},"description":"Checking Order synchronization after creating a New Order for store","descriptionHtml":"<p>Checking Order synchronization after creating a New Order for store</p>\n","status":"broken","statusMessage":"AttributeError: 'TestOrder' object has no attribute 'log'","statusTrace":"self = <TestsCases.TestOrder.TestOrder testMethod=test_check_order_synchronization_for_Store_5___frugal_latido_com_np____Test..._Antique____Black____Yes____40____Comfort___8__7___34___11__5__9__12__46___7___5_6___Test_003___20000__1000___101012__>\nusername = 'frugal@latido.com.np', password = 'Test@123'\nproductname = 'Luigi (male)', leatherProfile = 'Mahogany Antique'\nleatherSize = '41', hardware = 'Golden Antique', lining = 'Black'\npolyfill = 'Yes', size = '40', bodytype = 'Comfort', length = 8, chest = 7\nwaist = '34', hips = 11, shoulder = 5, sleeves = 9, arms = 12, weight = 46\nfront = '7', armhole = 5.6, remarks = 'Test 003', price = 20000, discount = 1000\nOTP = '101012'\n\n    @allure.title(\"Checking Order synchronization  \")\n    @allure.description(\"Checking Order synchronization after creating a New Order for store\")\n    @allure.severity(allure.severity_level.NORMAL)\n    @data(*Utils.read_xlsx(\"../TestData/OrderTestData/orderTestCase.xlsx\", \"forStore\"))\n    @unpack\n    def test_check_order_synchronization_for_Store(self, username, password, productname, leatherProfile, leatherSize, hardware, lining,\n                                polyfill, size, bodytype, length, chest, waist, hips, shoulder, sleeves, arms, weight, front,\n                                armhole, remarks, price, discount, OTP):\n        # Login with Admin\n        self.LoginMethod.nativelogin(username, password)\n        try:\n            self.assertEqual(\n>               self.Order.navigate_to_store_order_list(productname, leatherProfile, leatherSize, hardware, lining, polyfill,\n                                             size, bodytype, length, chest, waist, hips, shoulder, sleeves, arms,\n                                             weight, front, armhole, remarks, price, discount, OTP), True,\n                msg=\"Verification Failed to Create a new user.\")\n\nTestOrder.py:142: \n_ _ _ _ _ _ _ _ _ _ _ _ _ _ _ _ _ _ _ _ _ _ _ _ _ _ _ _ _ _ _ _ _ _ _ _ _ _ _ _\n\nself = <executions.OrdersExecutions.OrderMethods.OrderMethod object at 0x00000155ADDEFBE0>\nproductname = 'Luigi (male)', leatherProfile = 'Mahogany Antique'\nleatherSize = '41', hardware = 'Golden Antique', lining = 'Black'\npolyfill = 'Yes', size = '40', bodytype = 'Comfort', length = 8, chest = 7\nwaist = '34', hips = 11, shoulder = 5, sleeves = 9, arms = 12, weight = 46\nfront = '7', armhole = 5.6, remarks = 'Test 003', price = 20000, discount = 1000\nOTP = '101012'\n\n    def navigate_to_store_order_list(self, productname, leatherProfile, leatherSize, hardware, lining, polyfill,\n                                     size, bodytype, length, chest, waist, hips, shoulder, sleeves, arms, weight, front,\n                                     armhole, remarks, price, discount, OTP):\n    \n        self.createOrder_Store(productname, leatherProfile, leatherSize, hardware, lining, polyfill,\n                               size, bodytype, length, chest, waist, hips, shoulder, sleeves, arms, weight, front,\n                               armhole, remarks, price, discount, OTP)\n        self.order_ls.click_on_goto_order()\n        self.order_ls.click_on_store()\n>       self.order_ls.get_latest_store_orderID().click()\nE       AttributeError: 'NoneType' object has no attribute 'click'\n\n..\\executions\\OrdersExecutions\\OrderMethods.py:355: AttributeError\n\nDuring handling of the above exception, another exception occurred:\n\nself = <TestsCases.TestOrder.TestOrder testMethod=test_check_order_synchronization_for_Store_5___frugal_latido_com_np____Test..._Antique____Black____Yes____40____Comfort___8__7___34___11__5__9__12__46___7___5_6___Test_003___20000__1000___101012__>\nusername = 'frugal@latido.com.np', password = 'Test@123'\nproductname = 'Luigi (male)', leatherProfile = 'Mahogany Antique'\nleatherSize = '41', hardware = 'Golden Antique', lining = 'Black'\npolyfill = 'Yes', size = '40', bodytype = 'Comfort', length = 8, chest = 7\nwaist = '34', hips = 11, shoulder = 5, sleeves = 9, arms = 12, weight = 46\nfront = '7', armhole = 5.6, remarks = 'Test 003', price = 20000, discount = 1000\nOTP = '101012'\n\n    @allure.title(\"Checking Order synchronization  \")\n    @allure.description(\"Checking Order synchronization after creating a New Order for store\")\n    @allure.severity(allure.severity_level.NORMAL)\n    @data(*Utils.read_xlsx(\"../TestData/OrderTestData/orderTestCase.xlsx\", \"forStore\"))\n    @unpack\n    def test_check_order_synchronization_for_Store(self, username, password, productname, leatherProfile, leatherSize, hardware, lining,\n                                polyfill, size, bodytype, length, chest, waist, hips, shoulder, sleeves, arms, weight, front,\n                                armhole, remarks, price, discount, OTP):\n        # Login with Admin\n        self.LoginMethod.nativelogin(username, password)\n        try:\n            self.assertEqual(\n                self.Order.navigate_to_store_order_list(productname, leatherProfile, leatherSize, hardware, lining, polyfill,\n                                             size, bodytype, length, chest, waist, hips, shoulder, sleeves, arms,\n                                             weight, front, armhole, remarks, price, discount, OTP), True,\n                msg=\"Verification Failed to Create a new user.\")\n    \n        # Checking if assertion failed\n        except (NoSuchElementException, AssertionError, TimeoutException, AttributeError) as e:\n            allure.attach(self.driver.get_screenshot_as_png(), name=\"Creating order for Store.\",\n                          attachment_type=AttachmentType.PNG)\n>           self.log.error(f\"Assertion failed here while finding element. {str(e)}\")\nE           AttributeError: 'TestOrder' object has no attribute 'log'\n\nTestOrder.py:151: AttributeError","flaky":false,"newFailed":false,"newBroken":true,"newPassed":false,"retriesCount":0,"retriesStatusChange":false,"beforeStages":[{"name":"_unittest_setUpClass_fixture_TestOrder","time":{"start":1687500628072,"stop":1687500628072,"duration":0},"status":"passed","steps":[],"attachments":[],"parameters":[],"attachmentsCount":0,"shouldDisplayMessage":false,"stepsCount":0,"hasContent":false}],"testStage":{"description":"Checking Order synchronization after creating a New Order for store","status":"broken","statusMessage":"AttributeError: 'TestOrder' object has no attribute 'log'","statusTrace":"self = <TestsCases.TestOrder.TestOrder testMethod=test_check_order_synchronization_for_Store_5___frugal_latido_com_np____Test..._Antique____Black____Yes____40____Comfort___8__7___34___11__5__9__12__46___7___5_6___Test_003___20000__1000___101012__>\nusername = 'frugal@latido.com.np', password = 'Test@123'\nproductname = 'Luigi (male)', leatherProfile = 'Mahogany Antique'\nleatherSize = '41', hardware = 'Golden Antique', lining = 'Black'\npolyfill = 'Yes', size = '40', bodytype = 'Comfort', length = 8, chest = 7\nwaist = '34', hips = 11, shoulder = 5, sleeves = 9, arms = 12, weight = 46\nfront = '7', armhole = 5.6, remarks = 'Test 003', price = 20000, discount = 1000\nOTP = '101012'\n\n    @allure.title(\"Checking Order synchronization  \")\n    @allure.description(\"Checking Order synchronization after creating a New Order for store\")\n    @allure.severity(allure.severity_level.NORMAL)\n    @data(*Utils.read_xlsx(\"../TestData/OrderTestData/orderTestCase.xlsx\", \"forStore\"))\n    @unpack\n    def test_check_order_synchronization_for_Store(self, username, password, productname, leatherProfile, leatherSize, hardware, lining,\n                                polyfill, size, bodytype, length, chest, waist, hips, shoulder, sleeves, arms, weight, front,\n                                armhole, remarks, price, discount, OTP):\n        # Login with Admin\n        self.LoginMethod.nativelogin(username, password)\n        try:\n            self.assertEqual(\n>               self.Order.navigate_to_store_order_list(productname, leatherProfile, leatherSize, hardware, lining, polyfill,\n                                             size, bodytype, length, chest, waist, hips, shoulder, sleeves, arms,\n                                             weight, front, armhole, remarks, price, discount, OTP), True,\n                msg=\"Verification Failed to Create a new user.\")\n\nTestOrder.py:142: \n_ _ _ _ _ _ _ _ _ _ _ _ _ _ _ _ _ _ _ _ _ _ _ _ _ _ _ _ _ _ _ _ _ _ _ _ _ _ _ _\n\nself = <executions.OrdersExecutions.OrderMethods.OrderMethod object at 0x00000155ADDEFBE0>\nproductname = 'Luigi (male)', leatherProfile = 'Mahogany Antique'\nleatherSize = '41', hardware = 'Golden Antique', lining = 'Black'\npolyfill = 'Yes', size = '40', bodytype = 'Comfort', length = 8, chest = 7\nwaist = '34', hips = 11, shoulder = 5, sleeves = 9, arms = 12, weight = 46\nfront = '7', armhole = 5.6, remarks = 'Test 003', price = 20000, discount = 1000\nOTP = '101012'\n\n    def navigate_to_store_order_list(self, productname, leatherProfile, leatherSize, hardware, lining, polyfill,\n                                     size, bodytype, length, chest, waist, hips, shoulder, sleeves, arms, weight, front,\n                                     armhole, remarks, price, discount, OTP):\n    \n        self.createOrder_Store(productname, leatherProfile, leatherSize, hardware, lining, polyfill,\n                               size, bodytype, length, chest, waist, hips, shoulder, sleeves, arms, weight, front,\n                               armhole, remarks, price, discount, OTP)\n        self.order_ls.click_on_goto_order()\n        self.order_ls.click_on_store()\n>       self.order_ls.get_latest_store_orderID().click()\nE       AttributeError: 'NoneType' object has no attribute 'click'\n\n..\\executions\\OrdersExecutions\\OrderMethods.py:355: AttributeError\n\nDuring handling of the above exception, another exception occurred:\n\nself = <TestsCases.TestOrder.TestOrder testMethod=test_check_order_synchronization_for_Store_5___frugal_latido_com_np____Test..._Antique____Black____Yes____40____Comfort___8__7___34___11__5__9__12__46___7___5_6___Test_003___20000__1000___101012__>\nusername = 'frugal@latido.com.np', password = 'Test@123'\nproductname = 'Luigi (male)', leatherProfile = 'Mahogany Antique'\nleatherSize = '41', hardware = 'Golden Antique', lining = 'Black'\npolyfill = 'Yes', size = '40', bodytype = 'Comfort', length = 8, chest = 7\nwaist = '34', hips = 11, shoulder = 5, sleeves = 9, arms = 12, weight = 46\nfront = '7', armhole = 5.6, remarks = 'Test 003', price = 20000, discount = 1000\nOTP = '101012'\n\n    @allure.title(\"Checking Order synchronization  \")\n    @allure.description(\"Checking Order synchronization after creating a New Order for store\")\n    @allure.severity(allure.severity_level.NORMAL)\n    @data(*Utils.read_xlsx(\"../TestData/OrderTestData/orderTestCase.xlsx\", \"forStore\"))\n    @unpack\n    def test_check_order_synchronization_for_Store(self, username, password, productname, leatherProfile, leatherSize, hardware, lining,\n                                polyfill, size, bodytype, length, chest, waist, hips, shoulder, sleeves, arms, weight, front,\n                                armhole, remarks, price, discount, OTP):\n        # Login with Admin\n        self.LoginMethod.nativelogin(username, password)\n        try:\n            self.assertEqual(\n                self.Order.navigate_to_store_order_list(productname, leatherProfile, leatherSize, hardware, lining, polyfill,\n                                             size, bodytype, length, chest, waist, hips, shoulder, sleeves, arms,\n                                             weight, front, armhole, remarks, price, discount, OTP), True,\n                msg=\"Verification Failed to Create a new user.\")\n    \n        # Checking if assertion failed\n        except (NoSuchElementException, AssertionError, TimeoutException, AttributeError) as e:\n            allure.attach(self.driver.get_screenshot_as_png(), name=\"Creating order for Store.\",\n                          attachment_type=AttachmentType.PNG)\n>           self.log.error(f\"Assertion failed here while finding element. {str(e)}\")\nE           AttributeError: 'TestOrder' object has no attribute 'log'\n\nTestOrder.py:151: AttributeError","steps":[],"attachments":[{"uid":"e9065ce3d1018fca","name":"Creating order for Store.","source":"e9065ce3d1018fca.png","type":"image/png","size":118637},{"uid":"86056497bf3f95af","name":"log","source":"86056497bf3f95af.txt","type":"text/plain","size":10374}],"parameters":[],"attachmentsCount":2,"shouldDisplayMessage":true,"stepsCount":0,"hasContent":true},"afterStages":[{"name":"_unittest_setUpClass_fixture_TestOrder::0","time":{"start":1687502716177,"stop":1687502716177,"duration":0},"status":"passed","steps":[],"attachments":[],"parameters":[],"attachmentsCount":0,"shouldDisplayMessage":false,"stepsCount":0,"hasContent":false}],"labels":[{"name":"feature","value":"Order List"},{"name":"severity","value":"normal"},{"name":"suite","value":"TestOrder"},{"name":"subSuite","value":"TestOrder"},{"name":"host","value":"0day"},{"name":"thread","value":"2692-MainThread"},{"name":"framework","value":"pytest"},{"name":"language","value":"cpython3"},{"name":"package","value":"TestOrder"},{"name":"resultFormat","value":"allure2"}],"parameters":[],"links":[],"hidden":false,"retry":false,"extra":{"severity":"normal","retries":[],"categories":[{"name":"Test defects","matchedStatuses":[],"flaky":false}],"history":{"statistic":{"failed":0,"broken":2,"skipped":0,"passed":7,"unknown":0,"total":9},"items":[{"uid":"bcc55f026908b485","status":"passed","time":{"start":1686891102801,"stop":1686891162928,"duration":60127}},{"uid":"b60ffdcf3c971256","status":"passed","time":{"start":1686287800189,"stop":1686287867053,"duration":66864}},{"uid":"48255951b16ff581","status":"passed","time":{"start":1685710297688,"stop":1685710352760,"duration":55072}},{"uid":"4c6a4e9fe823de71","status":"passed","time":{"start":1685344513322,"stop":1685344572001,"duration":58679}},{"uid":"c256876114bb8aeb","status":"passed","time":{"start":1685107570462,"stop":1685107625649,"duration":55187}},{"uid":"5416d957da240fe2","status":"broken","statusDetails":"selenium.common.exceptions.NoSuchElementException: Message: no such element: Unable to locate element: {\"method\":\"xpath\",\"selector\":\"/html/body/div[11]/div/div[2]/div/div[2]/div[2]/form/input\"}\n  (Session info: chrome=113.0.5672.127)\nStacktrace:\nBacktrace:\n\tGetHandleVerifier [0x00FC8893+48451]\n\t(No symbol) [0x00F5B8A1]\n\t(No symbol) [0x00E65058]\n\t(No symbol) [0x00E90467]\n\t(No symbol) [0x00E9069B]\n\t(No symbol) [0x00EBDD92]\n\t(No symbol) [0x00EAA304]\n\t(No symbol) [0x00EBC482]\n\t(No symbol) [0x00EAA0B6]\n\t(No symbol) [0x00E87E08]\n\t(No symbol) [0x00E88F2D]\n\tGetHandleVerifier [0x01228E3A+2540266]\n\tGetHandleVerifier [0x01268959+2801161]\n\tGetHandleVerifier [0x0126295C+2776588]\n\tGetHandleVerifier [0x01052280+612144]\n\t(No symbol) [0x00F64F6C]\n\t(No symbol) [0x00F611D8]\n\t(No symbol) [0x00F612BB]\n\t(No symbol) [0x00F54857]\n\tBaseThreadInitThunk [0x75467D59+25]\n\tRtlInitializeExceptionChain [0x777AB74B+107]\n\tRtlClearBits [0x777AB6CF+191]","time":{"start":1685022445404,"stop":1685022470095,"duration":24691}},{"uid":"2b8bf84e69ce143","status":"passed","time":{"start":1684416157786,"stop":1684416219103,"duration":61317}},{"uid":"37d501f9a8eaee60","status":"passed","time":{"start":1683886893707,"stop":1683886950900,"duration":57193}}]},"tags":[]},"source":"8d8ebe3a8c62bbcd.json","parameterValues":[]}