{"uid":"907e50792719bd02","name":"Checking Order synchronization  ","fullName":"TestOrder.TestOrder#test_check_order_synchronization_for_Store_2___frugal_latido_com_np____Test_123____Exemplar__male_____Bronze_Mist_Antique____42____Golden_Antique____Black____Yes____40____Skin_Tight___8__7___34___11__5__9__12__46___7___5_6___Test_003___20000__1000___101012__","historyId":"a460dac06788adff9d1b07bba9deef91","time":{"start":1687501300808,"stop":1687501386871,"duration":86063},"description":"Checking Order synchronization after creating a New Order for store","descriptionHtml":"<p>Checking Order synchronization after creating a New Order for store</p>\n","status":"broken","statusMessage":"AttributeError: 'TestOrder' object has no attribute 'log'","statusTrace":"self = <TestsCases.TestOrder.TestOrder testMethod=test_check_order_synchronization_for_Store_2___frugal_latido_com_np____Test...tique____Black____Yes____40____Skin_Tight___8__7___34___11__5__9__12__46___7___5_6___Test_003___20000__1000___101012__>\nusername = 'frugal@latido.com.np', password = 'Test@123'\nproductname = 'Exemplar (male)', leatherProfile = 'Bronze Mist Antique'\nleatherSize = '42', hardware = 'Golden Antique', lining = 'Black'\npolyfill = 'Yes', size = '40', bodytype = 'Skin Tight', length = 8, chest = 7\nwaist = '34', hips = 11, shoulder = 5, sleeves = 9, arms = 12, weight = 46\nfront = '7', armhole = 5.6, remarks = 'Test 003', price = 20000, discount = 1000\nOTP = '101012'\n\n    @allure.title(\"Checking Order synchronization  \")\n    @allure.description(\"Checking Order synchronization after creating a New Order for store\")\n    @allure.severity(allure.severity_level.NORMAL)\n    @data(*Utils.read_xlsx(\"../TestData/OrderTestData/orderTestCase.xlsx\", \"forStore\"))\n    @unpack\n    def test_check_order_synchronization_for_Store(self, username, password, productname, leatherProfile, leatherSize, hardware, lining,\n                                polyfill, size, bodytype, length, chest, waist, hips, shoulder, sleeves, arms, weight, front,\n                                armhole, remarks, price, discount, OTP):\n        # Login with Admin\n        self.LoginMethod.nativelogin(username, password)\n        try:\n            self.assertEqual(\n>               self.Order.navigate_to_store_order_list(productname, leatherProfile, leatherSize, hardware, lining, polyfill,\n                                             size, bodytype, length, chest, waist, hips, shoulder, sleeves, arms,\n                                             weight, front, armhole, remarks, price, discount, OTP), True,\n                msg=\"Verification Failed to Create a new user.\")\n\nTestOrder.py:142: \n_ _ _ _ _ _ _ _ _ _ _ _ _ _ _ _ _ _ _ _ _ _ _ _ _ _ _ _ _ _ _ _ _ _ _ _ _ _ _ _\n\nself = <executions.OrdersExecutions.OrderMethods.OrderMethod object at 0x00000155ADDEC760>\nproductname = 'Exemplar (male)', leatherProfile = 'Bronze Mist Antique'\nleatherSize = '42', hardware = 'Golden Antique', lining = 'Black'\npolyfill = 'Yes', size = '40', bodytype = 'Skin Tight', length = 8, chest = 7\nwaist = '34', hips = 11, shoulder = 5, sleeves = 9, arms = 12, weight = 46\nfront = '7', armhole = 5.6, remarks = 'Test 003', price = 20000, discount = 1000\nOTP = '101012'\n\n    def navigate_to_store_order_list(self, productname, leatherProfile, leatherSize, hardware, lining, polyfill,\n                                     size, bodytype, length, chest, waist, hips, shoulder, sleeves, arms, weight, front,\n                                     armhole, remarks, price, discount, OTP):\n    \n        self.createOrder_Store(productname, leatherProfile, leatherSize, hardware, lining, polyfill,\n                               size, bodytype, length, chest, waist, hips, shoulder, sleeves, arms, weight, front,\n                               armhole, remarks, price, discount, OTP)\n        self.order_ls.click_on_goto_order()\n        self.order_ls.click_on_store()\n>       self.order_ls.get_latest_store_orderID().click()\nE       AttributeError: 'NoneType' object has no attribute 'click'\n\n..\\executions\\OrdersExecutions\\OrderMethods.py:355: AttributeError\n\nDuring handling of the above exception, another exception occurred:\n\nself = <TestsCases.TestOrder.TestOrder testMethod=test_check_order_synchronization_for_Store_2___frugal_latido_com_np____Test...tique____Black____Yes____40____Skin_Tight___8__7___34___11__5__9__12__46___7___5_6___Test_003___20000__1000___101012__>\nusername = 'frugal@latido.com.np', password = 'Test@123'\nproductname = 'Exemplar (male)', leatherProfile = 'Bronze Mist Antique'\nleatherSize = '42', hardware = 'Golden Antique', lining = 'Black'\npolyfill = 'Yes', size = '40', bodytype = 'Skin Tight', length = 8, chest = 7\nwaist = '34', hips = 11, shoulder = 5, sleeves = 9, arms = 12, weight = 46\nfront = '7', armhole = 5.6, remarks = 'Test 003', price = 20000, discount = 1000\nOTP = '101012'\n\n    @allure.title(\"Checking Order synchronization  \")\n    @allure.description(\"Checking Order synchronization after creating a New Order for store\")\n    @allure.severity(allure.severity_level.NORMAL)\n    @data(*Utils.read_xlsx(\"../TestData/OrderTestData/orderTestCase.xlsx\", \"forStore\"))\n    @unpack\n    def test_check_order_synchronization_for_Store(self, username, password, productname, leatherProfile, leatherSize, hardware, lining,\n                                polyfill, size, bodytype, length, chest, waist, hips, shoulder, sleeves, arms, weight, front,\n                                armhole, remarks, price, discount, OTP):\n        # Login with Admin\n        self.LoginMethod.nativelogin(username, password)\n        try:\n            self.assertEqual(\n                self.Order.navigate_to_store_order_list(productname, leatherProfile, leatherSize, hardware, lining, polyfill,\n                                             size, bodytype, length, chest, waist, hips, shoulder, sleeves, arms,\n                                             weight, front, armhole, remarks, price, discount, OTP), True,\n                msg=\"Verification Failed to Create a new user.\")\n    \n        # Checking if assertion failed\n        except (NoSuchElementException, AssertionError, TimeoutException, AttributeError) as e:\n            allure.attach(self.driver.get_screenshot_as_png(), name=\"Creating order for Store.\",\n                          attachment_type=AttachmentType.PNG)\n>           self.log.error(f\"Assertion failed here while finding element. {str(e)}\")\nE           AttributeError: 'TestOrder' object has no attribute 'log'\n\nTestOrder.py:151: AttributeError","flaky":false,"newFailed":false,"newBroken":true,"newPassed":false,"retriesCount":0,"retriesStatusChange":false,"beforeStages":[{"name":"_unittest_setUpClass_fixture_TestOrder","time":{"start":1687500628072,"stop":1687500628072,"duration":0},"status":"passed","steps":[],"attachments":[],"parameters":[],"attachmentsCount":0,"shouldDisplayMessage":false,"stepsCount":0,"hasContent":false}],"testStage":{"description":"Checking Order synchronization after creating a New Order for store","status":"broken","statusMessage":"AttributeError: 'TestOrder' object has no attribute 'log'","statusTrace":"self = <TestsCases.TestOrder.TestOrder testMethod=test_check_order_synchronization_for_Store_2___frugal_latido_com_np____Test...tique____Black____Yes____40____Skin_Tight___8__7___34___11__5__9__12__46___7___5_6___Test_003___20000__1000___101012__>\nusername = 'frugal@latido.com.np', password = 'Test@123'\nproductname = 'Exemplar (male)', leatherProfile = 'Bronze Mist Antique'\nleatherSize = '42', hardware = 'Golden Antique', lining = 'Black'\npolyfill = 'Yes', size = '40', bodytype = 'Skin Tight', length = 8, chest = 7\nwaist = '34', hips = 11, shoulder = 5, sleeves = 9, arms = 12, weight = 46\nfront = '7', armhole = 5.6, remarks = 'Test 003', price = 20000, discount = 1000\nOTP = '101012'\n\n    @allure.title(\"Checking Order synchronization  \")\n    @allure.description(\"Checking Order synchronization after creating a New Order for store\")\n    @allure.severity(allure.severity_level.NORMAL)\n    @data(*Utils.read_xlsx(\"../TestData/OrderTestData/orderTestCase.xlsx\", \"forStore\"))\n    @unpack\n    def test_check_order_synchronization_for_Store(self, username, password, productname, leatherProfile, leatherSize, hardware, lining,\n                                polyfill, size, bodytype, length, chest, waist, hips, shoulder, sleeves, arms, weight, front,\n                                armhole, remarks, price, discount, OTP):\n        # Login with Admin\n        self.LoginMethod.nativelogin(username, password)\n        try:\n            self.assertEqual(\n>               self.Order.navigate_to_store_order_list(productname, leatherProfile, leatherSize, hardware, lining, polyfill,\n                                             size, bodytype, length, chest, waist, hips, shoulder, sleeves, arms,\n                                             weight, front, armhole, remarks, price, discount, OTP), True,\n                msg=\"Verification Failed to Create a new user.\")\n\nTestOrder.py:142: \n_ _ _ _ _ _ _ _ _ _ _ _ _ _ _ _ _ _ _ _ _ _ _ _ _ _ _ _ _ _ _ _ _ _ _ _ _ _ _ _\n\nself = <executions.OrdersExecutions.OrderMethods.OrderMethod object at 0x00000155ADDEC760>\nproductname = 'Exemplar (male)', leatherProfile = 'Bronze Mist Antique'\nleatherSize = '42', hardware = 'Golden Antique', lining = 'Black'\npolyfill = 'Yes', size = '40', bodytype = 'Skin Tight', length = 8, chest = 7\nwaist = '34', hips = 11, shoulder = 5, sleeves = 9, arms = 12, weight = 46\nfront = '7', armhole = 5.6, remarks = 'Test 003', price = 20000, discount = 1000\nOTP = '101012'\n\n    def navigate_to_store_order_list(self, productname, leatherProfile, leatherSize, hardware, lining, polyfill,\n                                     size, bodytype, length, chest, waist, hips, shoulder, sleeves, arms, weight, front,\n                                     armhole, remarks, price, discount, OTP):\n    \n        self.createOrder_Store(productname, leatherProfile, leatherSize, hardware, lining, polyfill,\n                               size, bodytype, length, chest, waist, hips, shoulder, sleeves, arms, weight, front,\n                               armhole, remarks, price, discount, OTP)\n        self.order_ls.click_on_goto_order()\n        self.order_ls.click_on_store()\n>       self.order_ls.get_latest_store_orderID().click()\nE       AttributeError: 'NoneType' object has no attribute 'click'\n\n..\\executions\\OrdersExecutions\\OrderMethods.py:355: AttributeError\n\nDuring handling of the above exception, another exception occurred:\n\nself = <TestsCases.TestOrder.TestOrder testMethod=test_check_order_synchronization_for_Store_2___frugal_latido_com_np____Test...tique____Black____Yes____40____Skin_Tight___8__7___34___11__5__9__12__46___7___5_6___Test_003___20000__1000___101012__>\nusername = 'frugal@latido.com.np', password = 'Test@123'\nproductname = 'Exemplar (male)', leatherProfile = 'Bronze Mist Antique'\nleatherSize = '42', hardware = 'Golden Antique', lining = 'Black'\npolyfill = 'Yes', size = '40', bodytype = 'Skin Tight', length = 8, chest = 7\nwaist = '34', hips = 11, shoulder = 5, sleeves = 9, arms = 12, weight = 46\nfront = '7', armhole = 5.6, remarks = 'Test 003', price = 20000, discount = 1000\nOTP = '101012'\n\n    @allure.title(\"Checking Order synchronization  \")\n    @allure.description(\"Checking Order synchronization after creating a New Order for store\")\n    @allure.severity(allure.severity_level.NORMAL)\n    @data(*Utils.read_xlsx(\"../TestData/OrderTestData/orderTestCase.xlsx\", \"forStore\"))\n    @unpack\n    def test_check_order_synchronization_for_Store(self, username, password, productname, leatherProfile, leatherSize, hardware, lining,\n                                polyfill, size, bodytype, length, chest, waist, hips, shoulder, sleeves, arms, weight, front,\n                                armhole, remarks, price, discount, OTP):\n        # Login with Admin\n        self.LoginMethod.nativelogin(username, password)\n        try:\n            self.assertEqual(\n                self.Order.navigate_to_store_order_list(productname, leatherProfile, leatherSize, hardware, lining, polyfill,\n                                             size, bodytype, length, chest, waist, hips, shoulder, sleeves, arms,\n                                             weight, front, armhole, remarks, price, discount, OTP), True,\n                msg=\"Verification Failed to Create a new user.\")\n    \n        # Checking if assertion failed\n        except (NoSuchElementException, AssertionError, TimeoutException, AttributeError) as e:\n            allure.attach(self.driver.get_screenshot_as_png(), name=\"Creating order for Store.\",\n                          attachment_type=AttachmentType.PNG)\n>           self.log.error(f\"Assertion failed here while finding element. {str(e)}\")\nE           AttributeError: 'TestOrder' object has no attribute 'log'\n\nTestOrder.py:151: AttributeError","steps":[],"attachments":[{"uid":"410b4fc1fcfe04ea","name":"Creating order for Store.","source":"410b4fc1fcfe04ea.png","type":"image/png","size":106356},{"uid":"9e9757c76c3e072f","name":"log","source":"9e9757c76c3e072f.txt","type":"text/plain","size":4973}],"parameters":[],"attachmentsCount":2,"shouldDisplayMessage":true,"stepsCount":0,"hasContent":true},"afterStages":[{"name":"_unittest_setUpClass_fixture_TestOrder::0","time":{"start":1687502716177,"stop":1687502716177,"duration":0},"status":"passed","steps":[],"attachments":[],"parameters":[],"attachmentsCount":0,"shouldDisplayMessage":false,"stepsCount":0,"hasContent":false}],"labels":[{"name":"feature","value":"Order List"},{"name":"severity","value":"normal"},{"name":"suite","value":"TestOrder"},{"name":"subSuite","value":"TestOrder"},{"name":"host","value":"0day"},{"name":"thread","value":"2692-MainThread"},{"name":"framework","value":"pytest"},{"name":"language","value":"cpython3"},{"name":"package","value":"TestOrder"},{"name":"resultFormat","value":"allure2"}],"parameters":[],"links":[],"hidden":false,"retry":false,"extra":{"severity":"normal","retries":[],"categories":[{"name":"Test defects","matchedStatuses":[],"flaky":false}],"history":{"statistic":{"failed":0,"broken":2,"skipped":0,"passed":7,"unknown":0,"total":9},"items":[{"uid":"a0a224d8c7eddcbc","status":"passed","time":{"start":1686890917386,"stop":1686890977219,"duration":59833}},{"uid":"69232c09b847d118","status":"passed","time":{"start":1686287597957,"stop":1686287659322,"duration":61365}},{"uid":"f31f364c09aba513","status":"passed","time":{"start":1685710125790,"stop":1685710180775,"duration":54985}},{"uid":"1956c12e5e411e67","status":"passed","time":{"start":1685344343349,"stop":1685344396976,"duration":53627}},{"uid":"52eb40b5aeab6d4","status":"passed","time":{"start":1685107400184,"stop":1685107455394,"duration":55210}},{"uid":"67efff891f54aabc","status":"broken","statusDetails":"selenium.common.exceptions.NoSuchElementException: Message: no such element: Unable to locate element: {\"method\":\"xpath\",\"selector\":\"/html/body/div[11]/div/div[2]/div/div[2]/div[2]/form/input\"}\n  (Session info: chrome=113.0.5672.127)\nStacktrace:\nBacktrace:\n\tGetHandleVerifier [0x00FC8893+48451]\n\t(No symbol) [0x00F5B8A1]\n\t(No symbol) [0x00E65058]\n\t(No symbol) [0x00E90467]\n\t(No symbol) [0x00E9069B]\n\t(No symbol) [0x00EBDD92]\n\t(No symbol) [0x00EAA304]\n\t(No symbol) [0x00EBC482]\n\t(No symbol) [0x00EAA0B6]\n\t(No symbol) [0x00E87E08]\n\t(No symbol) [0x00E88F2D]\n\tGetHandleVerifier [0x01228E3A+2540266]\n\tGetHandleVerifier [0x01268959+2801161]\n\tGetHandleVerifier [0x0126295C+2776588]\n\tGetHandleVerifier [0x01052280+612144]\n\t(No symbol) [0x00F64F6C]\n\t(No symbol) [0x00F611D8]\n\t(No symbol) [0x00F612BB]\n\t(No symbol) [0x00F54857]\n\tBaseThreadInitThunk [0x75467D59+25]\n\tRtlInitializeExceptionChain [0x777AB74B+107]\n\tRtlClearBits [0x777AB6CF+191]","time":{"start":1685022368224,"stop":1685022392584,"duration":24360}},{"uid":"44e59be075e78218","status":"passed","time":{"start":1684415965302,"stop":1684416030638,"duration":65336}},{"uid":"72ac1fc4b4a0817a","status":"passed","time":{"start":1683886717731,"stop":1683886775138,"duration":57407}}]},"tags":[]},"source":"907e50792719bd02.json","parameterValues":[]}