{"uid":"b5253262c43c9d9e","name":"Checking Order synchronization  ","fullName":"TestOrder.TestOrder#test_check_order_synchronization_for_Store_4___frugal_latido_com_np____Test_123____Luigi__male_____Pink_Foil____41____Golden_Antique____Black____Yes____40____Comfort___8__7___33___11__5__9__12__46___6___5_6___Test_002___20000__1000___101011__","historyId":"8fad602fb226e9481ca888070d8541f0","time":{"start":1687501473251,"stop":1687501559520,"duration":86269},"description":"Checking Order synchronization after creating a New Order for store","descriptionHtml":"<p>Checking Order synchronization after creating a New Order for store</p>\n","status":"broken","statusMessage":"AttributeError: 'TestOrder' object has no attribute 'log'","statusTrace":"self = <TestsCases.TestOrder.TestOrder testMethod=test_check_order_synchronization_for_Store_4___frugal_latido_com_np____Test..._Antique____Black____Yes____40____Comfort___8__7___33___11__5__9__12__46___6___5_6___Test_002___20000__1000___101011__>\nusername = 'frugal@latido.com.np', password = 'Test@123'\nproductname = 'Luigi (male)', leatherProfile = 'Pink Foil', leatherSize = '41'\nhardware = 'Golden Antique', lining = 'Black', polyfill = 'Yes', size = '40'\nbodytype = 'Comfort', length = 8, chest = 7, waist = '33', hips = 11\nshoulder = 5, sleeves = 9, arms = 12, weight = 46, front = '6', armhole = 5.6\nremarks = 'Test 002', price = 20000, discount = 1000, OTP = '101011'\n\n    @allure.title(\"Checking Order synchronization  \")\n    @allure.description(\"Checking Order synchronization after creating a New Order for store\")\n    @allure.severity(allure.severity_level.NORMAL)\n    @data(*Utils.read_xlsx(\"../TestData/OrderTestData/orderTestCase.xlsx\", \"forStore\"))\n    @unpack\n    def test_check_order_synchronization_for_Store(self, username, password, productname, leatherProfile, leatherSize, hardware, lining,\n                                polyfill, size, bodytype, length, chest, waist, hips, shoulder, sleeves, arms, weight, front,\n                                armhole, remarks, price, discount, OTP):\n        # Login with Admin\n        self.LoginMethod.nativelogin(username, password)\n        try:\n            self.assertEqual(\n>               self.Order.navigate_to_store_order_list(productname, leatherProfile, leatherSize, hardware, lining, polyfill,\n                                             size, bodytype, length, chest, waist, hips, shoulder, sleeves, arms,\n                                             weight, front, armhole, remarks, price, discount, OTP), True,\n                msg=\"Verification Failed to Create a new user.\")\n\nTestOrder.py:142: \n_ _ _ _ _ _ _ _ _ _ _ _ _ _ _ _ _ _ _ _ _ _ _ _ _ _ _ _ _ _ _ _ _ _ _ _ _ _ _ _\n\nself = <executions.OrdersExecutions.OrderMethods.OrderMethod object at 0x00000155ADE05E10>\nproductname = 'Luigi (male)', leatherProfile = 'Pink Foil', leatherSize = '41'\nhardware = 'Golden Antique', lining = 'Black', polyfill = 'Yes', size = '40'\nbodytype = 'Comfort', length = 8, chest = 7, waist = '33', hips = 11\nshoulder = 5, sleeves = 9, arms = 12, weight = 46, front = '6', armhole = 5.6\nremarks = 'Test 002', price = 20000, discount = 1000, OTP = '101011'\n\n    def navigate_to_store_order_list(self, productname, leatherProfile, leatherSize, hardware, lining, polyfill,\n                                     size, bodytype, length, chest, waist, hips, shoulder, sleeves, arms, weight, front,\n                                     armhole, remarks, price, discount, OTP):\n    \n        self.createOrder_Store(productname, leatherProfile, leatherSize, hardware, lining, polyfill,\n                               size, bodytype, length, chest, waist, hips, shoulder, sleeves, arms, weight, front,\n                               armhole, remarks, price, discount, OTP)\n        self.order_ls.click_on_goto_order()\n        self.order_ls.click_on_store()\n>       self.order_ls.get_latest_store_orderID().click()\nE       AttributeError: 'NoneType' object has no attribute 'click'\n\n..\\executions\\OrdersExecutions\\OrderMethods.py:355: AttributeError\n\nDuring handling of the above exception, another exception occurred:\n\nself = <TestsCases.TestOrder.TestOrder testMethod=test_check_order_synchronization_for_Store_4___frugal_latido_com_np____Test..._Antique____Black____Yes____40____Comfort___8__7___33___11__5__9__12__46___6___5_6___Test_002___20000__1000___101011__>\nusername = 'frugal@latido.com.np', password = 'Test@123'\nproductname = 'Luigi (male)', leatherProfile = 'Pink Foil', leatherSize = '41'\nhardware = 'Golden Antique', lining = 'Black', polyfill = 'Yes', size = '40'\nbodytype = 'Comfort', length = 8, chest = 7, waist = '33', hips = 11\nshoulder = 5, sleeves = 9, arms = 12, weight = 46, front = '6', armhole = 5.6\nremarks = 'Test 002', price = 20000, discount = 1000, OTP = '101011'\n\n    @allure.title(\"Checking Order synchronization  \")\n    @allure.description(\"Checking Order synchronization after creating a New Order for store\")\n    @allure.severity(allure.severity_level.NORMAL)\n    @data(*Utils.read_xlsx(\"../TestData/OrderTestData/orderTestCase.xlsx\", \"forStore\"))\n    @unpack\n    def test_check_order_synchronization_for_Store(self, username, password, productname, leatherProfile, leatherSize, hardware, lining,\n                                polyfill, size, bodytype, length, chest, waist, hips, shoulder, sleeves, arms, weight, front,\n                                armhole, remarks, price, discount, OTP):\n        # Login with Admin\n        self.LoginMethod.nativelogin(username, password)\n        try:\n            self.assertEqual(\n                self.Order.navigate_to_store_order_list(productname, leatherProfile, leatherSize, hardware, lining, polyfill,\n                                             size, bodytype, length, chest, waist, hips, shoulder, sleeves, arms,\n                                             weight, front, armhole, remarks, price, discount, OTP), True,\n                msg=\"Verification Failed to Create a new user.\")\n    \n        # Checking if assertion failed\n        except (NoSuchElementException, AssertionError, TimeoutException, AttributeError) as e:\n            allure.attach(self.driver.get_screenshot_as_png(), name=\"Creating order for Store.\",\n                          attachment_type=AttachmentType.PNG)\n>           self.log.error(f\"Assertion failed here while finding element. {str(e)}\")\nE           AttributeError: 'TestOrder' object has no attribute 'log'\n\nTestOrder.py:151: AttributeError","flaky":false,"newFailed":false,"newBroken":true,"newPassed":false,"retriesCount":0,"retriesStatusChange":false,"beforeStages":[{"name":"_unittest_setUpClass_fixture_TestOrder","time":{"start":1687500628072,"stop":1687500628072,"duration":0},"status":"passed","steps":[],"attachments":[],"parameters":[],"attachmentsCount":0,"shouldDisplayMessage":false,"stepsCount":0,"hasContent":false}],"testStage":{"description":"Checking Order synchronization after creating a New Order for store","status":"broken","statusMessage":"AttributeError: 'TestOrder' object has no attribute 'log'","statusTrace":"self = <TestsCases.TestOrder.TestOrder testMethod=test_check_order_synchronization_for_Store_4___frugal_latido_com_np____Test..._Antique____Black____Yes____40____Comfort___8__7___33___11__5__9__12__46___6___5_6___Test_002___20000__1000___101011__>\nusername = 'frugal@latido.com.np', password = 'Test@123'\nproductname = 'Luigi (male)', leatherProfile = 'Pink Foil', leatherSize = '41'\nhardware = 'Golden Antique', lining = 'Black', polyfill = 'Yes', size = '40'\nbodytype = 'Comfort', length = 8, chest = 7, waist = '33', hips = 11\nshoulder = 5, sleeves = 9, arms = 12, weight = 46, front = '6', armhole = 5.6\nremarks = 'Test 002', price = 20000, discount = 1000, OTP = '101011'\n\n    @allure.title(\"Checking Order synchronization  \")\n    @allure.description(\"Checking Order synchronization after creating a New Order for store\")\n    @allure.severity(allure.severity_level.NORMAL)\n    @data(*Utils.read_xlsx(\"../TestData/OrderTestData/orderTestCase.xlsx\", \"forStore\"))\n    @unpack\n    def test_check_order_synchronization_for_Store(self, username, password, productname, leatherProfile, leatherSize, hardware, lining,\n                                polyfill, size, bodytype, length, chest, waist, hips, shoulder, sleeves, arms, weight, front,\n                                armhole, remarks, price, discount, OTP):\n        # Login with Admin\n        self.LoginMethod.nativelogin(username, password)\n        try:\n            self.assertEqual(\n>               self.Order.navigate_to_store_order_list(productname, leatherProfile, leatherSize, hardware, lining, polyfill,\n                                             size, bodytype, length, chest, waist, hips, shoulder, sleeves, arms,\n                                             weight, front, armhole, remarks, price, discount, OTP), True,\n                msg=\"Verification Failed to Create a new user.\")\n\nTestOrder.py:142: \n_ _ _ _ _ _ _ _ _ _ _ _ _ _ _ _ _ _ _ _ _ _ _ _ _ _ _ _ _ _ _ _ _ _ _ _ _ _ _ _\n\nself = <executions.OrdersExecutions.OrderMethods.OrderMethod object at 0x00000155ADE05E10>\nproductname = 'Luigi (male)', leatherProfile = 'Pink Foil', leatherSize = '41'\nhardware = 'Golden Antique', lining = 'Black', polyfill = 'Yes', size = '40'\nbodytype = 'Comfort', length = 8, chest = 7, waist = '33', hips = 11\nshoulder = 5, sleeves = 9, arms = 12, weight = 46, front = '6', armhole = 5.6\nremarks = 'Test 002', price = 20000, discount = 1000, OTP = '101011'\n\n    def navigate_to_store_order_list(self, productname, leatherProfile, leatherSize, hardware, lining, polyfill,\n                                     size, bodytype, length, chest, waist, hips, shoulder, sleeves, arms, weight, front,\n                                     armhole, remarks, price, discount, OTP):\n    \n        self.createOrder_Store(productname, leatherProfile, leatherSize, hardware, lining, polyfill,\n                               size, bodytype, length, chest, waist, hips, shoulder, sleeves, arms, weight, front,\n                               armhole, remarks, price, discount, OTP)\n        self.order_ls.click_on_goto_order()\n        self.order_ls.click_on_store()\n>       self.order_ls.get_latest_store_orderID().click()\nE       AttributeError: 'NoneType' object has no attribute 'click'\n\n..\\executions\\OrdersExecutions\\OrderMethods.py:355: AttributeError\n\nDuring handling of the above exception, another exception occurred:\n\nself = <TestsCases.TestOrder.TestOrder testMethod=test_check_order_synchronization_for_Store_4___frugal_latido_com_np____Test..._Antique____Black____Yes____40____Comfort___8__7___33___11__5__9__12__46___6___5_6___Test_002___20000__1000___101011__>\nusername = 'frugal@latido.com.np', password = 'Test@123'\nproductname = 'Luigi (male)', leatherProfile = 'Pink Foil', leatherSize = '41'\nhardware = 'Golden Antique', lining = 'Black', polyfill = 'Yes', size = '40'\nbodytype = 'Comfort', length = 8, chest = 7, waist = '33', hips = 11\nshoulder = 5, sleeves = 9, arms = 12, weight = 46, front = '6', armhole = 5.6\nremarks = 'Test 002', price = 20000, discount = 1000, OTP = '101011'\n\n    @allure.title(\"Checking Order synchronization  \")\n    @allure.description(\"Checking Order synchronization after creating a New Order for store\")\n    @allure.severity(allure.severity_level.NORMAL)\n    @data(*Utils.read_xlsx(\"../TestData/OrderTestData/orderTestCase.xlsx\", \"forStore\"))\n    @unpack\n    def test_check_order_synchronization_for_Store(self, username, password, productname, leatherProfile, leatherSize, hardware, lining,\n                                polyfill, size, bodytype, length, chest, waist, hips, shoulder, sleeves, arms, weight, front,\n                                armhole, remarks, price, discount, OTP):\n        # Login with Admin\n        self.LoginMethod.nativelogin(username, password)\n        try:\n            self.assertEqual(\n                self.Order.navigate_to_store_order_list(productname, leatherProfile, leatherSize, hardware, lining, polyfill,\n                                             size, bodytype, length, chest, waist, hips, shoulder, sleeves, arms,\n                                             weight, front, armhole, remarks, price, discount, OTP), True,\n                msg=\"Verification Failed to Create a new user.\")\n    \n        # Checking if assertion failed\n        except (NoSuchElementException, AssertionError, TimeoutException, AttributeError) as e:\n            allure.attach(self.driver.get_screenshot_as_png(), name=\"Creating order for Store.\",\n                          attachment_type=AttachmentType.PNG)\n>           self.log.error(f\"Assertion failed here while finding element. {str(e)}\")\nE           AttributeError: 'TestOrder' object has no attribute 'log'\n\nTestOrder.py:151: AttributeError","steps":[],"attachments":[{"uid":"8a8e759395aa4912","name":"Creating order for Store.","source":"8a8e759395aa4912.png","type":"image/png","size":105776},{"uid":"6a3eda25cb82358a","name":"log","source":"6a3eda25cb82358a.txt","type":"text/plain","size":4957}],"parameters":[],"attachmentsCount":2,"shouldDisplayMessage":true,"stepsCount":0,"hasContent":true},"afterStages":[{"name":"_unittest_setUpClass_fixture_TestOrder::0","time":{"start":1687502716177,"stop":1687502716177,"duration":0},"status":"passed","steps":[],"attachments":[],"parameters":[],"attachmentsCount":0,"shouldDisplayMessage":false,"stepsCount":0,"hasContent":false}],"labels":[{"name":"feature","value":"Order List"},{"name":"severity","value":"normal"},{"name":"suite","value":"TestOrder"},{"name":"subSuite","value":"TestOrder"},{"name":"host","value":"0day"},{"name":"thread","value":"2692-MainThread"},{"name":"framework","value":"pytest"},{"name":"language","value":"cpython3"},{"name":"package","value":"TestOrder"},{"name":"resultFormat","value":"allure2"}],"parameters":[],"links":[],"hidden":false,"retry":false,"extra":{"severity":"normal","retries":[],"categories":[{"name":"Test defects","matchedStatuses":[],"flaky":false}],"history":{"statistic":{"failed":0,"broken":2,"skipped":0,"passed":7,"unknown":0,"total":9},"items":[{"uid":"171f1b4cba5e4273","status":"passed","time":{"start":1686891040846,"stop":1686891100650,"duration":59804}},{"uid":"ae5350bc8aeb48e5","status":"passed","time":{"start":1686287727503,"stop":1686287798036,"duration":70533}},{"uid":"2f3e9e560b2e396c","status":"passed","time":{"start":1685710240491,"stop":1685710295594,"duration":55103}},{"uid":"a92ad318bc8d39e3","status":"passed","time":{"start":1685344456659,"stop":1685344511195,"duration":54536}},{"uid":"baa5a0df9669130d","status":"passed","time":{"start":1685107514404,"stop":1685107568316,"duration":53912}},{"uid":"8084ca7338209565","status":"broken","statusDetails":"selenium.common.exceptions.NoSuchElementException: Message: no such element: Unable to locate element: {\"method\":\"xpath\",\"selector\":\"/html/body/div[11]/div/div[2]/div/div[2]/div[2]/form/input\"}\n  (Session info: chrome=113.0.5672.127)\nStacktrace:\nBacktrace:\n\tGetHandleVerifier [0x00FC8893+48451]\n\t(No symbol) [0x00F5B8A1]\n\t(No symbol) [0x00E65058]\n\t(No symbol) [0x00E90467]\n\t(No symbol) [0x00E9069B]\n\t(No symbol) [0x00EBDD92]\n\t(No symbol) [0x00EAA304]\n\t(No symbol) [0x00EBC482]\n\t(No symbol) [0x00EAA0B6]\n\t(No symbol) [0x00E87E08]\n\t(No symbol) [0x00E88F2D]\n\tGetHandleVerifier [0x01228E3A+2540266]\n\tGetHandleVerifier [0x01268959+2801161]\n\tGetHandleVerifier [0x0126295C+2776588]\n\tGetHandleVerifier [0x01052280+612144]\n\t(No symbol) [0x00F64F6C]\n\t(No symbol) [0x00F611D8]\n\t(No symbol) [0x00F612BB]\n\t(No symbol) [0x00F54857]\n\tBaseThreadInitThunk [0x75467D59+25]\n\tRtlInitializeExceptionChain [0x777AB74B+107]\n\tRtlClearBits [0x777AB6CF+191]","time":{"start":1685022421638,"stop":1685022445292,"duration":23654}},{"uid":"382f5f87d4292e69","status":"passed","time":{"start":1684416096974,"stop":1684416155662,"duration":58688}},{"uid":"7e3bdbcf61e6e56b","status":"passed","time":{"start":1683886835010,"stop":1683886891579,"duration":56569}}]},"tags":[]},"source":"b5253262c43c9d9e.json","parameterValues":[]}