{"uid":"d63f08643a33d262","name":"Checking Order synchronization  ","fullName":"TestOrder.TestOrder#test_check_order_synchronization_for_Store_3___frugal_latido_com_np____Test_123____Lucha__male_____Mahogany_Antique____40____Silver____Black____No____40____General_Fit___8__7___35___11__5__9__12__46___8___5_6___Test_004___20000__1000___101013__","historyId":"d44752ef40a3994cb4cc68599b3d1a23","time":{"start":1687501386943,"stop":1687501471188,"duration":84245},"description":"Checking Order synchronization after creating a New Order for store","descriptionHtml":"<p>Checking Order synchronization after creating a New Order for store</p>\n","status":"broken","statusMessage":"AttributeError: 'TestOrder' object has no attribute 'log'","statusTrace":"self = <TestsCases.TestOrder.TestOrder testMethod=test_check_order_synchronization_for_Store_3___frugal_latido_com_np____Test...ilver____Black____No____40____General_Fit___8__7___35___11__5__9__12__46___8___5_6___Test_004___20000__1000___101013__>\nusername = 'frugal@latido.com.np', password = 'Test@123'\nproductname = 'Lucha (male)', leatherProfile = 'Mahogany Antique'\nleatherSize = '40', hardware = 'Silver', lining = 'Black', polyfill = 'No'\nsize = '40', bodytype = 'General Fit', length = 8, chest = 7, waist = '35'\nhips = 11, shoulder = 5, sleeves = 9, arms = 12, weight = 46, front = '8'\narmhole = 5.6, remarks = 'Test 004', price = 20000, discount = 1000\nOTP = '101013'\n\n    @allure.title(\"Checking Order synchronization  \")\n    @allure.description(\"Checking Order synchronization after creating a New Order for store\")\n    @allure.severity(allure.severity_level.NORMAL)\n    @data(*Utils.read_xlsx(\"../TestData/OrderTestData/orderTestCase.xlsx\", \"forStore\"))\n    @unpack\n    def test_check_order_synchronization_for_Store(self, username, password, productname, leatherProfile, leatherSize, hardware, lining,\n                                polyfill, size, bodytype, length, chest, waist, hips, shoulder, sleeves, arms, weight, front,\n                                armhole, remarks, price, discount, OTP):\n        # Login with Admin\n        self.LoginMethod.nativelogin(username, password)\n        try:\n            self.assertEqual(\n>               self.Order.navigate_to_store_order_list(productname, leatherProfile, leatherSize, hardware, lining, polyfill,\n                                             size, bodytype, length, chest, waist, hips, shoulder, sleeves, arms,\n                                             weight, front, armhole, remarks, price, discount, OTP), True,\n                msg=\"Verification Failed to Create a new user.\")\n\nTestOrder.py:142: \n_ _ _ _ _ _ _ _ _ _ _ _ _ _ _ _ _ _ _ _ _ _ _ _ _ _ _ _ _ _ _ _ _ _ _ _ _ _ _ _\n\nself = <executions.OrdersExecutions.OrderMethods.OrderMethod object at 0x00000155ADD79DE0>\nproductname = 'Lucha (male)', leatherProfile = 'Mahogany Antique'\nleatherSize = '40', hardware = 'Silver', lining = 'Black', polyfill = 'No'\nsize = '40', bodytype = 'General Fit', length = 8, chest = 7, waist = '35'\nhips = 11, shoulder = 5, sleeves = 9, arms = 12, weight = 46, front = '8'\narmhole = 5.6, remarks = 'Test 004', price = 20000, discount = 1000\nOTP = '101013'\n\n    def navigate_to_store_order_list(self, productname, leatherProfile, leatherSize, hardware, lining, polyfill,\n                                     size, bodytype, length, chest, waist, hips, shoulder, sleeves, arms, weight, front,\n                                     armhole, remarks, price, discount, OTP):\n    \n        self.createOrder_Store(productname, leatherProfile, leatherSize, hardware, lining, polyfill,\n                               size, bodytype, length, chest, waist, hips, shoulder, sleeves, arms, weight, front,\n                               armhole, remarks, price, discount, OTP)\n        self.order_ls.click_on_goto_order()\n        self.order_ls.click_on_store()\n>       self.order_ls.get_latest_store_orderID().click()\nE       AttributeError: 'NoneType' object has no attribute 'click'\n\n..\\executions\\OrdersExecutions\\OrderMethods.py:355: AttributeError\n\nDuring handling of the above exception, another exception occurred:\n\nself = <TestsCases.TestOrder.TestOrder testMethod=test_check_order_synchronization_for_Store_3___frugal_latido_com_np____Test...ilver____Black____No____40____General_Fit___8__7___35___11__5__9__12__46___8___5_6___Test_004___20000__1000___101013__>\nusername = 'frugal@latido.com.np', password = 'Test@123'\nproductname = 'Lucha (male)', leatherProfile = 'Mahogany Antique'\nleatherSize = '40', hardware = 'Silver', lining = 'Black', polyfill = 'No'\nsize = '40', bodytype = 'General Fit', length = 8, chest = 7, waist = '35'\nhips = 11, shoulder = 5, sleeves = 9, arms = 12, weight = 46, front = '8'\narmhole = 5.6, remarks = 'Test 004', price = 20000, discount = 1000\nOTP = '101013'\n\n    @allure.title(\"Checking Order synchronization  \")\n    @allure.description(\"Checking Order synchronization after creating a New Order for store\")\n    @allure.severity(allure.severity_level.NORMAL)\n    @data(*Utils.read_xlsx(\"../TestData/OrderTestData/orderTestCase.xlsx\", \"forStore\"))\n    @unpack\n    def test_check_order_synchronization_for_Store(self, username, password, productname, leatherProfile, leatherSize, hardware, lining,\n                                polyfill, size, bodytype, length, chest, waist, hips, shoulder, sleeves, arms, weight, front,\n                                armhole, remarks, price, discount, OTP):\n        # Login with Admin\n        self.LoginMethod.nativelogin(username, password)\n        try:\n            self.assertEqual(\n                self.Order.navigate_to_store_order_list(productname, leatherProfile, leatherSize, hardware, lining, polyfill,\n                                             size, bodytype, length, chest, waist, hips, shoulder, sleeves, arms,\n                                             weight, front, armhole, remarks, price, discount, OTP), True,\n                msg=\"Verification Failed to Create a new user.\")\n    \n        # Checking if assertion failed\n        except (NoSuchElementException, AssertionError, TimeoutException, AttributeError) as e:\n            allure.attach(self.driver.get_screenshot_as_png(), name=\"Creating order for Store.\",\n                          attachment_type=AttachmentType.PNG)\n>           self.log.error(f\"Assertion failed here while finding element. {str(e)}\")\nE           AttributeError: 'TestOrder' object has no attribute 'log'\n\nTestOrder.py:151: AttributeError","flaky":false,"newFailed":false,"newBroken":true,"newPassed":false,"retriesCount":0,"retriesStatusChange":false,"beforeStages":[{"name":"_unittest_setUpClass_fixture_TestOrder","time":{"start":1687500628072,"stop":1687500628072,"duration":0},"status":"passed","steps":[],"attachments":[],"parameters":[],"attachmentsCount":0,"shouldDisplayMessage":false,"stepsCount":0,"hasContent":false}],"testStage":{"description":"Checking Order synchronization after creating a New Order for store","status":"broken","statusMessage":"AttributeError: 'TestOrder' object has no attribute 'log'","statusTrace":"self = <TestsCases.TestOrder.TestOrder testMethod=test_check_order_synchronization_for_Store_3___frugal_latido_com_np____Test...ilver____Black____No____40____General_Fit___8__7___35___11__5__9__12__46___8___5_6___Test_004___20000__1000___101013__>\nusername = 'frugal@latido.com.np', password = 'Test@123'\nproductname = 'Lucha (male)', leatherProfile = 'Mahogany Antique'\nleatherSize = '40', hardware = 'Silver', lining = 'Black', polyfill = 'No'\nsize = '40', bodytype = 'General Fit', length = 8, chest = 7, waist = '35'\nhips = 11, shoulder = 5, sleeves = 9, arms = 12, weight = 46, front = '8'\narmhole = 5.6, remarks = 'Test 004', price = 20000, discount = 1000\nOTP = '101013'\n\n    @allure.title(\"Checking Order synchronization  \")\n    @allure.description(\"Checking Order synchronization after creating a New Order for store\")\n    @allure.severity(allure.severity_level.NORMAL)\n    @data(*Utils.read_xlsx(\"../TestData/OrderTestData/orderTestCase.xlsx\", \"forStore\"))\n    @unpack\n    def test_check_order_synchronization_for_Store(self, username, password, productname, leatherProfile, leatherSize, hardware, lining,\n                                polyfill, size, bodytype, length, chest, waist, hips, shoulder, sleeves, arms, weight, front,\n                                armhole, remarks, price, discount, OTP):\n        # Login with Admin\n        self.LoginMethod.nativelogin(username, password)\n        try:\n            self.assertEqual(\n>               self.Order.navigate_to_store_order_list(productname, leatherProfile, leatherSize, hardware, lining, polyfill,\n                                             size, bodytype, length, chest, waist, hips, shoulder, sleeves, arms,\n                                             weight, front, armhole, remarks, price, discount, OTP), True,\n                msg=\"Verification Failed to Create a new user.\")\n\nTestOrder.py:142: \n_ _ _ _ _ _ _ _ _ _ _ _ _ _ _ _ _ _ _ _ _ _ _ _ _ _ _ _ _ _ _ _ _ _ _ _ _ _ _ _\n\nself = <executions.OrdersExecutions.OrderMethods.OrderMethod object at 0x00000155ADD79DE0>\nproductname = 'Lucha (male)', leatherProfile = 'Mahogany Antique'\nleatherSize = '40', hardware = 'Silver', lining = 'Black', polyfill = 'No'\nsize = '40', bodytype = 'General Fit', length = 8, chest = 7, waist = '35'\nhips = 11, shoulder = 5, sleeves = 9, arms = 12, weight = 46, front = '8'\narmhole = 5.6, remarks = 'Test 004', price = 20000, discount = 1000\nOTP = '101013'\n\n    def navigate_to_store_order_list(self, productname, leatherProfile, leatherSize, hardware, lining, polyfill,\n                                     size, bodytype, length, chest, waist, hips, shoulder, sleeves, arms, weight, front,\n                                     armhole, remarks, price, discount, OTP):\n    \n        self.createOrder_Store(productname, leatherProfile, leatherSize, hardware, lining, polyfill,\n                               size, bodytype, length, chest, waist, hips, shoulder, sleeves, arms, weight, front,\n                               armhole, remarks, price, discount, OTP)\n        self.order_ls.click_on_goto_order()\n        self.order_ls.click_on_store()\n>       self.order_ls.get_latest_store_orderID().click()\nE       AttributeError: 'NoneType' object has no attribute 'click'\n\n..\\executions\\OrdersExecutions\\OrderMethods.py:355: AttributeError\n\nDuring handling of the above exception, another exception occurred:\n\nself = <TestsCases.TestOrder.TestOrder testMethod=test_check_order_synchronization_for_Store_3___frugal_latido_com_np____Test...ilver____Black____No____40____General_Fit___8__7___35___11__5__9__12__46___8___5_6___Test_004___20000__1000___101013__>\nusername = 'frugal@latido.com.np', password = 'Test@123'\nproductname = 'Lucha (male)', leatherProfile = 'Mahogany Antique'\nleatherSize = '40', hardware = 'Silver', lining = 'Black', polyfill = 'No'\nsize = '40', bodytype = 'General Fit', length = 8, chest = 7, waist = '35'\nhips = 11, shoulder = 5, sleeves = 9, arms = 12, weight = 46, front = '8'\narmhole = 5.6, remarks = 'Test 004', price = 20000, discount = 1000\nOTP = '101013'\n\n    @allure.title(\"Checking Order synchronization  \")\n    @allure.description(\"Checking Order synchronization after creating a New Order for store\")\n    @allure.severity(allure.severity_level.NORMAL)\n    @data(*Utils.read_xlsx(\"../TestData/OrderTestData/orderTestCase.xlsx\", \"forStore\"))\n    @unpack\n    def test_check_order_synchronization_for_Store(self, username, password, productname, leatherProfile, leatherSize, hardware, lining,\n                                polyfill, size, bodytype, length, chest, waist, hips, shoulder, sleeves, arms, weight, front,\n                                armhole, remarks, price, discount, OTP):\n        # Login with Admin\n        self.LoginMethod.nativelogin(username, password)\n        try:\n            self.assertEqual(\n                self.Order.navigate_to_store_order_list(productname, leatherProfile, leatherSize, hardware, lining, polyfill,\n                                             size, bodytype, length, chest, waist, hips, shoulder, sleeves, arms,\n                                             weight, front, armhole, remarks, price, discount, OTP), True,\n                msg=\"Verification Failed to Create a new user.\")\n    \n        # Checking if assertion failed\n        except (NoSuchElementException, AssertionError, TimeoutException, AttributeError) as e:\n            allure.attach(self.driver.get_screenshot_as_png(), name=\"Creating order for Store.\",\n                          attachment_type=AttachmentType.PNG)\n>           self.log.error(f\"Assertion failed here while finding element. {str(e)}\")\nE           AttributeError: 'TestOrder' object has no attribute 'log'\n\nTestOrder.py:151: AttributeError","steps":[],"attachments":[{"uid":"5a0a8f26c7d21d30","name":"Creating order for Store.","source":"5a0a8f26c7d21d30.png","type":"image/png","size":106510},{"uid":"24c9e8c51f7e2128","name":"log","source":"24c9e8c51f7e2128.txt","type":"text/plain","size":4959}],"parameters":[],"attachmentsCount":2,"shouldDisplayMessage":true,"stepsCount":0,"hasContent":true},"afterStages":[{"name":"_unittest_setUpClass_fixture_TestOrder::0","time":{"start":1687502716177,"stop":1687502716177,"duration":0},"status":"passed","steps":[],"attachments":[],"parameters":[],"attachmentsCount":0,"shouldDisplayMessage":false,"stepsCount":0,"hasContent":false}],"labels":[{"name":"feature","value":"Order List"},{"name":"severity","value":"normal"},{"name":"suite","value":"TestOrder"},{"name":"subSuite","value":"TestOrder"},{"name":"host","value":"0day"},{"name":"thread","value":"2692-MainThread"},{"name":"framework","value":"pytest"},{"name":"language","value":"cpython3"},{"name":"package","value":"TestOrder"},{"name":"resultFormat","value":"allure2"}],"parameters":[],"links":[],"hidden":false,"retry":false,"extra":{"severity":"normal","retries":[],"categories":[{"name":"Test defects","matchedStatuses":[],"flaky":false}],"history":{"statistic":{"failed":0,"broken":2,"skipped":0,"passed":7,"unknown":0,"total":9},"items":[{"uid":"6e109fdece235c80","status":"passed","time":{"start":1686890979400,"stop":1686891038669,"duration":59269}},{"uid":"ca07b523ef39182d","status":"passed","time":{"start":1686287661498,"stop":1686287725349,"duration":63851}},{"uid":"bc022478b3680c32","status":"passed","time":{"start":1685710182886,"stop":1685710238368,"duration":55482}},{"uid":"b46bf597f7dc2d51","status":"passed","time":{"start":1685344399101,"stop":1685344454570,"duration":55469}},{"uid":"5c5d4cb18467678d","status":"passed","time":{"start":1685107457533,"stop":1685107512291,"duration":54758}},{"uid":"c5238dba9c45165","status":"broken","statusDetails":"selenium.common.exceptions.NoSuchElementException: Message: no such element: Unable to locate element: {\"method\":\"xpath\",\"selector\":\"/html/body/div[11]/div/div[2]/div/div[2]/div[2]/form/input\"}\n  (Session info: chrome=113.0.5672.127)\nStacktrace:\nBacktrace:\n\tGetHandleVerifier [0x00FC8893+48451]\n\t(No symbol) [0x00F5B8A1]\n\t(No symbol) [0x00E65058]\n\t(No symbol) [0x00E90467]\n\t(No symbol) [0x00E9069B]\n\t(No symbol) [0x00EBDD92]\n\t(No symbol) [0x00EAA304]\n\t(No symbol) [0x00EBC482]\n\t(No symbol) [0x00EAA0B6]\n\t(No symbol) [0x00E87E08]\n\t(No symbol) [0x00E88F2D]\n\tGetHandleVerifier [0x01228E3A+2540266]\n\tGetHandleVerifier [0x01268959+2801161]\n\tGetHandleVerifier [0x0126295C+2776588]\n\tGetHandleVerifier [0x01052280+612144]\n\t(No symbol) [0x00F64F6C]\n\t(No symbol) [0x00F611D8]\n\t(No symbol) [0x00F612BB]\n\t(No symbol) [0x00F54857]\n\tBaseThreadInitThunk [0x75467D59+25]\n\tRtlInitializeExceptionChain [0x777AB74B+107]\n\tRtlClearBits [0x777AB6CF+191]","time":{"start":1685022396760,"stop":1685022421536,"duration":24776}},{"uid":"872d21f071820e85","status":"passed","time":{"start":1684416032806,"stop":1684416094829,"duration":62023}},{"uid":"e85524dc8be0772f","status":"passed","time":{"start":1683886777282,"stop":1683886832891,"duration":55609}}]},"tags":[]},"source":"d63f08643a33d262.json","parameterValues":[]}