{"uid":"e443caa5ae499968","name":"Create a New Order for store","fullName":"TestOrder.TestOrder#test_create_order_store_3___frugal_latido_com_np____Test_123____Lucha__male_____Mahogany_Antique____40____Silver____Black____No____40____General_Fit___8__7___35___11__5__9__12__46___8___5_6___Test_004___20000__1000___101013__","historyId":"acd45bd06ad678799352c01d127f030f","time":{"start":1687502552946,"stop":1687502606740,"duration":53794},"description":"Create a New Order for store","descriptionHtml":"<p>Create a New Order for store</p>\n","status":"broken","statusMessage":"AttributeError: 'TestOrder' object has no attribute 'log'","statusTrace":"self = <TestsCases.TestOrder.TestOrder testMethod=test_create_order_store_3___frugal_latido_com_np____Test_123____Lucha__male...ilver____Black____No____40____General_Fit___8__7___35___11__5__9__12__46___8___5_6___Test_004___20000__1000___101013__>\nusername = 'frugal@latido.com.np', password = 'Test@123'\nproductname = 'Lucha (male)', leatherProfile = 'Mahogany Antique'\nleatherSize = '40', hardware = 'Silver', lining = 'Black', polyfill = 'No'\nsize = '40', bodytype = 'General Fit', length = 8, chest = 7, waist = '35'\nhips = 11, shoulder = 5, sleeves = 9, arms = 12, weight = 46, front = '8'\narmhole = 5.6, remarks = 'Test 004', price = 20000, discount = 1000\nOTP = '101013'\n\n    @allure.title(\"Create a New Order for store\")\n    @allure.description(\"Create a New Order for store\")\n    @allure.severity(allure.severity_level.NORMAL)\n    @data(*Utils.read_xlsx(\"../TestData/OrderTestData/orderTestCase.xlsx\", \"forStore\"))\n    @unpack\n    def test_create_order_store(self, username, password, productname, leatherProfile, leatherSize, hardware, lining,\n                                polyfill, size, bodytype, length, chest, waist, hips, shoulder, sleeves, arms, weight, front,\n                                armhole, remarks, price, discount, OTP):\n        # Login with Admin\n        self.LoginMethod.nativelogin(username, password)\n        try:\n>           self.assertEqual(\n                self.Order.createOrder_Store(productname, leatherProfile, leatherSize, hardware, lining, polyfill,\n                                             size, bodytype, length, chest, waist, hips, shoulder, sleeves, arms,\n                                             weight, front, armhole, remarks, price, discount, OTP),\n                \"Order Succesfully Created\",\n                msg=\"Verification Failed to Create a new user.\")\n\nTestOrder.py:93: \n_ _ _ _ _ _ _ _ _ _ _ _ _ _ _ _ _ _ _ _ _ _ _ _ _ _ _ _ _ _ _ _ _ _ _ _ _ _ _ _\n\nself = <TestsCases.TestOrder.TestOrder testMethod=test_create_order_store_3___frugal_latido_com_np____Test_123____Lucha__male...ilver____Black____No____40____General_Fit___8__7___35___11__5__9__12__46___8___5_6___Test_004___20000__1000___101013__>\nfirst = None, second = 'Order Succesfully Created'\nmsg = 'Verification Failed to Create a new user.'\n\n    def _patched_equals(self, first, second, msg=None):\n        try:\n>           old(self, first, second, msg)\n\nC:\\Program Files\\JetBrains\\PyCharm Community Edition 2022.3.3\\plugins\\python-ce\\helpers\\pycharm\\teamcity\\diff_tools.py:33: \n_ _ _ _ _ _ _ _ _ _ _ _ _ _ _ _ _ _ _ _ _ _ _ _ _ _ _ _ _ _ _ _ _ _ _ _ _ _ _ _\n\nself = <TestsCases.TestOrder.TestOrder testMethod=test_create_order_store_3___frugal_latido_com_np____Test_123____Lucha__male...ilver____Black____No____40____General_Fit___8__7___35___11__5__9__12__46___8___5_6___Test_004___20000__1000___101013__>\nfirst = None, second = 'Order Succesfully Created'\nmsg = 'Verification Failed to Create a new user.'\n\n    def assertEqual(self, first, second, msg=None):\n        \"\"\"Fail if the two objects are unequal as determined by the '=='\n           operator.\n        \"\"\"\n        assertion_func = self._getAssertEqualityFunc(first, second)\n>       assertion_func(first, second, msg=msg)\n\nC:\\Users\\HP\\AppData\\Local\\Programs\\Python\\Python310\\lib\\unittest\\case.py:845: \n_ _ _ _ _ _ _ _ _ _ _ _ _ _ _ _ _ _ _ _ _ _ _ _ _ _ _ _ _ _ _ _ _ _ _ _ _ _ _ _\n\nself = <TestsCases.TestOrder.TestOrder testMethod=test_create_order_store_3___frugal_latido_com_np____Test_123____Lucha__male...ilver____Black____No____40____General_Fit___8__7___35___11__5__9__12__46___8___5_6___Test_004___20000__1000___101013__>\nfirst = None, second = 'Order Succesfully Created'\nmsg = \"None != 'Order Succesfully Created' : Verification Failed to Create a new user.\"\n\n    def _baseAssertEqual(self, first, second, msg=None):\n        \"\"\"The default assertEqual implementation, not type specific.\"\"\"\n        if not first == second:\n            standardMsg = '%s != %s' % _common_shorten_repr(first, second)\n            msg = self._formatMessage(msg, standardMsg)\n>           raise self.failureException(msg)\nE           AssertionError: None != 'Order Succesfully Created' : Verification Failed to Create a new user.\n\nC:\\Users\\HP\\AppData\\Local\\Programs\\Python\\Python310\\lib\\unittest\\case.py:838: AssertionError\n\nDuring handling of the above exception, another exception occurred:\n\nself = <TestsCases.TestOrder.TestOrder testMethod=test_create_order_store_3___frugal_latido_com_np____Test_123____Lucha__male...ilver____Black____No____40____General_Fit___8__7___35___11__5__9__12__46___8___5_6___Test_004___20000__1000___101013__>\nusername = 'frugal@latido.com.np', password = 'Test@123'\nproductname = 'Lucha (male)', leatherProfile = 'Mahogany Antique'\nleatherSize = '40', hardware = 'Silver', lining = 'Black', polyfill = 'No'\nsize = '40', bodytype = 'General Fit', length = 8, chest = 7, waist = '35'\nhips = 11, shoulder = 5, sleeves = 9, arms = 12, weight = 46, front = '8'\narmhole = 5.6, remarks = 'Test 004', price = 20000, discount = 1000\nOTP = '101013'\n\n    @allure.title(\"Create a New Order for store\")\n    @allure.description(\"Create a New Order for store\")\n    @allure.severity(allure.severity_level.NORMAL)\n    @data(*Utils.read_xlsx(\"../TestData/OrderTestData/orderTestCase.xlsx\", \"forStore\"))\n    @unpack\n    def test_create_order_store(self, username, password, productname, leatherProfile, leatherSize, hardware, lining,\n                                polyfill, size, bodytype, length, chest, waist, hips, shoulder, sleeves, arms, weight, front,\n                                armhole, remarks, price, discount, OTP):\n        # Login with Admin\n        self.LoginMethod.nativelogin(username, password)\n        try:\n            self.assertEqual(\n                self.Order.createOrder_Store(productname, leatherProfile, leatherSize, hardware, lining, polyfill,\n                                             size, bodytype, length, chest, waist, hips, shoulder, sleeves, arms,\n                                             weight, front, armhole, remarks, price, discount, OTP),\n                \"Order Succesfully Created\",\n                msg=\"Verification Failed to Create a new user.\")\n    \n        # Checking if assertion failed\n        except (NoSuchElementException, AssertionError, TimeoutException, AttributeError) as e:\n            allure.attach(self.driver.get_screenshot_as_png(), name=\"Creating order for Store.\",\n                          attachment_type=AttachmentType.PNG)\n>           self.log.error(f\"Assertion failed here while finding element. {str(e)}\")\nE           AttributeError: 'TestOrder' object has no attribute 'log'\n\nTestOrder.py:104: AttributeError","flaky":false,"newFailed":false,"newBroken":true,"newPassed":false,"retriesCount":0,"retriesStatusChange":false,"beforeStages":[{"name":"_unittest_setUpClass_fixture_TestOrder","time":{"start":1687500628072,"stop":1687500628072,"duration":0},"status":"passed","steps":[],"attachments":[],"parameters":[],"attachmentsCount":0,"shouldDisplayMessage":false,"stepsCount":0,"hasContent":false}],"testStage":{"description":"Create a New Order for store","status":"broken","statusMessage":"AttributeError: 'TestOrder' object has no attribute 'log'","statusTrace":"self = <TestsCases.TestOrder.TestOrder testMethod=test_create_order_store_3___frugal_latido_com_np____Test_123____Lucha__male...ilver____Black____No____40____General_Fit___8__7___35___11__5__9__12__46___8___5_6___Test_004___20000__1000___101013__>\nusername = 'frugal@latido.com.np', password = 'Test@123'\nproductname = 'Lucha (male)', leatherProfile = 'Mahogany Antique'\nleatherSize = '40', hardware = 'Silver', lining = 'Black', polyfill = 'No'\nsize = '40', bodytype = 'General Fit', length = 8, chest = 7, waist = '35'\nhips = 11, shoulder = 5, sleeves = 9, arms = 12, weight = 46, front = '8'\narmhole = 5.6, remarks = 'Test 004', price = 20000, discount = 1000\nOTP = '101013'\n\n    @allure.title(\"Create a New Order for store\")\n    @allure.description(\"Create a New Order for store\")\n    @allure.severity(allure.severity_level.NORMAL)\n    @data(*Utils.read_xlsx(\"../TestData/OrderTestData/orderTestCase.xlsx\", \"forStore\"))\n    @unpack\n    def test_create_order_store(self, username, password, productname, leatherProfile, leatherSize, hardware, lining,\n                                polyfill, size, bodytype, length, chest, waist, hips, shoulder, sleeves, arms, weight, front,\n                                armhole, remarks, price, discount, OTP):\n        # Login with Admin\n        self.LoginMethod.nativelogin(username, password)\n        try:\n>           self.assertEqual(\n                self.Order.createOrder_Store(productname, leatherProfile, leatherSize, hardware, lining, polyfill,\n                                             size, bodytype, length, chest, waist, hips, shoulder, sleeves, arms,\n                                             weight, front, armhole, remarks, price, discount, OTP),\n                \"Order Succesfully Created\",\n                msg=\"Verification Failed to Create a new user.\")\n\nTestOrder.py:93: \n_ _ _ _ _ _ _ _ _ _ _ _ _ _ _ _ _ _ _ _ _ _ _ _ _ _ _ _ _ _ _ _ _ _ _ _ _ _ _ _\n\nself = <TestsCases.TestOrder.TestOrder testMethod=test_create_order_store_3___frugal_latido_com_np____Test_123____Lucha__male...ilver____Black____No____40____General_Fit___8__7___35___11__5__9__12__46___8___5_6___Test_004___20000__1000___101013__>\nfirst = None, second = 'Order Succesfully Created'\nmsg = 'Verification Failed to Create a new user.'\n\n    def _patched_equals(self, first, second, msg=None):\n        try:\n>           old(self, first, second, msg)\n\nC:\\Program Files\\JetBrains\\PyCharm Community Edition 2022.3.3\\plugins\\python-ce\\helpers\\pycharm\\teamcity\\diff_tools.py:33: \n_ _ _ _ _ _ _ _ _ _ _ _ _ _ _ _ _ _ _ _ _ _ _ _ _ _ _ _ _ _ _ _ _ _ _ _ _ _ _ _\n\nself = <TestsCases.TestOrder.TestOrder testMethod=test_create_order_store_3___frugal_latido_com_np____Test_123____Lucha__male...ilver____Black____No____40____General_Fit___8__7___35___11__5__9__12__46___8___5_6___Test_004___20000__1000___101013__>\nfirst = None, second = 'Order Succesfully Created'\nmsg = 'Verification Failed to Create a new user.'\n\n    def assertEqual(self, first, second, msg=None):\n        \"\"\"Fail if the two objects are unequal as determined by the '=='\n           operator.\n        \"\"\"\n        assertion_func = self._getAssertEqualityFunc(first, second)\n>       assertion_func(first, second, msg=msg)\n\nC:\\Users\\HP\\AppData\\Local\\Programs\\Python\\Python310\\lib\\unittest\\case.py:845: \n_ _ _ _ _ _ _ _ _ _ _ _ _ _ _ _ _ _ _ _ _ _ _ _ _ _ _ _ _ _ _ _ _ _ _ _ _ _ _ _\n\nself = <TestsCases.TestOrder.TestOrder testMethod=test_create_order_store_3___frugal_latido_com_np____Test_123____Lucha__male...ilver____Black____No____40____General_Fit___8__7___35___11__5__9__12__46___8___5_6___Test_004___20000__1000___101013__>\nfirst = None, second = 'Order Succesfully Created'\nmsg = \"None != 'Order Succesfully Created' : Verification Failed to Create a new user.\"\n\n    def _baseAssertEqual(self, first, second, msg=None):\n        \"\"\"The default assertEqual implementation, not type specific.\"\"\"\n        if not first == second:\n            standardMsg = '%s != %s' % _common_shorten_repr(first, second)\n            msg = self._formatMessage(msg, standardMsg)\n>           raise self.failureException(msg)\nE           AssertionError: None != 'Order Succesfully Created' : Verification Failed to Create a new user.\n\nC:\\Users\\HP\\AppData\\Local\\Programs\\Python\\Python310\\lib\\unittest\\case.py:838: AssertionError\n\nDuring handling of the above exception, another exception occurred:\n\nself = <TestsCases.TestOrder.TestOrder testMethod=test_create_order_store_3___frugal_latido_com_np____Test_123____Lucha__male...ilver____Black____No____40____General_Fit___8__7___35___11__5__9__12__46___8___5_6___Test_004___20000__1000___101013__>\nusername = 'frugal@latido.com.np', password = 'Test@123'\nproductname = 'Lucha (male)', leatherProfile = 'Mahogany Antique'\nleatherSize = '40', hardware = 'Silver', lining = 'Black', polyfill = 'No'\nsize = '40', bodytype = 'General Fit', length = 8, chest = 7, waist = '35'\nhips = 11, shoulder = 5, sleeves = 9, arms = 12, weight = 46, front = '8'\narmhole = 5.6, remarks = 'Test 004', price = 20000, discount = 1000\nOTP = '101013'\n\n    @allure.title(\"Create a New Order for store\")\n    @allure.description(\"Create a New Order for store\")\n    @allure.severity(allure.severity_level.NORMAL)\n    @data(*Utils.read_xlsx(\"../TestData/OrderTestData/orderTestCase.xlsx\", \"forStore\"))\n    @unpack\n    def test_create_order_store(self, username, password, productname, leatherProfile, leatherSize, hardware, lining,\n                                polyfill, size, bodytype, length, chest, waist, hips, shoulder, sleeves, arms, weight, front,\n                                armhole, remarks, price, discount, OTP):\n        # Login with Admin\n        self.LoginMethod.nativelogin(username, password)\n        try:\n            self.assertEqual(\n                self.Order.createOrder_Store(productname, leatherProfile, leatherSize, hardware, lining, polyfill,\n                                             size, bodytype, length, chest, waist, hips, shoulder, sleeves, arms,\n                                             weight, front, armhole, remarks, price, discount, OTP),\n                \"Order Succesfully Created\",\n                msg=\"Verification Failed to Create a new user.\")\n    \n        # Checking if assertion failed\n        except (NoSuchElementException, AssertionError, TimeoutException, AttributeError) as e:\n            allure.attach(self.driver.get_screenshot_as_png(), name=\"Creating order for Store.\",\n                          attachment_type=AttachmentType.PNG)\n>           self.log.error(f\"Assertion failed here while finding element. {str(e)}\")\nE           AttributeError: 'TestOrder' object has no attribute 'log'\n\nTestOrder.py:104: AttributeError","steps":[],"attachments":[{"uid":"11106cd4973b8a5c","name":"Creating order for Store.","source":"11106cd4973b8a5c.png","type":"image/png","size":106510},{"uid":"997fb5b8c29c1a43","name":"log","source":"997fb5b8c29c1a43.txt","type":"text/plain","size":2555}],"parameters":[],"attachmentsCount":2,"shouldDisplayMessage":true,"stepsCount":0,"hasContent":true},"afterStages":[{"name":"_unittest_setUpClass_fixture_TestOrder::0","time":{"start":1687502716177,"stop":1687502716177,"duration":0},"status":"passed","steps":[],"attachments":[],"parameters":[],"attachmentsCount":0,"shouldDisplayMessage":false,"stepsCount":0,"hasContent":false}],"labels":[{"name":"feature","value":"Order List"},{"name":"severity","value":"normal"},{"name":"suite","value":"TestOrder"},{"name":"subSuite","value":"TestOrder"},{"name":"host","value":"0day"},{"name":"thread","value":"2692-MainThread"},{"name":"framework","value":"pytest"},{"name":"language","value":"cpython3"},{"name":"package","value":"TestOrder"},{"name":"resultFormat","value":"allure2"}],"parameters":[],"links":[],"hidden":false,"retry":false,"extra":{"severity":"normal","retries":[],"categories":[{"name":"Test defects","matchedStatuses":[],"flaky":false}],"history":{"statistic":{"failed":0,"broken":2,"skipped":0,"passed":8,"unknown":0,"total":10},"items":[{"uid":"ce5a2b28c7a6ad07","status":"passed","time":{"start":1686891940770,"stop":1686891988925,"duration":48155}},{"uid":"ee94f955a825cf95","status":"passed","time":{"start":1686289006745,"stop":1686289056029,"duration":49284}},{"uid":"33e5484a910a71c2","status":"passed","time":{"start":1685710934536,"stop":1685710976995,"duration":42459}},{"uid":"70dd5b01dbd9f383","status":"passed","time":{"start":1685345112206,"stop":1685345153177,"duration":40971}},{"uid":"4105d317a3687bb0","status":"passed","time":{"start":1685108172684,"stop":1685108214777,"duration":42093}},{"uid":"662695ba0e4b3520","status":"broken","statusDetails":"selenium.common.exceptions.NoSuchElementException: Message: no such element: Unable to locate element: {\"method\":\"xpath\",\"selector\":\"/html/body/div[11]/div/div[2]/div/div[2]/div[2]/form/input\"}\n  (Session info: chrome=113.0.5672.127)\nStacktrace:\nBacktrace:\n\tGetHandleVerifier [0x00FC8893+48451]\n\t(No symbol) [0x00F5B8A1]\n\t(No symbol) [0x00E65058]\n\t(No symbol) [0x00E90467]\n\t(No symbol) [0x00E9069B]\n\t(No symbol) [0x00EBDD92]\n\t(No symbol) [0x00EAA304]\n\t(No symbol) [0x00EBC482]\n\t(No symbol) [0x00EAA0B6]\n\t(No symbol) [0x00E87E08]\n\t(No symbol) [0x00E88F2D]\n\tGetHandleVerifier [0x01228E3A+2540266]\n\tGetHandleVerifier [0x01268959+2801161]\n\tGetHandleVerifier [0x0126295C+2776588]\n\tGetHandleVerifier [0x01052280+612144]\n\t(No symbol) [0x00F64F6C]\n\t(No symbol) [0x00F611D8]\n\t(No symbol) [0x00F612BB]\n\t(No symbol) [0x00F54857]\n\tBaseThreadInitThunk [0x75467D59+25]\n\tRtlInitializeExceptionChain [0x777AB74B+107]\n\tRtlClearBits [0x777AB6CF+191]","time":{"start":1685024312377,"stop":1685024338146,"duration":25769}},{"uid":"df02a6c1742dba30","status":"passed","time":{"start":1684416870092,"stop":1684416916200,"duration":46108}},{"uid":"5e62f319a3a54d9e","status":"passed","time":{"start":1683887593840,"stop":1683887638980,"duration":45140}},{"uid":"36f5d38e90ea1553","status":"passed","time":{"start":1683187724640,"stop":1683187768106,"duration":43466}}]},"tags":[]},"source":"e443caa5ae499968.json","parameterValues":[]}