{"uid":"4edcb15fc9bc963d","name":"test_05_edit_product_subcategory_4___Category_edit_04____Sub_category_04____Edited_Sub_category_04__","fullName":"Test_12_ProductCategory.TestProductCategory#test_05_edit_product_subcategory_4___Category_edit_04____Sub_category_04____Edited_Sub_category_04__","historyId":"aabaa71c77ebbe64e22582c6acbb2544","time":{"start":1691142363190,"stop":1691142406463,"duration":43273},"description":"To verify edit Product Sub-category. ","descriptionHtml":"<p>To verify edit Product Sub-category.</p>\n","status":"broken","statusMessage":"selenium.common.exceptions.TimeoutException: Message: \nStacktrace:\nBacktrace:\n\tGetHandleVerifier [0x0042A813+48355]\n\t(No symbol) [0x003BC4B1]\n\t(No symbol) [0x002C5358]\n\t(No symbol) [0x002F09A5]\n\t(No symbol) [0x002F0B3B]\n\t(No symbol) [0x0031E232]\n\t(No symbol) [0x0030A784]\n\t(No symbol) [0x0031C922]\n\t(No symbol) [0x0030A536]\n\t(No symbol) [0x002E82DC]\n\t(No symbol) [0x002E93DD]\n\tGetHandleVerifier [0x0068AABD+2539405]\n\tGetHandleVerifier [0x006CA78F+2800735]\n\tGetHandleVerifier [0x006C456C+2775612]\n\tGetHandleVerifier [0x004B51E0+616112]\n\t(No symbol) [0x003C5F8C]\n\t(No symbol) [0x003C2328]\n\t(No symbol) [0x003C240B]\n\t(No symbol) [0x003B4FF7]\n\tBaseThreadInitThunk [0x75E07D59+25]\n\tRtlInitializeExceptionChain [0x774BB79B+107]\n\tRtlClearBits [0x774BB71F+191]","statusTrace":"self = <TestsCases.Test_12_ProductCategory.TestProductCategory testMethod=test_05_edit_product_subcategory_4___Category_edit_04____Sub_category_04____Edited_Sub_category_04__>\nmain_category = 'Category-edit-04', sub_category = 'Sub-category-04'\nedit_name = 'Edited-Sub-category-04'\n\n    @allure.description(\"To verify edit Product Sub-category. \")\n    @allure.severity(allure.severity_level.NORMAL)\n    @data(*Utils.read_xlsx(\"../TestData/ProductCategory/TestProductCategory.xlsx\", \"edit_subCategory\"))\n    @unpack\n    def test_05_edit_product_subcategory(self, main_category, sub_category, edit_name):\n        self.LoginMethod.nativelogin(\"frugal@latido.com.np\", \"Test@123\")\n        try:\n            self.assertEqual(self.category.test_edit_Subcategory(main_category, sub_category, edit_name), True,\n                             msg=\"Verify Failed to edit Product SUb-category page\")\n        # Checking if assertion failed\n        except (NoSuchElementException, AssertionError, TimeoutException, AttributeError) as e:\n            allure.attach(self.driver.get_screenshot_as_png(), name=\"verify_Product_Category\",\n                          attachment_type=AttachmentType.PNG)\n>           raise e\n\nTest_12_ProductCategory.py:99: \n_ _ _ _ _ _ _ _ _ _ _ _ _ _ _ _ _ _ _ _ _ _ _ _ _ _ _ _ _ _ _ _ _ _ _ _ _ _ _ _\nTest_12_ProductCategory.py:93: in test_05_edit_product_subcategory\n    self.assertEqual(self.category.test_edit_Subcategory(main_category, sub_category, edit_name), True,\n..\\executions\\ProductCategoryExecutions\\ProductCategoryMethod.py:80: in test_edit_Subcategory\n    self.Category.clear(self.Category.CATEGORY_NAME)\n..\\Pages\\ProductCategory\\ProductCategoryPage.py:56: in clear\n    self.wait.until(EC.element_to_be_clickable(locator)).send_keys(Keys.CONTROL + 'a')\n_ _ _ _ _ _ _ _ _ _ _ _ _ _ _ _ _ _ _ _ _ _ _ _ _ _ _ _ _ _ _ _ _ _ _ _ _ _ _ _\n\nself = <selenium.webdriver.support.wait.WebDriverWait (session=\"0abc56480f7143a3113a6f1e4d026557\")>\nmethod = <function element_to_be_clickable.<locals>._predicate at 0x000002A6A0FAE950>\nmessage = ''\n\n    def until(self, method, message: str = \"\"):\n        \"\"\"Calls the method provided with the driver as an argument until the \\\n        return value does not evaluate to ``False``.\n    \n        :param method: callable(WebDriver)\n        :param message: optional message for :exc:`TimeoutException`\n        :returns: the result of the last call to `method`\n        :raises: :exc:`selenium.common.exceptions.TimeoutException` if timeout occurs\n        \"\"\"\n        screen = None\n        stacktrace = None\n    \n        end_time = time.monotonic() + self._timeout\n        while True:\n            try:\n                value = method(self._driver)\n                if value:\n                    return value\n            except self._ignored_exceptions as exc:\n                screen = getattr(exc, \"screen\", None)\n                stacktrace = getattr(exc, \"stacktrace\", None)\n            time.sleep(self._poll)\n            if time.monotonic() > end_time:\n                break\n>       raise TimeoutException(message, screen, stacktrace)\nE       selenium.common.exceptions.TimeoutException: Message: \nE       Stacktrace:\nE       Backtrace:\nE       \tGetHandleVerifier [0x0042A813+48355]\nE       \t(No symbol) [0x003BC4B1]\nE       \t(No symbol) [0x002C5358]\nE       \t(No symbol) [0x002F09A5]\nE       \t(No symbol) [0x002F0B3B]\nE       \t(No symbol) [0x0031E232]\nE       \t(No symbol) [0x0030A784]\nE       \t(No symbol) [0x0031C922]\nE       \t(No symbol) [0x0030A536]\nE       \t(No symbol) [0x002E82DC]\nE       \t(No symbol) [0x002E93DD]\nE       \tGetHandleVerifier [0x0068AABD+2539405]\nE       \tGetHandleVerifier [0x006CA78F+2800735]\nE       \tGetHandleVerifier [0x006C456C+2775612]\nE       \tGetHandleVerifier [0x004B51E0+616112]\nE       \t(No symbol) [0x003C5F8C]\nE       \t(No symbol) [0x003C2328]\nE       \t(No symbol) [0x003C240B]\nE       \t(No symbol) [0x003B4FF7]\nE       \tBaseThreadInitThunk [0x75E07D59+25]\nE       \tRtlInitializeExceptionChain [0x774BB79B+107]\nE       \tRtlClearBits [0x774BB71F+191]\n\n..\\.venv\\lib\\site-packages\\selenium\\webdriver\\support\\wait.py:95: TimeoutException","flaky":false,"newFailed":false,"newBroken":false,"newPassed":false,"retriesCount":0,"retriesStatusChange":false,"beforeStages":[{"name":"_unittest_setUpClass_fixture_TestProductCategory","time":{"start":1691141878583,"stop":1691141878583,"duration":0},"status":"passed","steps":[],"attachments":[],"parameters":[],"stepsCount":0,"hasContent":false,"shouldDisplayMessage":false,"attachmentsCount":0}],"testStage":{"description":"To verify edit Product Sub-category. ","status":"broken","statusMessage":"selenium.common.exceptions.TimeoutException: Message: \nStacktrace:\nBacktrace:\n\tGetHandleVerifier [0x0042A813+48355]\n\t(No symbol) [0x003BC4B1]\n\t(No symbol) [0x002C5358]\n\t(No symbol) [0x002F09A5]\n\t(No symbol) [0x002F0B3B]\n\t(No symbol) [0x0031E232]\n\t(No symbol) [0x0030A784]\n\t(No symbol) [0x0031C922]\n\t(No symbol) [0x0030A536]\n\t(No symbol) [0x002E82DC]\n\t(No symbol) [0x002E93DD]\n\tGetHandleVerifier [0x0068AABD+2539405]\n\tGetHandleVerifier [0x006CA78F+2800735]\n\tGetHandleVerifier [0x006C456C+2775612]\n\tGetHandleVerifier [0x004B51E0+616112]\n\t(No symbol) [0x003C5F8C]\n\t(No symbol) [0x003C2328]\n\t(No symbol) [0x003C240B]\n\t(No symbol) [0x003B4FF7]\n\tBaseThreadInitThunk [0x75E07D59+25]\n\tRtlInitializeExceptionChain [0x774BB79B+107]\n\tRtlClearBits [0x774BB71F+191]","statusTrace":"self = <TestsCases.Test_12_ProductCategory.TestProductCategory testMethod=test_05_edit_product_subcategory_4___Category_edit_04____Sub_category_04____Edited_Sub_category_04__>\nmain_category = 'Category-edit-04', sub_category = 'Sub-category-04'\nedit_name = 'Edited-Sub-category-04'\n\n    @allure.description(\"To verify edit Product Sub-category. \")\n    @allure.severity(allure.severity_level.NORMAL)\n    @data(*Utils.read_xlsx(\"../TestData/ProductCategory/TestProductCategory.xlsx\", \"edit_subCategory\"))\n    @unpack\n    def test_05_edit_product_subcategory(self, main_category, sub_category, edit_name):\n        self.LoginMethod.nativelogin(\"frugal@latido.com.np\", \"Test@123\")\n        try:\n            self.assertEqual(self.category.test_edit_Subcategory(main_category, sub_category, edit_name), True,\n                             msg=\"Verify Failed to edit Product SUb-category page\")\n        # Checking if assertion failed\n        except (NoSuchElementException, AssertionError, TimeoutException, AttributeError) as e:\n            allure.attach(self.driver.get_screenshot_as_png(), name=\"verify_Product_Category\",\n                          attachment_type=AttachmentType.PNG)\n>           raise e\n\nTest_12_ProductCategory.py:99: \n_ _ _ _ _ _ _ _ _ _ _ _ _ _ _ _ _ _ _ _ _ _ _ _ _ _ _ _ _ _ _ _ _ _ _ _ _ _ _ _\nTest_12_ProductCategory.py:93: in test_05_edit_product_subcategory\n    self.assertEqual(self.category.test_edit_Subcategory(main_category, sub_category, edit_name), True,\n..\\executions\\ProductCategoryExecutions\\ProductCategoryMethod.py:80: in test_edit_Subcategory\n    self.Category.clear(self.Category.CATEGORY_NAME)\n..\\Pages\\ProductCategory\\ProductCategoryPage.py:56: in clear\n    self.wait.until(EC.element_to_be_clickable(locator)).send_keys(Keys.CONTROL + 'a')\n_ _ _ _ _ _ _ _ _ _ _ _ _ _ _ _ _ _ _ _ _ _ _ _ _ _ _ _ _ _ _ _ _ _ _ _ _ _ _ _\n\nself = <selenium.webdriver.support.wait.WebDriverWait (session=\"0abc56480f7143a3113a6f1e4d026557\")>\nmethod = <function element_to_be_clickable.<locals>._predicate at 0x000002A6A0FAE950>\nmessage = ''\n\n    def until(self, method, message: str = \"\"):\n        \"\"\"Calls the method provided with the driver as an argument until the \\\n        return value does not evaluate to ``False``.\n    \n        :param method: callable(WebDriver)\n        :param message: optional message for :exc:`TimeoutException`\n        :returns: the result of the last call to `method`\n        :raises: :exc:`selenium.common.exceptions.TimeoutException` if timeout occurs\n        \"\"\"\n        screen = None\n        stacktrace = None\n    \n        end_time = time.monotonic() + self._timeout\n        while True:\n            try:\n                value = method(self._driver)\n                if value:\n                    return value\n            except self._ignored_exceptions as exc:\n                screen = getattr(exc, \"screen\", None)\n                stacktrace = getattr(exc, \"stacktrace\", None)\n            time.sleep(self._poll)\n            if time.monotonic() > end_time:\n                break\n>       raise TimeoutException(message, screen, stacktrace)\nE       selenium.common.exceptions.TimeoutException: Message: \nE       Stacktrace:\nE       Backtrace:\nE       \tGetHandleVerifier [0x0042A813+48355]\nE       \t(No symbol) [0x003BC4B1]\nE       \t(No symbol) [0x002C5358]\nE       \t(No symbol) [0x002F09A5]\nE       \t(No symbol) [0x002F0B3B]\nE       \t(No symbol) [0x0031E232]\nE       \t(No symbol) [0x0030A784]\nE       \t(No symbol) [0x0031C922]\nE       \t(No symbol) [0x0030A536]\nE       \t(No symbol) [0x002E82DC]\nE       \t(No symbol) [0x002E93DD]\nE       \tGetHandleVerifier [0x0068AABD+2539405]\nE       \tGetHandleVerifier [0x006CA78F+2800735]\nE       \tGetHandleVerifier [0x006C456C+2775612]\nE       \tGetHandleVerifier [0x004B51E0+616112]\nE       \t(No symbol) [0x003C5F8C]\nE       \t(No symbol) [0x003C2328]\nE       \t(No symbol) [0x003C240B]\nE       \t(No symbol) [0x003B4FF7]\nE       \tBaseThreadInitThunk [0x75E07D59+25]\nE       \tRtlInitializeExceptionChain [0x774BB79B+107]\nE       \tRtlClearBits [0x774BB71F+191]\n\n..\\.venv\\lib\\site-packages\\selenium\\webdriver\\support\\wait.py:95: TimeoutException","steps":[],"attachments":[{"uid":"6d6dd480e447e4d7","name":"verify_Product_Category","source":"6d6dd480e447e4d7.png","type":"image/png","size":499170},{"uid":"8f415d1fcd93c74","name":"log","source":"8f415d1fcd93c74.txt","type":"text/plain","size":901}],"parameters":[],"stepsCount":0,"hasContent":true,"shouldDisplayMessage":true,"attachmentsCount":2},"afterStages":[{"name":"_unittest_setUpClass_fixture_TestProductCategory::0","time":{"start":1691142461088,"stop":1691142461088,"duration":0},"status":"passed","steps":[],"attachments":[],"parameters":[],"stepsCount":0,"hasContent":false,"shouldDisplayMessage":false,"attachmentsCount":0}],"labels":[{"name":"severity","value":"normal"},{"name":"feature","value":"Product Category"},{"name":"suite","value":"Test_12_ProductCategory"},{"name":"subSuite","value":"TestProductCategory"},{"name":"host","value":"0day"},{"name":"thread","value":"16584-MainThread"},{"name":"framework","value":"pytest"},{"name":"language","value":"cpython3"},{"name":"package","value":"Test_12_ProductCategory"},{"name":"resultFormat","value":"allure2"}],"parameters":[],"links":[],"hidden":false,"retry":false,"extra":{"severity":"normal","retries":[],"categories":[{"name":"Test defects","matchedStatuses":[],"flaky":false}],"tags":[]},"source":"4edcb15fc9bc963d.json","parameterValues":[]}