{"uid":"b0bba681de7a9d5","name":"Create a new Order for existing Customer","fullName":"TestOrder.TestOrder#test_create_order_customer_1___frugal_latido_com_np____Test_123___9860838858___female____Ek__male_____Black_Sheep____38____Silver____Black____No____40___5_6__4_4__5__46__8__12__11__7__1__9___Fit____Test_001____2023_05_29___100900_","historyId":"d3907803b38a7685fec979eeef98d2ad","time":{"start":1685023989696,"stop":1685024015828,"duration":26132},"status":"broken","statusMessage":"selenium.common.exceptions.TimeoutException: Message: \nStacktrace:\nBacktrace:\n\tGetHandleVerifier [0x00FC8893+48451]\n\t(No symbol) [0x00F5B8A1]\n\t(No symbol) [0x00E65058]\n\t(No symbol) [0x00E90467]\n\t(No symbol) [0x00E9069B]\n\t(No symbol) [0x00EBDD92]\n\t(No symbol) [0x00EAA304]\n\t(No symbol) [0x00EBC482]\n\t(No symbol) [0x00EAA0B6]\n\t(No symbol) [0x00E87E08]\n\t(No symbol) [0x00E88F2D]\n\tGetHandleVerifier [0x01228E3A+2540266]\n\tGetHandleVerifier [0x01268959+2801161]\n\tGetHandleVerifier [0x0126295C+2776588]\n\tGetHandleVerifier [0x01052280+612144]\n\t(No symbol) [0x00F64F6C]\n\t(No symbol) [0x00F611D8]\n\t(No symbol) [0x00F612BB]\n\t(No symbol) [0x00F54857]\n\tBaseThreadInitThunk [0x75467D59+25]\n\tRtlInitializeExceptionChain [0x777AB74B+107]\n\tRtlClearBits [0x777AB6CF+191]","statusTrace":"self = <TestsCases.TestOrder.TestOrder testMethod=test_create_order_customer_1___frugal_latido_com_np____Test_123___986083885...p____38____Silver____Black____No____40___5_6__4_4__5__46__8__12__11__7__1__9___Fit____Test_001____2023_05_29___100900_>\nusername = 'frugal@latido.com.np', password = 'Test@123', contactNo = 9860838858\ngender = 'female', productname = 'Ek (male)', leatherProfile = 'Black Sheep'\nleatherSize = '38', hardware = 'Silver', lining = 'Black', polyfill = 'No'\nsize = '40', armhole = 5.6, height = 4.4, shoulder = 5, weight = 46, length = 8\narms = 12, hips = 11, chest = 7, waist = 1, sleeves = 9, bodytype = 'Fit'\nremark = 'Test 001', date = '2023-05-29', OTP = 100900\n\n    @allure.title(f\"Create a new Order for existing Customer\")\n    @allure.story(\"Create an Order for existing Customer \")\n    @allure.severity(allure.severity_level.NORMAL)\n    @data(*Utils.read_xlsx(\"../TestData/OrderTestData/orderTestCase.xlsx\", \"forCustomer\"))\n    @unpack\n    def test_create_order_customer(self, username, password, contactNo, gender, productname, leatherProfile,\n                                   leatherSize, hardware, lining, polyfill, size, armhole, height, shoulder, weight,\n                                   length, arms, hips, chest, waist, sleeves, bodytype, remark, date, OTP):\n        self.LoginMethod.nativelogin(self.driver, username, password)\n        test_case_name = f\"Create a new Order for existing Customer : {contactNo} \"\n        try:\n            self.assertEqual(\n                self.Order.createOrder_Customer(contactNo, gender, productname, leatherProfile, leatherSize, hardware,\n                                                lining, polyfill, size, armhole, height, shoulder, weight, length, arms,\n                                                hips, chest, waist, sleeves, bodytype, remark, date, OTP),\n                \"Order Succesfully Created\", msg=\"Verification Failed to Create a new Order.\")\n    \n        # Checking if assertion failed\n        except (NoSuchElementException, AssertionError, TimeoutException) as e:\n            allure.attach(self.driver.get_screenshot_as_png(), name=\"Failed_for_customer\",\n                          attachment_type=AttachmentType.PNG)\n            self.log.error(f\"Assertion failed here while finding element. {str(e)}\")\n>           raise e\n\nTestOrder.py:54: \n_ _ _ _ _ _ _ _ _ _ _ _ _ _ _ _ _ _ _ _ _ _ _ _ _ _ _ _ _ _ _ _ _ _ _ _ _ _ _ _\nTestOrder.py:44: in test_create_order_customer\n    self.Order.createOrder_Customer(contactNo, gender, productname, leatherProfile, leatherSize, hardware,\n..\\executions\\OrdersExecutions\\OrderMethods.py:277: in createOrder_Customer\n    self.order.move_next()\n..\\Pages\\Order\\OrderPage.py:70: in move_next\n    return self.wait.until(EC.element_to_be_clickable(self.ClickOnNext)).click()\n_ _ _ _ _ _ _ _ _ _ _ _ _ _ _ _ _ _ _ _ _ _ _ _ _ _ _ _ _ _ _ _ _ _ _ _ _ _ _ _\n\nself = <selenium.webdriver.support.wait.WebDriverWait (session=\"6a2fb2b21880f74488f5076969653415\")>\nmethod = <function element_to_be_clickable.<locals>._predicate at 0x000002016B1CD990>\nmessage = ''\n\n    def until(self, method, message: str = \"\"):\n        \"\"\"Calls the method provided with the driver as an argument until the \\\n        return value does not evaluate to ``False``.\n    \n        :param method: callable(WebDriver)\n        :param message: optional message for :exc:`TimeoutException`\n        :returns: the result of the last call to `method`\n        :raises: :exc:`selenium.common.exceptions.TimeoutException` if timeout occurs\n        \"\"\"\n        screen = None\n        stacktrace = None\n    \n        end_time = time.monotonic() + self._timeout\n        while True:\n            try:\n                value = method(self._driver)\n                if value:\n                    return value\n            except self._ignored_exceptions as exc:\n                screen = getattr(exc, \"screen\", None)\n                stacktrace = getattr(exc, \"stacktrace\", None)\n            time.sleep(self._poll)\n            if time.monotonic() > end_time:\n                break\n>       raise TimeoutException(message, screen, stacktrace)\nE       selenium.common.exceptions.TimeoutException: Message: \nE       Stacktrace:\nE       Backtrace:\nE       \tGetHandleVerifier [0x00FC8893+48451]\nE       \t(No symbol) [0x00F5B8A1]\nE       \t(No symbol) [0x00E65058]\nE       \t(No symbol) [0x00E90467]\nE       \t(No symbol) [0x00E9069B]\nE       \t(No symbol) [0x00EBDD92]\nE       \t(No symbol) [0x00EAA304]\nE       \t(No symbol) [0x00EBC482]\nE       \t(No symbol) [0x00EAA0B6]\nE       \t(No symbol) [0x00E87E08]\nE       \t(No symbol) [0x00E88F2D]\nE       \tGetHandleVerifier [0x01228E3A+2540266]\nE       \tGetHandleVerifier [0x01268959+2801161]\nE       \tGetHandleVerifier [0x0126295C+2776588]\nE       \tGetHandleVerifier [0x01052280+612144]\nE       \t(No symbol) [0x00F64F6C]\nE       \t(No symbol) [0x00F611D8]\nE       \t(No symbol) [0x00F612BB]\nE       \t(No symbol) [0x00F54857]\nE       \tBaseThreadInitThunk [0x75467D59+25]\nE       \tRtlInitializeExceptionChain [0x777AB74B+107]\nE       \tRtlClearBits [0x777AB6CF+191]\n\n..\\.venv\\lib\\site-packages\\selenium\\webdriver\\support\\wait.py:95: TimeoutException","flaky":false,"newFailed":false,"newBroken":false,"newPassed":false,"retriesCount":0,"retriesStatusChange":false,"beforeStages":[{"name":"_unittest_setUpClass_fixture_TestOrder","time":{"start":1685021911346,"stop":1685021911346,"duration":0},"status":"passed","steps":[],"attachments":[],"parameters":[],"attachmentsCount":0,"shouldDisplayMessage":false,"stepsCount":0,"hasContent":false}],"testStage":{"status":"broken","statusMessage":"selenium.common.exceptions.TimeoutException: Message: \nStacktrace:\nBacktrace:\n\tGetHandleVerifier [0x00FC8893+48451]\n\t(No symbol) [0x00F5B8A1]\n\t(No symbol) [0x00E65058]\n\t(No symbol) [0x00E90467]\n\t(No symbol) [0x00E9069B]\n\t(No symbol) [0x00EBDD92]\n\t(No symbol) [0x00EAA304]\n\t(No symbol) [0x00EBC482]\n\t(No symbol) [0x00EAA0B6]\n\t(No symbol) [0x00E87E08]\n\t(No symbol) [0x00E88F2D]\n\tGetHandleVerifier [0x01228E3A+2540266]\n\tGetHandleVerifier [0x01268959+2801161]\n\tGetHandleVerifier [0x0126295C+2776588]\n\tGetHandleVerifier [0x01052280+612144]\n\t(No symbol) [0x00F64F6C]\n\t(No symbol) [0x00F611D8]\n\t(No symbol) [0x00F612BB]\n\t(No symbol) [0x00F54857]\n\tBaseThreadInitThunk [0x75467D59+25]\n\tRtlInitializeExceptionChain [0x777AB74B+107]\n\tRtlClearBits [0x777AB6CF+191]","statusTrace":"self = <TestsCases.TestOrder.TestOrder testMethod=test_create_order_customer_1___frugal_latido_com_np____Test_123___986083885...p____38____Silver____Black____No____40___5_6__4_4__5__46__8__12__11__7__1__9___Fit____Test_001____2023_05_29___100900_>\nusername = 'frugal@latido.com.np', password = 'Test@123', contactNo = 9860838858\ngender = 'female', productname = 'Ek (male)', leatherProfile = 'Black Sheep'\nleatherSize = '38', hardware = 'Silver', lining = 'Black', polyfill = 'No'\nsize = '40', armhole = 5.6, height = 4.4, shoulder = 5, weight = 46, length = 8\narms = 12, hips = 11, chest = 7, waist = 1, sleeves = 9, bodytype = 'Fit'\nremark = 'Test 001', date = '2023-05-29', OTP = 100900\n\n    @allure.title(f\"Create a new Order for existing Customer\")\n    @allure.story(\"Create an Order for existing Customer \")\n    @allure.severity(allure.severity_level.NORMAL)\n    @data(*Utils.read_xlsx(\"../TestData/OrderTestData/orderTestCase.xlsx\", \"forCustomer\"))\n    @unpack\n    def test_create_order_customer(self, username, password, contactNo, gender, productname, leatherProfile,\n                                   leatherSize, hardware, lining, polyfill, size, armhole, height, shoulder, weight,\n                                   length, arms, hips, chest, waist, sleeves, bodytype, remark, date, OTP):\n        self.LoginMethod.nativelogin(self.driver, username, password)\n        test_case_name = f\"Create a new Order for existing Customer : {contactNo} \"\n        try:\n            self.assertEqual(\n                self.Order.createOrder_Customer(contactNo, gender, productname, leatherProfile, leatherSize, hardware,\n                                                lining, polyfill, size, armhole, height, shoulder, weight, length, arms,\n                                                hips, chest, waist, sleeves, bodytype, remark, date, OTP),\n                \"Order Succesfully Created\", msg=\"Verification Failed to Create a new Order.\")\n    \n        # Checking if assertion failed\n        except (NoSuchElementException, AssertionError, TimeoutException) as e:\n            allure.attach(self.driver.get_screenshot_as_png(), name=\"Failed_for_customer\",\n                          attachment_type=AttachmentType.PNG)\n            self.log.error(f\"Assertion failed here while finding element. {str(e)}\")\n>           raise e\n\nTestOrder.py:54: \n_ _ _ _ _ _ _ _ _ _ _ _ _ _ _ _ _ _ _ _ _ _ _ _ _ _ _ _ _ _ _ _ _ _ _ _ _ _ _ _\nTestOrder.py:44: in test_create_order_customer\n    self.Order.createOrder_Customer(contactNo, gender, productname, leatherProfile, leatherSize, hardware,\n..\\executions\\OrdersExecutions\\OrderMethods.py:277: in createOrder_Customer\n    self.order.move_next()\n..\\Pages\\Order\\OrderPage.py:70: in move_next\n    return self.wait.until(EC.element_to_be_clickable(self.ClickOnNext)).click()\n_ _ _ _ _ _ _ _ _ _ _ _ _ _ _ _ _ _ _ _ _ _ _ _ _ _ _ _ _ _ _ _ _ _ _ _ _ _ _ _\n\nself = <selenium.webdriver.support.wait.WebDriverWait (session=\"6a2fb2b21880f74488f5076969653415\")>\nmethod = <function element_to_be_clickable.<locals>._predicate at 0x000002016B1CD990>\nmessage = ''\n\n    def until(self, method, message: str = \"\"):\n        \"\"\"Calls the method provided with the driver as an argument until the \\\n        return value does not evaluate to ``False``.\n    \n        :param method: callable(WebDriver)\n        :param message: optional message for :exc:`TimeoutException`\n        :returns: the result of the last call to `method`\n        :raises: :exc:`selenium.common.exceptions.TimeoutException` if timeout occurs\n        \"\"\"\n        screen = None\n        stacktrace = None\n    \n        end_time = time.monotonic() + self._timeout\n        while True:\n            try:\n                value = method(self._driver)\n                if value:\n                    return value\n            except self._ignored_exceptions as exc:\n                screen = getattr(exc, \"screen\", None)\n                stacktrace = getattr(exc, \"stacktrace\", None)\n            time.sleep(self._poll)\n            if time.monotonic() > end_time:\n                break\n>       raise TimeoutException(message, screen, stacktrace)\nE       selenium.common.exceptions.TimeoutException: Message: \nE       Stacktrace:\nE       Backtrace:\nE       \tGetHandleVerifier [0x00FC8893+48451]\nE       \t(No symbol) [0x00F5B8A1]\nE       \t(No symbol) [0x00E65058]\nE       \t(No symbol) [0x00E90467]\nE       \t(No symbol) [0x00E9069B]\nE       \t(No symbol) [0x00EBDD92]\nE       \t(No symbol) [0x00EAA304]\nE       \t(No symbol) [0x00EBC482]\nE       \t(No symbol) [0x00EAA0B6]\nE       \t(No symbol) [0x00E87E08]\nE       \t(No symbol) [0x00E88F2D]\nE       \tGetHandleVerifier [0x01228E3A+2540266]\nE       \tGetHandleVerifier [0x01268959+2801161]\nE       \tGetHandleVerifier [0x0126295C+2776588]\nE       \tGetHandleVerifier [0x01052280+612144]\nE       \t(No symbol) [0x00F64F6C]\nE       \t(No symbol) [0x00F611D8]\nE       \t(No symbol) [0x00F612BB]\nE       \t(No symbol) [0x00F54857]\nE       \tBaseThreadInitThunk [0x75467D59+25]\nE       \tRtlInitializeExceptionChain [0x777AB74B+107]\nE       \tRtlClearBits [0x777AB6CF+191]\n\n..\\.venv\\lib\\site-packages\\selenium\\webdriver\\support\\wait.py:95: TimeoutException","steps":[],"attachments":[{"uid":"e04c42e4a8c9f577","name":"Failed_for_customer","source":"e04c42e4a8c9f577.png","type":"image/png","size":53304},{"uid":"844ec0b78ee5bbee","name":"log","source":"844ec0b78ee5bbee.txt","type":"text/plain","size":787}],"parameters":[],"attachmentsCount":2,"shouldDisplayMessage":true,"stepsCount":0,"hasContent":true},"afterStages":[{"name":"_unittest_setUpClass_fixture_TestOrder::0","time":{"start":1685024388837,"stop":1685024388837,"duration":0},"status":"passed","steps":[],"attachments":[],"parameters":[],"attachmentsCount":0,"shouldDisplayMessage":false,"stepsCount":0,"hasContent":false}],"labels":[{"name":"story","value":"Create an Order for existing Customer "},{"name":"feature","value":"Order List"},{"name":"severity","value":"normal"},{"name":"suite","value":"TestOrder"},{"name":"subSuite","value":"TestOrder"},{"name":"host","value":"0day"},{"name":"thread","value":"4200-MainThread"},{"name":"framework","value":"pytest"},{"name":"language","value":"cpython3"},{"name":"package","value":"TestOrder"},{"name":"resultFormat","value":"allure2"}],"parameters":[],"links":[],"hidden":false,"retry":false,"extra":{"severity":"normal","retries":[],"categories":[{"name":"Test defects","matchedStatuses":[],"flaky":false}],"history":{"statistic":{"failed":0,"broken":3,"skipped":0,"passed":1,"unknown":0,"total":4},"items":[{"uid":"160be076dab3f6fe","status":"broken","statusDetails":"selenium.common.exceptions.TimeoutException: Message: \nStacktrace:\nBacktrace:\n\tGetHandleVerifier [0x00D48893+48451]\n\t(No symbol) [0x00CDB8A1]\n\t(No symbol) [0x00BE5058]\n\t(No symbol) [0x00C10467]\n\t(No symbol) [0x00C1069B]\n\t(No symbol) [0x00C3DD92]\n\t(No symbol) [0x00C2A304]\n\t(No symbol) [0x00C3C482]\n\t(No symbol) [0x00C2A0B6]\n\t(No symbol) [0x00C07E08]\n\t(No symbol) [0x00C08F2D]\n\tGetHandleVerifier [0x00FA8E3A+2540266]\n\tGetHandleVerifier [0x00FE8959+2801161]\n\tGetHandleVerifier [0x00FE295C+2776588]\n\tGetHandleVerifier [0x00DD2280+612144]\n\t(No symbol) [0x00CE4F6C]\n\t(No symbol) [0x00CE11D8]\n\t(No symbol) [0x00CE12BB]\n\t(No symbol) [0x00CD4857]\n\tBaseThreadInitThunk [0x76317D59+25]\n\tRtlInitializeExceptionChain [0x77A4B74B+107]\n\tRtlClearBits [0x77A4B6CF+191]","time":{"start":1684416542517,"stop":1684416570760,"duration":28243}},{"uid":"a8a77411bcd5385b","status":"broken","statusDetails":"selenium.common.exceptions.TimeoutException: Message: \nStacktrace:\nBacktrace:\n\tGetHandleVerifier [0x00248893+48451]\n\t(No symbol) [0x001DB8A1]\n\t(No symbol) [0x000E5058]\n\t(No symbol) [0x00110467]\n\t(No symbol) [0x0011069B]\n\t(No symbol) [0x0013DD92]\n\t(No symbol) [0x0012A304]\n\t(No symbol) [0x0013C482]\n\t(No symbol) [0x0012A0B6]\n\t(No symbol) [0x00107E08]\n\t(No symbol) [0x00108F2D]\n\tGetHandleVerifier [0x004A8E3A+2540266]\n\tGetHandleVerifier [0x004E8959+2801161]\n\tGetHandleVerifier [0x004E295C+2776588]\n\tGetHandleVerifier [0x002D2280+612144]\n\t(No symbol) [0x001E4F6C]\n\t(No symbol) [0x001E11D8]\n\t(No symbol) [0x001E12BB]\n\t(No symbol) [0x001D4857]\n\tBaseThreadInitThunk [0x77647D59+25]\n\tRtlInitializeExceptionChain [0x779EB74B+107]\n\tRtlClearBits [0x779EB6CF+191]\n\t(No symbol) [0x00000000]","time":{"start":1683887280167,"stop":1683887308291,"duration":28124}},{"uid":"7911e13ff81ad54e","status":"passed","time":{"start":1683187342624,"stop":1683187398603,"duration":55979}}]},"tags":[]},"source":"b0bba681de7a9d5.json","parameterValues":[]}