{"uid":"9aa7761b7da8e77b","name":"Create a new Order for existing Customer","fullName":"TestOrder.TestOrder#test_create_order_customer_1___frugal_latido_com_np____Test_123___9860838858___female____Ek__male_____Black_Sheep____38____Silver____Black____No____40___5_6__4_4__5__46__8__12__11__7__1__9___Fit____Test_001____2023_05_29___100900_","historyId":"d3907803b38a7685fec979eeef98d2ad","time":{"start":1683810544362,"stop":1683810571694,"duration":27332},"status":"broken","statusMessage":"selenium.common.exceptions.TimeoutException: Message: \nStacktrace:\nBacktrace:\n\tGetHandleVerifier [0x00E18893+48451]\n\t(No symbol) [0x00DAB8A1]\n\t(No symbol) [0x00CB5058]\n\t(No symbol) [0x00CE0467]\n\t(No symbol) [0x00CE069B]\n\t(No symbol) [0x00D0DD92]\n\t(No symbol) [0x00CFA304]\n\t(No symbol) [0x00D0C482]\n\t(No symbol) [0x00CFA0B6]\n\t(No symbol) [0x00CD7E08]\n\t(No symbol) [0x00CD8F2D]\n\tGetHandleVerifier [0x01078E3A+2540266]\n\tGetHandleVerifier [0x010B8959+2801161]\n\tGetHandleVerifier [0x010B295C+2776588]\n\tGetHandleVerifier [0x00EA2280+612144]\n\t(No symbol) [0x00DB4F6C]\n\t(No symbol) [0x00DB11D8]\n\t(No symbol) [0x00DB12BB]\n\t(No symbol) [0x00DA4857]\n\tBaseThreadInitThunk [0x75F67D59+25]\n\tRtlInitializeExceptionChain [0x7715B74B+107]\n\tRtlClearBits [0x7715B6CF+191]","statusTrace":"self = <TestsCases.TestOrder.TestOrder testMethod=test_create_order_customer_1___frugal_latido_com_np____Test_123___986083885...p____38____Silver____Black____No____40___5_6__4_4__5__46__8__12__11__7__1__9___Fit____Test_001____2023_05_29___100900_>\nusername = 'frugal@latido.com.np', password = 'Test@123', contactNo = 9860838858\ngender = 'female', productname = 'Ek (male)', leatherProfile = 'Black Sheep'\nleatherSize = '38', hardware = 'Silver', lining = 'Black', polyfill = 'No'\nsize = '40', armhole = 5.6, height = 4.4, shoulder = 5, weight = 46, length = 8\narms = 12, hips = 11, chest = 7, waist = 1, sleeves = 9, bodytype = 'Fit'\nremark = 'Test 001', date = '2023-05-29', OTP = 100900\n\n    @allure.title(f\"Create a new Order for existing Customer\")\n    @allure.story(\"Create an Order for existing Customer \")\n    @allure.severity(allure.severity_level.NORMAL)\n    @data(*Utils.read_xlsx(\"../TestData/OrderTestData/orderTestCase.xlsx\", \"forCustomer\"))\n    @unpack\n    def test_create_order_customer(self, username, password, contactNo, gender, productname, leatherProfile,\n                                   leatherSize, hardware, lining, polyfill, size, armhole, height, shoulder, weight,\n                                   length, arms, hips, chest, waist, sleeves, bodytype, remark, date, OTP):\n        self.LoginMethod.nativelogin(self.driver, username, password)\n        test_case_name = f\"Create a new Order for existing Customer : {contactNo} \"\n        try:\n            self.assertEqual(\n>               self.Order.createOrder_Customer(contactNo, gender, productname, leatherProfile, leatherSize, hardware,\n                                                lining, polyfill, size, armhole, height, shoulder, weight, length, arms,\n                                                hips, chest, waist, sleeves, bodytype, remark, date, OTP),\n                \"Order Succesfully Created\", msg=\"Verification Failed to Create a new Order.\")\n\nTestOrder.py:44: \n_ _ _ _ _ _ _ _ _ _ _ _ _ _ _ _ _ _ _ _ _ _ _ _ _ _ _ _ _ _ _ _ _ _ _ _ _ _ _ _\n..\\executions\\OrdersExecutions\\OrderMethods.py:277: in createOrder_Customer\n    self.order.move_next()\n..\\Pages\\Order\\OrderPage.py:70: in move_next\n    return self.wait.until(EC.element_to_be_clickable(self.ClickOnNext)).click()\n_ _ _ _ _ _ _ _ _ _ _ _ _ _ _ _ _ _ _ _ _ _ _ _ _ _ _ _ _ _ _ _ _ _ _ _ _ _ _ _\n\nself = <selenium.webdriver.support.wait.WebDriverWait (session=\"8134a0f59feb6b85996e24ca48144411\")>\nmethod = <function element_to_be_clickable.<locals>._predicate at 0x0000013DA1523E20>\nmessage = ''\n\n    def until(self, method, message: str = \"\"):\n        \"\"\"Calls the method provided with the driver as an argument until the \\\n        return value does not evaluate to ``False``.\n    \n        :param method: callable(WebDriver)\n        :param message: optional message for :exc:`TimeoutException`\n        :returns: the result of the last call to `method`\n        :raises: :exc:`selenium.common.exceptions.TimeoutException` if timeout occurs\n        \"\"\"\n        screen = None\n        stacktrace = None\n    \n        end_time = time.monotonic() + self._timeout\n        while True:\n            try:\n                value = method(self._driver)\n                if value:\n                    return value\n            except self._ignored_exceptions as exc:\n                screen = getattr(exc, \"screen\", None)\n                stacktrace = getattr(exc, \"stacktrace\", None)\n            time.sleep(self._poll)\n            if time.monotonic() > end_time:\n                break\n>       raise TimeoutException(message, screen, stacktrace)\nE       selenium.common.exceptions.TimeoutException: Message: \nE       Stacktrace:\nE       Backtrace:\nE       \tGetHandleVerifier [0x00E18893+48451]\nE       \t(No symbol) [0x00DAB8A1]\nE       \t(No symbol) [0x00CB5058]\nE       \t(No symbol) [0x00CE0467]\nE       \t(No symbol) [0x00CE069B]\nE       \t(No symbol) [0x00D0DD92]\nE       \t(No symbol) [0x00CFA304]\nE       \t(No symbol) [0x00D0C482]\nE       \t(No symbol) [0x00CFA0B6]\nE       \t(No symbol) [0x00CD7E08]\nE       \t(No symbol) [0x00CD8F2D]\nE       \tGetHandleVerifier [0x01078E3A+2540266]\nE       \tGetHandleVerifier [0x010B8959+2801161]\nE       \tGetHandleVerifier [0x010B295C+2776588]\nE       \tGetHandleVerifier [0x00EA2280+612144]\nE       \t(No symbol) [0x00DB4F6C]\nE       \t(No symbol) [0x00DB11D8]\nE       \t(No symbol) [0x00DB12BB]\nE       \t(No symbol) [0x00DA4857]\nE       \tBaseThreadInitThunk [0x75F67D59+25]\nE       \tRtlInitializeExceptionChain [0x7715B74B+107]\nE       \tRtlClearBits [0x7715B6CF+191]\n\n..\\.venv\\lib\\site-packages\\selenium\\webdriver\\support\\wait.py:95: TimeoutException","flaky":false,"newFailed":false,"newBroken":false,"newPassed":false,"retriesCount":0,"retriesStatusChange":false,"beforeStages":[{"name":"_unittest_setUpClass_fixture_TestOrder","time":{"start":1683809541602,"stop":1683809541602,"duration":0},"status":"passed","steps":[],"attachments":[],"parameters":[],"stepsCount":0,"hasContent":false,"shouldDisplayMessage":false,"attachmentsCount":0}],"afterStages":[{"name":"_unittest_setUpClass_fixture_TestOrder::0","time":{"start":1683810997461,"stop":1683810997461,"duration":0},"status":"passed","steps":[],"attachments":[],"parameters":[],"stepsCount":0,"hasContent":false,"shouldDisplayMessage":false,"attachmentsCount":0}],"labels":[{"name":"severity","value":"normal"},{"name":"story","value":"Create an Order for existing Customer "},{"name":"feature","value":"Order List"},{"name":"suite","value":"TestOrder"},{"name":"subSuite","value":"TestOrder"},{"name":"host","value":"0day"},{"name":"thread","value":"6836-MainThread"},{"name":"framework","value":"pytest"},{"name":"language","value":"cpython3"},{"name":"package","value":"TestOrder"},{"name":"resultFormat","value":"allure2"}],"parameters":[],"links":[],"hidden":false,"retry":false,"extra":{"severity":"normal","retries":[],"categories":[{"name":"Test defects","matchedStatuses":[],"flaky":false}],"tags":[]},"source":"9aa7761b7da8e77b.json","parameterValues":[]}