{"uid":"77611151ab2ca373","name":"test_login_newMember_2___UserTest_50____Product_Manager____user_logintest_auto50___9800000022___Siliguri____Test_123__","fullName":"Test_09_MemberManagement.TestMemberManagement#test_login_newMember_2___UserTest_50____Product_Manager____user_logintest_auto50___9800000022___Siliguri____Test_123__","historyId":"32bb2983ae75628605a7fd596d94a4db","time":{"start":1690526118814,"stop":1690526171258,"duration":52444},"description":"Check Loging after creating an user.","descriptionHtml":"<p>Check Loging after creating an user.</p>\n","status":"broken","statusMessage":"selenium.common.exceptions.TimeoutException: Message: \nStacktrace:\nBacktrace:\n\tGetHandleVerifier [0x00F2A813+48355]\n\t(No symbol) [0x00EBC4B1]\n\t(No symbol) [0x00DC5358]\n\t(No symbol) [0x00DF09A5]\n\t(No symbol) [0x00DF0B3B]\n\t(No symbol) [0x00E1E232]\n\t(No symbol) [0x00E0A784]\n\t(No symbol) [0x00E1C922]\n\t(No symbol) [0x00E0A536]\n\t(No symbol) [0x00DE82DC]\n\t(No symbol) [0x00DE93DD]\n\tGetHandleVerifier [0x0118AABD+2539405]\n\tGetHandleVerifier [0x011CA78F+2800735]\n\tGetHandleVerifier [0x011C456C+2775612]\n\tGetHandleVerifier [0x00FB51E0+616112]\n\t(No symbol) [0x00EC5F8C]\n\t(No symbol) [0x00EC2328]\n\t(No symbol) [0x00EC240B]\n\t(No symbol) [0x00EB4FF7]\n\tBaseThreadInitThunk [0x76B37D59+25]\n\tRtlInitializeExceptionChain [0x7776B79B+107]\n\tRtlClearBits [0x7776B71F+191]","statusTrace":"self = <TestsCases.Test_09_MemberManagement.TestMemberManagement testMethod=test_login_newMember_2___UserTest_50____Product_Manager____user_logintest_auto50___9800000022___Siliguri____Test_123__>\nname = 'UserTest-50', role = 'Product Manager', email = 'user_logintest.auto50'\nphone_number = 9800000022, address = 'Siliguri', password = 'Test@123'\n\n    @allure.description(\"Check Loging after creating an user.\")\n    @allure.severity(allure.severity_level.NORMAL)\n    @data(*Utils.read_xlsx(\"../TestData/MemberManagement/TestMemberManagement.xlsx\", \"checkLogin\"))\n    @unpack\n    def test_login_newMember(self, name, role, email, phone_number, address, password):\n        self.LoginMethod.nativelogin(\"frugal@latido.com.np\", \"Test@123\")\n        try:\n            self.assertEqual(self.Member.checkLogin(name, role, email, phone_number, address, password), True,\n                    msg=\"Assertion Failed for Validating Landing Page for member Roles\")\n        except (TimeoutException, NoSuchElementException, Exception) as e:\n            allure.attach(self.driver.get_screenshot_as_png(), name=\"Error_Creating_user\", attachment_type=AttachmentType.PNG)\n>           raise e\n\nTest_09_MemberManagement.py:92: \n_ _ _ _ _ _ _ _ _ _ _ _ _ _ _ _ _ _ _ _ _ _ _ _ _ _ _ _ _ _ _ _ _ _ _ _ _ _ _ _\nTest_09_MemberManagement.py:88: in test_login_newMember\n    self.assertEqual(self.Member.checkLogin(name, role, email, phone_number, address, password), True,\n..\\executions\\MemberExecutions\\MemberMethods.py:167: in checkLogin\n    self.LoginMethod.nativelogin(f\"{email}@latido.com.np\", password)\n..\\executions\\LoginExecutions\\LoginMethods.py:12: in nativelogin\n    self.loginPage.enter_password(password)\n..\\Pages\\Login\\LoginPage.py:59: in enter_password\n    self.BackSpacePassword()\n..\\Pages\\Login\\LoginPage.py:132: in BackSpacePassword\n    self.wait.until(EC.element_to_be_clickable(self.PasswordField)).send_keys(Keys.CONTROL + 'a')\n_ _ _ _ _ _ _ _ _ _ _ _ _ _ _ _ _ _ _ _ _ _ _ _ _ _ _ _ _ _ _ _ _ _ _ _ _ _ _ _\n\nself = <selenium.webdriver.support.wait.WebDriverWait (session=\"a21ecbd1f1cd75d9b68de1244fd243d5\")>\nmethod = <function element_to_be_clickable.<locals>._predicate at 0x000001D75B575000>\nmessage = ''\n\n    def until(self, method, message: str = \"\"):\n        \"\"\"Calls the method provided with the driver as an argument until the \\\n        return value does not evaluate to ``False``.\n    \n        :param method: callable(WebDriver)\n        :param message: optional message for :exc:`TimeoutException`\n        :returns: the result of the last call to `method`\n        :raises: :exc:`selenium.common.exceptions.TimeoutException` if timeout occurs\n        \"\"\"\n        screen = None\n        stacktrace = None\n    \n        end_time = time.monotonic() + self._timeout\n        while True:\n            try:\n                value = method(self._driver)\n                if value:\n                    return value\n            except self._ignored_exceptions as exc:\n                screen = getattr(exc, \"screen\", None)\n                stacktrace = getattr(exc, \"stacktrace\", None)\n            time.sleep(self._poll)\n            if time.monotonic() > end_time:\n                break\n>       raise TimeoutException(message, screen, stacktrace)\nE       selenium.common.exceptions.TimeoutException: Message: \nE       Stacktrace:\nE       Backtrace:\nE       \tGetHandleVerifier [0x00F2A813+48355]\nE       \t(No symbol) [0x00EBC4B1]\nE       \t(No symbol) [0x00DC5358]\nE       \t(No symbol) [0x00DF09A5]\nE       \t(No symbol) [0x00DF0B3B]\nE       \t(No symbol) [0x00E1E232]\nE       \t(No symbol) [0x00E0A784]\nE       \t(No symbol) [0x00E1C922]\nE       \t(No symbol) [0x00E0A536]\nE       \t(No symbol) [0x00DE82DC]\nE       \t(No symbol) [0x00DE93DD]\nE       \tGetHandleVerifier [0x0118AABD+2539405]\nE       \tGetHandleVerifier [0x011CA78F+2800735]\nE       \tGetHandleVerifier [0x011C456C+2775612]\nE       \tGetHandleVerifier [0x00FB51E0+616112]\nE       \t(No symbol) [0x00EC5F8C]\nE       \t(No symbol) [0x00EC2328]\nE       \t(No symbol) [0x00EC240B]\nE       \t(No symbol) [0x00EB4FF7]\nE       \tBaseThreadInitThunk [0x76B37D59+25]\nE       \tRtlInitializeExceptionChain [0x7776B79B+107]\nE       \tRtlClearBits [0x7776B71F+191]\n\n..\\.venv\\lib\\site-packages\\selenium\\webdriver\\support\\wait.py:95: TimeoutException","flaky":false,"newFailed":false,"newBroken":false,"newPassed":false,"retriesCount":0,"retriesStatusChange":false,"beforeStages":[{"name":"_unittest_setUpClass_fixture_TestMemberManagement","time":{"start":1690525870977,"stop":1690525870977,"duration":0},"status":"passed","steps":[],"attachments":[],"parameters":[],"hasContent":false,"stepsCount":0,"attachmentsCount":0,"shouldDisplayMessage":false}],"testStage":{"description":"Check Loging after creating an user.","status":"broken","statusMessage":"selenium.common.exceptions.TimeoutException: Message: \nStacktrace:\nBacktrace:\n\tGetHandleVerifier [0x00F2A813+48355]\n\t(No symbol) [0x00EBC4B1]\n\t(No symbol) [0x00DC5358]\n\t(No symbol) [0x00DF09A5]\n\t(No symbol) [0x00DF0B3B]\n\t(No symbol) [0x00E1E232]\n\t(No symbol) [0x00E0A784]\n\t(No symbol) [0x00E1C922]\n\t(No symbol) [0x00E0A536]\n\t(No symbol) [0x00DE82DC]\n\t(No symbol) [0x00DE93DD]\n\tGetHandleVerifier [0x0118AABD+2539405]\n\tGetHandleVerifier [0x011CA78F+2800735]\n\tGetHandleVerifier [0x011C456C+2775612]\n\tGetHandleVerifier [0x00FB51E0+616112]\n\t(No symbol) [0x00EC5F8C]\n\t(No symbol) [0x00EC2328]\n\t(No symbol) [0x00EC240B]\n\t(No symbol) [0x00EB4FF7]\n\tBaseThreadInitThunk [0x76B37D59+25]\n\tRtlInitializeExceptionChain [0x7776B79B+107]\n\tRtlClearBits [0x7776B71F+191]","statusTrace":"self = <TestsCases.Test_09_MemberManagement.TestMemberManagement testMethod=test_login_newMember_2___UserTest_50____Product_Manager____user_logintest_auto50___9800000022___Siliguri____Test_123__>\nname = 'UserTest-50', role = 'Product Manager', email = 'user_logintest.auto50'\nphone_number = 9800000022, address = 'Siliguri', password = 'Test@123'\n\n    @allure.description(\"Check Loging after creating an user.\")\n    @allure.severity(allure.severity_level.NORMAL)\n    @data(*Utils.read_xlsx(\"../TestData/MemberManagement/TestMemberManagement.xlsx\", \"checkLogin\"))\n    @unpack\n    def test_login_newMember(self, name, role, email, phone_number, address, password):\n        self.LoginMethod.nativelogin(\"frugal@latido.com.np\", \"Test@123\")\n        try:\n            self.assertEqual(self.Member.checkLogin(name, role, email, phone_number, address, password), True,\n                    msg=\"Assertion Failed for Validating Landing Page for member Roles\")\n        except (TimeoutException, NoSuchElementException, Exception) as e:\n            allure.attach(self.driver.get_screenshot_as_png(), name=\"Error_Creating_user\", attachment_type=AttachmentType.PNG)\n>           raise e\n\nTest_09_MemberManagement.py:92: \n_ _ _ _ _ _ _ _ _ _ _ _ _ _ _ _ _ _ _ _ _ _ _ _ _ _ _ _ _ _ _ _ _ _ _ _ _ _ _ _\nTest_09_MemberManagement.py:88: in test_login_newMember\n    self.assertEqual(self.Member.checkLogin(name, role, email, phone_number, address, password), True,\n..\\executions\\MemberExecutions\\MemberMethods.py:167: in checkLogin\n    self.LoginMethod.nativelogin(f\"{email}@latido.com.np\", password)\n..\\executions\\LoginExecutions\\LoginMethods.py:12: in nativelogin\n    self.loginPage.enter_password(password)\n..\\Pages\\Login\\LoginPage.py:59: in enter_password\n    self.BackSpacePassword()\n..\\Pages\\Login\\LoginPage.py:132: in BackSpacePassword\n    self.wait.until(EC.element_to_be_clickable(self.PasswordField)).send_keys(Keys.CONTROL + 'a')\n_ _ _ _ _ _ _ _ _ _ _ _ _ _ _ _ _ _ _ _ _ _ _ _ _ _ _ _ _ _ _ _ _ _ _ _ _ _ _ _\n\nself = <selenium.webdriver.support.wait.WebDriverWait (session=\"a21ecbd1f1cd75d9b68de1244fd243d5\")>\nmethod = <function element_to_be_clickable.<locals>._predicate at 0x000001D75B575000>\nmessage = ''\n\n    def until(self, method, message: str = \"\"):\n        \"\"\"Calls the method provided with the driver as an argument until the \\\n        return value does not evaluate to ``False``.\n    \n        :param method: callable(WebDriver)\n        :param message: optional message for :exc:`TimeoutException`\n        :returns: the result of the last call to `method`\n        :raises: :exc:`selenium.common.exceptions.TimeoutException` if timeout occurs\n        \"\"\"\n        screen = None\n        stacktrace = None\n    \n        end_time = time.monotonic() + self._timeout\n        while True:\n            try:\n                value = method(self._driver)\n                if value:\n                    return value\n            except self._ignored_exceptions as exc:\n                screen = getattr(exc, \"screen\", None)\n                stacktrace = getattr(exc, \"stacktrace\", None)\n            time.sleep(self._poll)\n            if time.monotonic() > end_time:\n                break\n>       raise TimeoutException(message, screen, stacktrace)\nE       selenium.common.exceptions.TimeoutException: Message: \nE       Stacktrace:\nE       Backtrace:\nE       \tGetHandleVerifier [0x00F2A813+48355]\nE       \t(No symbol) [0x00EBC4B1]\nE       \t(No symbol) [0x00DC5358]\nE       \t(No symbol) [0x00DF09A5]\nE       \t(No symbol) [0x00DF0B3B]\nE       \t(No symbol) [0x00E1E232]\nE       \t(No symbol) [0x00E0A784]\nE       \t(No symbol) [0x00E1C922]\nE       \t(No symbol) [0x00E0A536]\nE       \t(No symbol) [0x00DE82DC]\nE       \t(No symbol) [0x00DE93DD]\nE       \tGetHandleVerifier [0x0118AABD+2539405]\nE       \tGetHandleVerifier [0x011CA78F+2800735]\nE       \tGetHandleVerifier [0x011C456C+2775612]\nE       \tGetHandleVerifier [0x00FB51E0+616112]\nE       \t(No symbol) [0x00EC5F8C]\nE       \t(No symbol) [0x00EC2328]\nE       \t(No symbol) [0x00EC240B]\nE       \t(No symbol) [0x00EB4FF7]\nE       \tBaseThreadInitThunk [0x76B37D59+25]\nE       \tRtlInitializeExceptionChain [0x7776B79B+107]\nE       \tRtlClearBits [0x7776B71F+191]\n\n..\\.venv\\lib\\site-packages\\selenium\\webdriver\\support\\wait.py:95: TimeoutException","steps":[],"attachments":[{"uid":"62f8ff48f89624a5","name":"Error_Creating_user","source":"62f8ff48f89624a5.png","type":"image/png","size":129415},{"uid":"1e7e59c47495e6e","name":"log","source":"1e7e59c47495e6e.txt","type":"text/plain","size":889}],"parameters":[],"hasContent":true,"stepsCount":0,"attachmentsCount":2,"shouldDisplayMessage":true},"afterStages":[{"name":"_unittest_setUpClass_fixture_TestMemberManagement::0","time":{"start":1690526449639,"stop":1690526449639,"duration":0},"status":"passed","steps":[],"attachments":[],"parameters":[],"hasContent":false,"stepsCount":0,"attachmentsCount":0,"shouldDisplayMessage":false}],"labels":[{"name":"severity","value":"normal"},{"name":"feature","value":"Member Management"},{"name":"suite","value":"Test_09_MemberManagement"},{"name":"subSuite","value":"TestMemberManagement"},{"name":"host","value":"0day"},{"name":"thread","value":"9280-MainThread"},{"name":"framework","value":"pytest"},{"name":"language","value":"cpython3"},{"name":"package","value":"Test_09_MemberManagement"},{"name":"resultFormat","value":"allure2"}],"parameters":[],"links":[],"hidden":false,"retry":false,"extra":{"severity":"normal","retries":[],"categories":[{"name":"Test defects","matchedStatuses":[],"flaky":false}],"tags":[]},"source":"77611151ab2ca373.json","parameterValues":[]}