{"uid":"1c3e6782f637a44e","name":"test_05_edit_product_subcategory_4___Product_Cat_edit_04____Product_Sub_category_04____Sub_category__Edit__04__","fullName":"Test_12_ProductCategory.TestProductCategory#test_05_edit_product_subcategory_4___Product_Cat_edit_04____Product_Sub_category_04____Sub_category__Edit__04__","historyId":"a763c67c5b9cc0a82fcc38be76fd6da2","time":{"start":1692955312360,"stop":1692955359759,"duration":47399},"description":"To verify edit Product Sub-category. ","descriptionHtml":"<p>To verify edit Product Sub-category.</p>\n","status":"broken","statusMessage":"selenium.common.exceptions.TimeoutException: Message: \nStacktrace:\n\tGetHandleVerifier [0x008037C3+48947]\n\t(No symbol) [0x00798551]\n\t(No symbol) [0x0069C92D]\n\t(No symbol) [0x006C9E38]\n\t(No symbol) [0x006C9EFB]\n\t(No symbol) [0x006F8EF2]\n\t(No symbol) [0x006E50D4]\n\t(No symbol) [0x006F75DA]\n\t(No symbol) [0x006E4E86]\n\t(No symbol) [0x006C16C7]\n\t(No symbol) [0x006C284D]\n\tGetHandleVerifier [0x00A4FDF9+2458985]\n\tGetHandleVerifier [0x00A9744F+2751423]\n\tGetHandleVerifier [0x00A91361+2726609]\n\tGetHandleVerifier [0x00880680+560624]\n\t(No symbol) [0x007A238C]\n\t(No symbol) [0x0079E268]\n\t(No symbol) [0x0079E392]\n\t(No symbol) [0x007910B7]\n\tBaseThreadInitThunk [0x76767BA9+25]\n\tRtlInitializeExceptionChain [0x779BB79B+107]\n\tRtlClearBits [0x779BB71F+191]","statusTrace":"self = <TestsCases.Test_12_ProductCategory.TestProductCategory testMethod=test_05_edit_product_subcategory_4___Product_Cat_edit_04____Product_Sub_category_04____Sub_category__Edit__04__>\nmain_category = 'Product-Cat-edit-04', sub_category = 'Product-Sub-category-04'\nedit_name = 'Sub-category (Edit)-04'\n\n    @allure.description(\"To verify edit Product Sub-category. \")\n    @allure.severity(allure.severity_level.NORMAL)\n    @data(*Utils.read_xlsx(\"../TestData/ProductCategory/TestProductCategory.xlsx\", \"edit_subCategory\"))\n    @unpack\n    def test_05_edit_product_subcategory(self, main_category, sub_category, edit_name):\n        self.LoginMethod.nativelogin(\"frugal@latido.com.np\", \"Test@123\")\n        try:\n            self.assertEqual(self.category.test_edit_Subcategory(main_category, sub_category, edit_name), True,\n                             msg=\"Verify Failed to edit Product SUb-category page\")\n        # Checking if assertion failed\n        except (NoSuchElementException, AssertionError, TimeoutException, AttributeError) as e:\n            allure.attach(self.driver.get_screenshot_as_png(), name=\"verify_Product_Category\",\n                          attachment_type=AttachmentType.PNG)\n>           raise e\n\nTest_12_ProductCategory.py:103: \n_ _ _ _ _ _ _ _ _ _ _ _ _ _ _ _ _ _ _ _ _ _ _ _ _ _ _ _ _ _ _ _ _ _ _ _ _ _ _ _\nTest_12_ProductCategory.py:97: in test_05_edit_product_subcategory\n    self.assertEqual(self.category.test_edit_Subcategory(main_category, sub_category, edit_name), True,\n..\\executions\\ProductCategoryExecutions\\ProductCategoryMethod.py:80: in test_edit_Subcategory\n    self.Category.clear(self.Category.CATEGORY_NAME)\n..\\Pages\\ProductCategory\\ProductCategoryPage.py:56: in clear\n    self.wait.until(EC.element_to_be_clickable(locator)).send_keys(Keys.CONTROL + 'a')\n_ _ _ _ _ _ _ _ _ _ _ _ _ _ _ _ _ _ _ _ _ _ _ _ _ _ _ _ _ _ _ _ _ _ _ _ _ _ _ _\n\nself = <selenium.webdriver.support.wait.WebDriverWait (session=\"b72e72473efa252d0bd4b8801cfa8926\")>\nmethod = <function element_to_be_clickable.<locals>._predicate at 0x000001C01E4C5B40>\nmessage = ''\n\n    def until(self, method, message: str = \"\"):\n        \"\"\"Calls the method provided with the driver as an argument until the \\\n        return value does not evaluate to ``False``.\n    \n        :param method: callable(WebDriver)\n        :param message: optional message for :exc:`TimeoutException`\n        :returns: the result of the last call to `method`\n        :raises: :exc:`selenium.common.exceptions.TimeoutException` if timeout occurs\n        \"\"\"\n        screen = None\n        stacktrace = None\n    \n        end_time = time.monotonic() + self._timeout\n        while True:\n            try:\n                value = method(self._driver)\n                if value:\n                    return value\n            except self._ignored_exceptions as exc:\n                screen = getattr(exc, \"screen\", None)\n                stacktrace = getattr(exc, \"stacktrace\", None)\n            time.sleep(self._poll)\n            if time.monotonic() > end_time:\n                break\n>       raise TimeoutException(message, screen, stacktrace)\nE       selenium.common.exceptions.TimeoutException: Message: \nE       Stacktrace:\nE       \tGetHandleVerifier [0x008037C3+48947]\nE       \t(No symbol) [0x00798551]\nE       \t(No symbol) [0x0069C92D]\nE       \t(No symbol) [0x006C9E38]\nE       \t(No symbol) [0x006C9EFB]\nE       \t(No symbol) [0x006F8EF2]\nE       \t(No symbol) [0x006E50D4]\nE       \t(No symbol) [0x006F75DA]\nE       \t(No symbol) [0x006E4E86]\nE       \t(No symbol) [0x006C16C7]\nE       \t(No symbol) [0x006C284D]\nE       \tGetHandleVerifier [0x00A4FDF9+2458985]\nE       \tGetHandleVerifier [0x00A9744F+2751423]\nE       \tGetHandleVerifier [0x00A91361+2726609]\nE       \tGetHandleVerifier [0x00880680+560624]\nE       \t(No symbol) [0x007A238C]\nE       \t(No symbol) [0x0079E268]\nE       \t(No symbol) [0x0079E392]\nE       \t(No symbol) [0x007910B7]\nE       \tBaseThreadInitThunk [0x76767BA9+25]\nE       \tRtlInitializeExceptionChain [0x779BB79B+107]\nE       \tRtlClearBits [0x779BB71F+191]\n\n..\\.venv\\lib\\site-packages\\selenium\\webdriver\\support\\wait.py:95: TimeoutException","flaky":false,"newFailed":false,"newBroken":false,"newPassed":false,"retriesCount":0,"retriesStatusChange":false,"beforeStages":[{"name":"_unittest_setUpClass_fixture_TestProductCategory","time":{"start":1692955186803,"stop":1692955186803,"duration":0},"status":"passed","steps":[],"attachments":[],"parameters":[],"shouldDisplayMessage":false,"attachmentsCount":0,"stepsCount":0,"hasContent":false}],"testStage":{"description":"To verify edit Product Sub-category. ","status":"broken","statusMessage":"selenium.common.exceptions.TimeoutException: Message: \nStacktrace:\n\tGetHandleVerifier [0x008037C3+48947]\n\t(No symbol) [0x00798551]\n\t(No symbol) [0x0069C92D]\n\t(No symbol) [0x006C9E38]\n\t(No symbol) [0x006C9EFB]\n\t(No symbol) [0x006F8EF2]\n\t(No symbol) [0x006E50D4]\n\t(No symbol) [0x006F75DA]\n\t(No symbol) [0x006E4E86]\n\t(No symbol) [0x006C16C7]\n\t(No symbol) [0x006C284D]\n\tGetHandleVerifier [0x00A4FDF9+2458985]\n\tGetHandleVerifier [0x00A9744F+2751423]\n\tGetHandleVerifier [0x00A91361+2726609]\n\tGetHandleVerifier [0x00880680+560624]\n\t(No symbol) [0x007A238C]\n\t(No symbol) [0x0079E268]\n\t(No symbol) [0x0079E392]\n\t(No symbol) [0x007910B7]\n\tBaseThreadInitThunk [0x76767BA9+25]\n\tRtlInitializeExceptionChain [0x779BB79B+107]\n\tRtlClearBits [0x779BB71F+191]","statusTrace":"self = <TestsCases.Test_12_ProductCategory.TestProductCategory testMethod=test_05_edit_product_subcategory_4___Product_Cat_edit_04____Product_Sub_category_04____Sub_category__Edit__04__>\nmain_category = 'Product-Cat-edit-04', sub_category = 'Product-Sub-category-04'\nedit_name = 'Sub-category (Edit)-04'\n\n    @allure.description(\"To verify edit Product Sub-category. \")\n    @allure.severity(allure.severity_level.NORMAL)\n    @data(*Utils.read_xlsx(\"../TestData/ProductCategory/TestProductCategory.xlsx\", \"edit_subCategory\"))\n    @unpack\n    def test_05_edit_product_subcategory(self, main_category, sub_category, edit_name):\n        self.LoginMethod.nativelogin(\"frugal@latido.com.np\", \"Test@123\")\n        try:\n            self.assertEqual(self.category.test_edit_Subcategory(main_category, sub_category, edit_name), True,\n                             msg=\"Verify Failed to edit Product SUb-category page\")\n        # Checking if assertion failed\n        except (NoSuchElementException, AssertionError, TimeoutException, AttributeError) as e:\n            allure.attach(self.driver.get_screenshot_as_png(), name=\"verify_Product_Category\",\n                          attachment_type=AttachmentType.PNG)\n>           raise e\n\nTest_12_ProductCategory.py:103: \n_ _ _ _ _ _ _ _ _ _ _ _ _ _ _ _ _ _ _ _ _ _ _ _ _ _ _ _ _ _ _ _ _ _ _ _ _ _ _ _\nTest_12_ProductCategory.py:97: in test_05_edit_product_subcategory\n    self.assertEqual(self.category.test_edit_Subcategory(main_category, sub_category, edit_name), True,\n..\\executions\\ProductCategoryExecutions\\ProductCategoryMethod.py:80: in test_edit_Subcategory\n    self.Category.clear(self.Category.CATEGORY_NAME)\n..\\Pages\\ProductCategory\\ProductCategoryPage.py:56: in clear\n    self.wait.until(EC.element_to_be_clickable(locator)).send_keys(Keys.CONTROL + 'a')\n_ _ _ _ _ _ _ _ _ _ _ _ _ _ _ _ _ _ _ _ _ _ _ _ _ _ _ _ _ _ _ _ _ _ _ _ _ _ _ _\n\nself = <selenium.webdriver.support.wait.WebDriverWait (session=\"b72e72473efa252d0bd4b8801cfa8926\")>\nmethod = <function element_to_be_clickable.<locals>._predicate at 0x000001C01E4C5B40>\nmessage = ''\n\n    def until(self, method, message: str = \"\"):\n        \"\"\"Calls the method provided with the driver as an argument until the \\\n        return value does not evaluate to ``False``.\n    \n        :param method: callable(WebDriver)\n        :param message: optional message for :exc:`TimeoutException`\n        :returns: the result of the last call to `method`\n        :raises: :exc:`selenium.common.exceptions.TimeoutException` if timeout occurs\n        \"\"\"\n        screen = None\n        stacktrace = None\n    \n        end_time = time.monotonic() + self._timeout\n        while True:\n            try:\n                value = method(self._driver)\n                if value:\n                    return value\n            except self._ignored_exceptions as exc:\n                screen = getattr(exc, \"screen\", None)\n                stacktrace = getattr(exc, \"stacktrace\", None)\n            time.sleep(self._poll)\n            if time.monotonic() > end_time:\n                break\n>       raise TimeoutException(message, screen, stacktrace)\nE       selenium.common.exceptions.TimeoutException: Message: \nE       Stacktrace:\nE       \tGetHandleVerifier [0x008037C3+48947]\nE       \t(No symbol) [0x00798551]\nE       \t(No symbol) [0x0069C92D]\nE       \t(No symbol) [0x006C9E38]\nE       \t(No symbol) [0x006C9EFB]\nE       \t(No symbol) [0x006F8EF2]\nE       \t(No symbol) [0x006E50D4]\nE       \t(No symbol) [0x006F75DA]\nE       \t(No symbol) [0x006E4E86]\nE       \t(No symbol) [0x006C16C7]\nE       \t(No symbol) [0x006C284D]\nE       \tGetHandleVerifier [0x00A4FDF9+2458985]\nE       \tGetHandleVerifier [0x00A9744F+2751423]\nE       \tGetHandleVerifier [0x00A91361+2726609]\nE       \tGetHandleVerifier [0x00880680+560624]\nE       \t(No symbol) [0x007A238C]\nE       \t(No symbol) [0x0079E268]\nE       \t(No symbol) [0x0079E392]\nE       \t(No symbol) [0x007910B7]\nE       \tBaseThreadInitThunk [0x76767BA9+25]\nE       \tRtlInitializeExceptionChain [0x779BB79B+107]\nE       \tRtlClearBits [0x779BB71F+191]\n\n..\\.venv\\lib\\site-packages\\selenium\\webdriver\\support\\wait.py:95: TimeoutException","steps":[],"attachments":[{"uid":"b88ea27309c1b378","name":"verify_Product_Category","source":"b88ea27309c1b378.png","type":"image/png","size":48260},{"uid":"412e9086cc4292c3","name":"log","source":"412e9086cc4292c3.txt","type":"text/plain","size":789}],"parameters":[],"shouldDisplayMessage":true,"attachmentsCount":2,"stepsCount":0,"hasContent":true},"afterStages":[{"name":"_unittest_setUpClass_fixture_TestProductCategory::0","time":{"start":1692955383047,"stop":1692955383047,"duration":0},"status":"passed","steps":[],"attachments":[],"parameters":[],"shouldDisplayMessage":false,"attachmentsCount":0,"stepsCount":0,"hasContent":false}],"labels":[{"name":"severity","value":"normal"},{"name":"feature","value":"Product Category"},{"name":"suite","value":"Test_12_ProductCategory"},{"name":"subSuite","value":"TestProductCategory"},{"name":"host","value":"0day"},{"name":"thread","value":"8508-MainThread"},{"name":"framework","value":"pytest"},{"name":"language","value":"cpython3"},{"name":"package","value":"Test_12_ProductCategory"},{"name":"resultFormat","value":"allure2"}],"parameters":[],"links":[],"hidden":false,"retry":false,"extra":{"severity":"normal","retries":[],"categories":[{"name":"Test defects","matchedStatuses":[],"flaky":false}],"tags":[]},"source":"1c3e6782f637a44e.json","parameterValues":[]}