{"uid":"c8690d4940ba3f93","name":"Checking Order synchronization after creating a new customer order ","fullName":"TestOrder.TestOrder#test_check_order_synchronization_for_Customer_1___frugal_latido_com_np____Test_123___9860838858___female____Ek__male_____Black_Sheep____38____Silver____Black____No____40___5_6__4_4__5__46__8__12__11__7__1__9___Fit____Test_001____2023_05_29___100900_","historyId":"4a8d297691bc91bb3b8583184a978f74","time":{"start":1684415596039,"stop":1684415624402,"duration":28363},"status":"broken","statusMessage":"selenium.common.exceptions.TimeoutException: Message: \nStacktrace:\nBacktrace:\n\tGetHandleVerifier [0x00D48893+48451]\n\t(No symbol) [0x00CDB8A1]\n\t(No symbol) [0x00BE5058]\n\t(No symbol) [0x00C10467]\n\t(No symbol) [0x00C1069B]\n\t(No symbol) [0x00C3DD92]\n\t(No symbol) [0x00C2A304]\n\t(No symbol) [0x00C3C482]\n\t(No symbol) [0x00C2A0B6]\n\t(No symbol) [0x00C07E08]\n\t(No symbol) [0x00C08F2D]\n\tGetHandleVerifier [0x00FA8E3A+2540266]\n\tGetHandleVerifier [0x00FE8959+2801161]\n\tGetHandleVerifier [0x00FE295C+2776588]\n\tGetHandleVerifier [0x00DD2280+612144]\n\t(No symbol) [0x00CE4F6C]\n\t(No symbol) [0x00CE11D8]\n\t(No symbol) [0x00CE12BB]\n\t(No symbol) [0x00CD4857]\n\tBaseThreadInitThunk [0x76317D59+25]\n\tRtlInitializeExceptionChain [0x77A4B74B+107]\n\tRtlClearBits [0x77A4B6CF+191]","statusTrace":"self = <TestsCases.TestOrder.TestOrder testMethod=test_check_order_synchronization_for_Customer_1___frugal_latido_com_np____T...p____38____Silver____Black____No____40___5_6__4_4__5__46__8__12__11__7__1__9___Fit____Test_001____2023_05_29___100900_>\nusername = 'frugal@latido.com.np', password = 'Test@123', contactNo = 9860838858\ngender = 'female', productname = 'Ek (male)', leatherProfile = 'Black Sheep'\nleatherSize = '38', hardware = 'Silver', lining = 'Black', polyfill = 'No'\nsize = '40', armhole = 5.6, height = 4.4, shoulder = 5, weight = 46, length = 8\narms = 12, hips = 11, chest = 7, waist = 1, sleeves = 9, bodytype = 'Fit'\nremark = 'Test 001', date = '2023-05-29', OTP = 100900\n\n    @allure.title(\"Checking Order synchronization after creating a new customer order \")\n    @allure.story(\"Checking Order synchronization after creating a new \")\n    @allure.severity(allure.severity_level.NORMAL)\n    @data(*Utils.read_xlsx(\"../TestData/OrderTestData/orderTestCase.xlsx\", \"forSync\"))\n    @unpack\n    def test_check_order_synchronization_for_Customer(self, username, password, contactNo, gender, productname, leatherProfile,\n                                   leatherSize, hardware, lining, polyfill, size, armhole, height, shoulder, weight,\n                                   length, arms, hips, chest, waist, sleeves, bodytype, remark, date, OTP):\n        self.LoginMethod.nativelogin(self.driver, username, password)\n        try:\n            self.assertEqual(\n>               self.Order.navigate_to_customer_order_list(contactNo, gender, productname, leatherProfile, leatherSize, hardware,\n                                                lining, polyfill, size, armhole, height, shoulder, weight, length, arms,\n                                                hips, chest, waist, sleeves, bodytype, remark, date, OTP), True,\n                msg=\"Verification Failed to Create a new user.\")\n\nTestOrder.py:116: \n_ _ _ _ _ _ _ _ _ _ _ _ _ _ _ _ _ _ _ _ _ _ _ _ _ _ _ _ _ _ _ _ _ _ _ _ _ _ _ _\n..\\executions\\OrdersExecutions\\OrderMethods.py:337: in navigate_to_customer_order_list\n    self.createOrder_Customer(contactNo, gender, productname, leatherProfile, leatherSize, hardware,\n..\\executions\\OrdersExecutions\\OrderMethods.py:277: in createOrder_Customer\n    self.order.move_next()\n..\\Pages\\Order\\OrderPage.py:70: in move_next\n    return self.wait.until(EC.element_to_be_clickable(self.ClickOnNext)).click()\n_ _ _ _ _ _ _ _ _ _ _ _ _ _ _ _ _ _ _ _ _ _ _ _ _ _ _ _ _ _ _ _ _ _ _ _ _ _ _ _\n\nself = <selenium.webdriver.support.wait.WebDriverWait (session=\"30eb68949f8f5fc0fd0b51a11de1696e\")>\nmethod = <function element_to_be_clickable.<locals>._predicate at 0x0000016E5916EB90>\nmessage = ''\n\n    def until(self, method, message: str = \"\"):\n        \"\"\"Calls the method provided with the driver as an argument until the \\\n        return value does not evaluate to ``False``.\n    \n        :param method: callable(WebDriver)\n        :param message: optional message for :exc:`TimeoutException`\n        :returns: the result of the last call to `method`\n        :raises: :exc:`selenium.common.exceptions.TimeoutException` if timeout occurs\n        \"\"\"\n        screen = None\n        stacktrace = None\n    \n        end_time = time.monotonic() + self._timeout\n        while True:\n            try:\n                value = method(self._driver)\n                if value:\n                    return value\n            except self._ignored_exceptions as exc:\n                screen = getattr(exc, \"screen\", None)\n                stacktrace = getattr(exc, \"stacktrace\", None)\n            time.sleep(self._poll)\n            if time.monotonic() > end_time:\n                break\n>       raise TimeoutException(message, screen, stacktrace)\nE       selenium.common.exceptions.TimeoutException: Message: \nE       Stacktrace:\nE       Backtrace:\nE       \tGetHandleVerifier [0x00D48893+48451]\nE       \t(No symbol) [0x00CDB8A1]\nE       \t(No symbol) [0x00BE5058]\nE       \t(No symbol) [0x00C10467]\nE       \t(No symbol) [0x00C1069B]\nE       \t(No symbol) [0x00C3DD92]\nE       \t(No symbol) [0x00C2A304]\nE       \t(No symbol) [0x00C3C482]\nE       \t(No symbol) [0x00C2A0B6]\nE       \t(No symbol) [0x00C07E08]\nE       \t(No symbol) [0x00C08F2D]\nE       \tGetHandleVerifier [0x00FA8E3A+2540266]\nE       \tGetHandleVerifier [0x00FE8959+2801161]\nE       \tGetHandleVerifier [0x00FE295C+2776588]\nE       \tGetHandleVerifier [0x00DD2280+612144]\nE       \t(No symbol) [0x00CE4F6C]\nE       \t(No symbol) [0x00CE11D8]\nE       \t(No symbol) [0x00CE12BB]\nE       \t(No symbol) [0x00CD4857]\nE       \tBaseThreadInitThunk [0x76317D59+25]\nE       \tRtlInitializeExceptionChain [0x77A4B74B+107]\nE       \tRtlClearBits [0x77A4B6CF+191]\n\n..\\.venv\\lib\\site-packages\\selenium\\webdriver\\support\\wait.py:95: TimeoutException","flaky":false,"newFailed":false,"newBroken":false,"newPassed":false,"retriesCount":0,"retriesStatusChange":false,"beforeStages":[{"name":"_unittest_setUpClass_fixture_TestOrder","time":{"start":1684415461436,"stop":1684415461436,"duration":0},"status":"passed","steps":[],"attachments":[],"parameters":[],"attachmentsCount":0,"shouldDisplayMessage":false,"hasContent":false,"stepsCount":0}],"afterStages":[{"name":"_unittest_setUpClass_fixture_TestOrder::0","time":{"start":1684417013150,"stop":1684417013150,"duration":0},"status":"passed","steps":[],"attachments":[],"parameters":[],"attachmentsCount":0,"shouldDisplayMessage":false,"hasContent":false,"stepsCount":0}],"labels":[{"name":"severity","value":"normal"},{"name":"story","value":"Checking Order synchronization after creating a new "},{"name":"feature","value":"Order List"},{"name":"suite","value":"TestOrder"},{"name":"subSuite","value":"TestOrder"},{"name":"host","value":"0day"},{"name":"thread","value":"9804-MainThread"},{"name":"framework","value":"pytest"},{"name":"language","value":"cpython3"},{"name":"package","value":"TestOrder"},{"name":"resultFormat","value":"allure2"}],"parameters":[],"links":[],"hidden":false,"retry":false,"extra":{"severity":"normal","retries":[],"categories":[{"name":"Test defects","matchedStatuses":[],"flaky":false}],"history":{"statistic":{"failed":0,"broken":2,"skipped":0,"passed":0,"unknown":0,"total":2},"items":[{"uid":"a9ee27871ee39539","status":"broken","statusDetails":"selenium.common.exceptions.TimeoutException: Message: \nStacktrace:\nBacktrace:\n\tGetHandleVerifier [0x00248893+48451]\n\t(No symbol) [0x001DB8A1]\n\t(No symbol) [0x000E5058]\n\t(No symbol) [0x00110467]\n\t(No symbol) [0x0011069B]\n\t(No symbol) [0x0013DD92]\n\t(No symbol) [0x0012A304]\n\t(No symbol) [0x0013C482]\n\t(No symbol) [0x0012A0B6]\n\t(No symbol) [0x00107E08]\n\t(No symbol) [0x00108F2D]\n\tGetHandleVerifier [0x004A8E3A+2540266]\n\tGetHandleVerifier [0x004E8959+2801161]\n\tGetHandleVerifier [0x004E295C+2776588]\n\tGetHandleVerifier [0x002D2280+612144]\n\t(No symbol) [0x001E4F6C]\n\t(No symbol) [0x001E11D8]\n\t(No symbol) [0x001E12BB]\n\t(No symbol) [0x001D4857]\n\tBaseThreadInitThunk [0x77647D59+25]\n\tRtlInitializeExceptionChain [0x779EB74B+107]\n\tRtlClearBits [0x779EB6CF+191]\n\t(No symbol) [0x00000000]","time":{"start":1683886381986,"stop":1683886409060,"duration":27074}}]},"tags":[]},"source":"c8690d4940ba3f93.json","parameterValues":[]}